%%%%%%%%%%%%%%%%%%%%%%%%%%%%%%%%%%%%%%%%%%%%%%%%%%%%%%%%%%%%%%%%%%%%%%%%%%%%%%%%
                          S u m m a r y   R e p o r t
%%%%%%%%%%%%%%%%%%%%%%%%%%%%%%%%%%%%%%%%%%%%%%%%%%%%%%%%%%%%%%%%%%%%%%%%%%%%%%%%

Compilation
-----------
File     : /lus/scratch/p02128/work/MiniGhost/source/MG_ALLREDUCE.F
Compiled : 10/31/18  05:23:45
Compiler : Version 8.7.6
Ftnlx    : Version 8503 (libcif 85008)
Target   : x86-64
Command  : ftn_driver.exe -hcpu=broadwell -hstatic -D__CRAYXC
           -D__CRAY_BROADWELL -D__CRAYXT_COMPUTE_LINUX_TARGET -hnetwork=aries
           -D_MG_MPI -D_MG_INT4 -D_MG_REAL8 -ffree -hlist=a -c MG_ALLREDUCE.F
           -I/opt/cray/pe/cce/8.7.6/cce/x86_64/include/craylibs -I/usr/include
           -I/usr/include -I/opt/cray/pe/mpt/7.7.3/gni/mpich-cray/8.6/include
           -I/opt/cray/pe/libsci/18.07.1/CRAY/8.6/x86_64/include
           -I/opt/cray/rca/2.2.18-6.0.7.0_33.3__g2aa4f39.ari/include
           -I/opt/cray/pe/pmi/5.0.14/include
           -I/opt/cray/xpmem/2.2.15-6.0.7.0_35.11__g7549d06.ari/include
           -I/opt/cray/dmapp/7.1.1-6.0.7.0_34.3__g5a674e0.ari/include
           -I/opt/cray/gni-headers/5.0.12.0-6.0.7.0_24.1__g3b1768f.ari/include
           -I/opt/cray/ugni/6.0.14.0-6.0.7.0_23.1__gea11d3d.ari/include
           -I/opt/cray/udreg/2.3.2-6.0.7.0_33.18__g5196236.ari/include
           -I/opt/cray/alps/6.6.43-6.0.7.0_26.4__ga796da3.ari/include
           -I/opt/cray/wlm_detect/1.3.3-6.0.7.0_47.2__g7109084.ari/include
           -I/opt/cray/krca/2.2.4-6.0.7.0_32.3__g8505b97.ari/include
           -I/opt/cray-hss-devel/8.0.0/include
Program
  Units  : MG_ALLREDUCE_MOD

ftnlx report
------------
Source   : /lus/scratch/p02128/work/MiniGhost/source/MG_ALLREDUCE.F
Date     : 10/31/2018  05:23:45


%%%%%%%%%%%%%%%%%%%%%%%%%%%%%%%%%%%%%%%%%%%%%%%%%%%%%%%%%%%%%%%%%%%%%%%%%%%%%%%%
                          O p t i o n s   R e p o r t
%%%%%%%%%%%%%%%%%%%%%%%%%%%%%%%%%%%%%%%%%%%%%%%%%%%%%%%%%%%%%%%%%%%%%%%%%%%%%%%%

Options :  -O cache2,scalar2,thread2,vector2,mpi0,modinline,ipa3,noaggress
           -O autoprefetch,noautothread,fusion2,nomsgs,nonegmsgs,nooverindex
           -O pattern,shortcircuit2,unroll2,nozeroinc
           -h noadd_paren,align_arrays,nobounds,caf,noconcurrent,nocontiguous
           -h nocontiguous_assumed_shape,fma,nofp_trap,nofunc_trace,noomp_analyz
           e
           -h noomp_trace,nopat_trace
           -h safe_addr,thread_do_concurrent,fp2=approx,flex_mp=default         
           -h alias=default:standard_restrict         
           -h static (or -static)
           -h omp,noacc
           -h cpu=x86-64,broadwell
           -h network=aries
           -K trap=none
           -s default32
           -eh
           -d abcdefgijmopqsvwzACEFIPQRST0
           -e nBDZ 
           -f free
           -m3
           -S /lus/scratch/tmp/pe_5344/MG_ALLREDUCE_1.s


%%%%%%%%%%%%%%%%%%%%%%%%%%%%%%%%%%%%%%%%%%%%%%%%%%%%%%%%%%%%%%%%%%%%%%%%%%%%%%%%
                          S o u r c e   L i s t i n g
%%%%%%%%%%%%%%%%%%%%%%%%%%%%%%%%%%%%%%%%%%%%%%%%%%%%%%%%%%%%%%%%%%%%%%%%%%%%%%%%


     %%%    L o o p m a r k   L e g e n d    %%%

     Primary Loop Type        Modifiers
     ------- ---- ----        ---------
     A - Pattern matched      a - atomic memory operation
                              b - blocked
     C - Collapsed            c - conditional and/or computed
     D - Deleted               
     E - Cloned                
     F - Flat - No calls      f - fused
     G - Accelerated          g - partitioned
     I - Inlined              i - interchanged
     M - Multithreaded        m - partitioned
                              n - non-blocking remote transfer
                              p - partial
     R - Rerolling            r - unrolled
                              s - shortloop
     V - Vectorized           w - unwound

     + - More messages listed at end of listing
     ------------------------------------------


    1.                 ! ************************************************************************
    2.                 !
    3.                 !               miniGhost: stencil computations with boundary exchange.
    4.                 !                 Copyright (2012) Sandia Corporation
    5.                 !
    6.                 ! Under terms of Contract DE-AC04-94AL85000, there is a non-exclusive
    7.                 ! license for use of this work by or on behalf of the U.S. Government.
    8.                 !
    9.                 ! This library is free software; you can redistribute it and/or modify
   10.                 ! it under the terms of the GNU Lesser General Public License as
   11.                 ! published by the Free Software Foundation; either version 2.1 of the
   12.                 ! License, or (at your option) any later version.
   13.                 !
   14.                 ! This library is distributed in the hope that it will be useful, but
   15.                 ! WITHOUT ANY WARRANTY; without even the implied warranty of
   16.                 ! MERCHANTABILITY or FITNESS FOR A PARTICULAR PURPOSE.  See the GNU
   17.                 ! Lesser General Public License for more details.
   18.                 !
   19.                 ! You should have received a copy of the GNU Lesser General Public
   20.                 ! License along with this library; if not, write to the Free Software
   21.                 ! Foundation, Inc., 59 Temple Place, Suite 330, Boston, MA 02111-1307
   22.                 ! USA
   23.                 ! Questions? Contact Richard F. Barrett (rfbarre@sandia.gov) or
   24.                 !                    Michael A. Heroux (maherou@sandia.gov)
   25.                 !
   26.                 ! ************************************************************************
   27.                 
   28.                 MODULE MG_ALLREDUCE_MOD
   29.                 
   30.                    ! Purpose
   31.                    ! =======
   32.                    ! Summation of the grid elements in GRID_IN.
   33.                 
   34.                    USE MG_CONSTANTS_MOD
   35.                    USE MG_UTILS_MOD
   36.                    USE MG_PROFILING_MOD
   37.                 
   38.                    IMPLICIT NONE
   39.                 
   40.                 CONTAINS
   41.                 
   42.                    SUBROUTINE MG_ALLREDUCE_SUM ( IVAR, GRID_IN, GSUM, IERR )
   43.                 
   44.                       ! ---------------------
   45.                       ! Argument Declarations
   46.                       ! ---------------------
   47.                 
   48.                       INTEGER, INTENT(IN) :: &
   49.                          IVAR
   50.                 
   51.                       REAL(KIND=MG_REAL), DIMENSION(0:NX+1, 0:NY+1, 0:NZ+1), INTENT(INOUT) :: &
   52.                          GRID_IN
   53.                 
   54.                       REAL(KIND=MG_REAL), INTENT(OUT) :: &
   55.                          GSUM                                ! Global value.
   56.                 
   57.                       INTEGER, INTENT(OUT) :: &
   58.                          IERR           ! Return status
   59.                 
   60.                       ! ------------------
   61.                       ! Local Declarations
   62.                       ! ------------------
   63.                 
   64.                       REAL(KIND=MG_REAL) :: &
   65.                          LSUM                 ! Local GRID sum.
   66.                       REAL(KIND=MG_REAL) :: gflux
   67.                 
   68.                       REAL(KIND=MG_REAL8) ::      &
   69.                          TIME_START           ! Timer.
   70.                 
   71.                       INTEGER :: &
   72.                          I, J, K              ! Counters
   73.                 
   74.                       ! ---------------------
   75.                       ! Executable Statements
   76.                       ! ---------------------
   77.                 
   78.                       IERR = 0
   79.                 
   80.  +                    TIME_START = MG_TIMER ()
   81.                       LSUM = 0.0
   82.    M----------< !$OMP PARALLEL DO REDUCTION(+: LSUM)
   83.  + M m--------<       DO K = 1, NZ
   84.  + M m 3------<          DO J = 1, NY
   85.    M m 3 Vr4--<             DO I = 1, NX
   86.    M m 3 Vr4                   LSUM = LSUM + GRID_IN(I, J, K)
   87.    M m 3 Vr4-->             END DO
   88.    M m 3------>          END DO
   89.    M m-------->       END DO
   90.    M----------> !$OMP END PARALLEL DO
   91.                 
   92.                       LSUM = LSUM + FLUX_OUT(IVAR)
   93.                 
   94.  +                    MG_PERF%TIME_SUMGRID_COMP_PE = MG_PERF%TIME_SUMGRID_COMP_PE + MG_TIMER () - TIME_START
   95.                 
   96.                 #if defined _MG_MPI
   97.  +                    TIME_START = MG_TIMER()
   98.  +                    CALL MPI_ALLREDUCE ( LSUM, GSUM,  1, MG_MPI_REAL, MPI_SUM, MPI_COMM_MG, IERR )
   99.                 
  100.  +                    MG_PERF%TIME_SUMGRID_COMM_PE = MG_PERF%TIME_SUMGRID_COMM_PE + MG_TIMER () - TIME_START
  101.                 
  102.                       MG_PERF%NUM_ALLREDUCES = MG_PERF%NUM_ALLREDUCES + 1
  103.                       MG_PERF%ALLREDUCE_COUNT = MG_PERF%ALLREDUCE_COUNT + 1
  104.                 
  105.                       MG_PERF%ALLREDUCE_COUNT_MAX = 1
  106.                       MG_PERF%ALLREDUCE_COUNT_MIN = 1
  107.                 #else
  108.    D                  GSUM = LSUM
  109.                 #endif
  110.                 
  111.                    END SUBROUTINE MG_ALLREDUCE_SUM
ftn-5002 ftn: NOTE MG_ALLREDUCE_SUM, File = MG_ALLREDUCE.F, Line = 111 
  Local variable "GFLUX" is declared but neither defined nor used.

  112.                 
  113.                 END MODULE MG_ALLREDUCE_MOD

ftn-3118 ftn: IPA MG_ALLREDUCE_SUM, File = MG_ALLREDUCE.F, Line = 80, Column = 20 
  "mg_timer" (called from "mg_allreduce_sum") was not inlined because the call site will not flatten.  "mpi_wtime_" is missing.

ftn-6823 ftn: THREAD MG_ALLREDUCE_SUM, File = MG_ALLREDUCE.F, Line = 82 
  A region starting at line 82 and ending at line 90 was multi-threaded.

ftn-6294 ftn: VECTOR MG_ALLREDUCE_SUM, File = MG_ALLREDUCE.F, Line = 83 
  A loop starting at line 83 was not vectorized because a better candidate was found at line 85.

ftn-6817 ftn: THREAD MG_ALLREDUCE_SUM, File = MG_ALLREDUCE.F, Line = 83 
  A loop starting at line 83 was partitioned.

ftn-6294 ftn: VECTOR MG_ALLREDUCE_SUM, File = MG_ALLREDUCE.F, Line = 84 
  A loop starting at line 84 was not vectorized because a better candidate was found at line 85.

ftn-6005 ftn: SCALAR MG_ALLREDUCE_SUM, File = MG_ALLREDUCE.F, Line = 85 
  A loop starting at line 85 was unrolled 4 times.

ftn-6204 ftn: VECTOR MG_ALLREDUCE_SUM, File = MG_ALLREDUCE.F, Line = 85 
  A loop starting at line 85 was vectorized.

ftn-3118 ftn: IPA MG_ALLREDUCE_SUM, File = MG_ALLREDUCE.F, Line = 94, Column = 69 
  "mg_timer" (called from "mg_allreduce_sum") was not inlined because the call site will not flatten.  "mpi_wtime_" is missing.

ftn-3118 ftn: IPA MG_ALLREDUCE_SUM, File = MG_ALLREDUCE.F, Line = 97, Column = 20 
  "mg_timer" (called from "mg_allreduce_sum") was not inlined because the call site will not flatten.  "mpi_wtime_" is missing.

ftn-3021 ftn: IPA MG_ALLREDUCE_SUM, File = MG_ALLREDUCE.F, Line = 98, Column = 12 
  "mpi_allreduce" (called from "mg_allreduce_sum") was not inlined because the compiler was unable to locate the routine.

ftn-3118 ftn: IPA MG_ALLREDUCE_SUM, File = MG_ALLREDUCE.F, Line = 100, Column = 69 
  "mg_timer" (called from "mg_allreduce_sum") was not inlined because the call site will not flatten.  "mpi_wtime_" is missing.



%%%%%%%%%%%%%%%%%%%%%%%%%%%%%%%%%%%%%%%%%%%%%%%%%%%%%%%%%%%%%%%%%%%%%%%%%%%%%%%%
             C r o s s   R e f e r e n c e   for   MG_ALLREDUCE_MOD
%%%%%%%%%%%%%%%%%%%%%%%%%%%%%%%%%%%%%%%%%%%%%%%%%%%%%%%%%%%%%%%%%%%%%%%%%%%%%%%%

Name                                      Storage/Owner                   
----                                      -------------                   

ALLREDUCE_COUNT                           Structure offset=1024           
  Integer(kind=8), Component of PERF_CHECK
  Declared  
  Defined   
  Referenced     103

ALLREDUCE_COUNT_MAX                       Structure offset=1088           
  Integer(kind=8), Component of PERF_CHECK
  Declared  
  Defined   
  Referenced     105

ALLREDUCE_COUNT_MIN                       Structure offset=1152           
  Integer(kind=8), Component of PERF_CHECK
  Declared  
  Defined   
  Referenced     106

FLUX_OUT                                  Module MG_CONSTANTS_MOD         
  Real(kind=8), Use assoc, Dimension(:), Allocatable
  Declared  
  Defined   
  Referenced      92
  Referenced in contained procedure

GFLUX                                     Stack                           
  Variable, Real(kind=8)
  Declared        66
  Defined   
  Referenced

GRID_IN                                   MG_ALLREDUCE_SUM                
  Dummy Argument, Real(kind=8), Dimension(0:<exp>,0:<exp>,0:<exp>),
                                                        Intent(inout)
  Declared        42      52
  Defined   
  Referenced      86

GSUM                                      MG_ALLREDUCE_SUM                
  Dummy Argument, Real(kind=8), Intent(out)
  Declared        42      55
  Defined   
  Referenced      98

I                                         Stack                           
  Variable, Integer
  Declared        72
  Defined   
  Referenced      86

IERR                                      MG_ALLREDUCE_SUM                
  Dummy Argument, Integer, Intent(out)
  Declared        42      58
  Defined         78
  Referenced      98

IVAR                                      MG_ALLREDUCE_SUM                
  Dummy Argument, Integer, Intent(in)
  Declared        42      49
  Defined   
  Referenced      92

J                                         Stack                           
  Variable, Integer
  Declared        72
  Defined   
  Referenced      86

K                                         Stack                           
  Variable, Integer
  Declared        72
  Defined   
  Referenced      86

LSUM                                      Stack                           
  Variable, Real(kind=8)
  Declared        65
  Defined         81      86      92
  Referenced      98

MG_ALLREDUCE_MOD                                                          
  Module
  Declared        28
  Defined   
  Referenced

MG_ALLREDUCE_SUM                                                          
  Subroutine, Module procedure
  Declared        42
  Defined   
  Referenced

MG_CONSTANTS_MOD                                                          
  Module
  Declared  
  Defined   
  Referenced      34

MG_CONSTANTS_MOD                                                          
  Module, Used indirectly (from module MG_PROFILING_MOD)
  Declared  
  Defined   
  Referenced

MG_CONSTANTS_MOD                                                          
  Module, Used indirectly (from module MG_UTILS_MOD)
  Declared  
  Defined   
  Referenced

MG_ENV_MOD                                                                
  Module, Used indirectly (from module MG_PROFILING_MOD)
  Declared  
  Defined   
  Referenced

MG_MPI_REAL                               Module MG_CONSTANTS_MOD         
  Parameter, Integer(kind=4), Use assoc
  Declared  
  Defined   
  Referenced      98
  Referenced in contained procedure

MG_OPTIONS_MOD                                                            
  Module, Used indirectly (from module MG_PROFILING_MOD)
  Declared  
  Defined   
  Referenced

MG_OPTIONS_MOD                                                            
  Module, Used indirectly (from module MG_UTILS_MOD)
  Declared  
  Defined   
  Referenced

MG_PERF                                   Module MG_PROFILING_MOD         
  TYPE(PERF_CHECK), Use assoc
  Declared  
  Defined         94     100     102     103     105     106
  Referenced
  Referenced in contained procedure

MG_PROFILING_MOD                                                          
  Module
  Declared  
  Defined   
  Referenced      36

MG_REAL                                   Module MG_CONSTANTS_MOD         
  Parameter, Integer(kind=1), Use assoc
  Declared  
  Defined   
  Referenced      51      54      64      66
  Referenced in contained procedure

MG_REAL8                                  Module MG_CONSTANTS_MOD         
  Parameter, Integer(kind=1), Use assoc
  Declared  
  Defined   
  Referenced      68
  Referenced in contained procedure

MG_TIMER                                  Module MG_UTILS_MOD             
  Function, Double Precision, result(MG_TIMER), Module procedure
  Declared  
  Defined   
  Referenced      80      94      97     100

MG_TIMER                                  Module MG_UTILS_MOD             
  Function, Double Precision, result(MG_TIMER), Module procedure
  Declared  
  Defined   
  Referenced      80      94      97     100

MG_UTILS_MOD                                                              
  Module
  Declared  
  Defined   
  Referenced      35

MG_UTILS_MOD                                                              
  Module, Used indirectly (from module MG_PROFILING_MOD)
  Declared  
  Defined   
  Referenced

MPIFCMB5                                  Module MG_CONSTANTS_MOD         
  Common block 
  Declared  
  Defined   
  Referenced

MPIFCMB9                                  Module MG_CONSTANTS_MOD         
  Common block 
  Declared  
  Defined   
  Referenced

MPIPRIV1                                  Module MG_CONSTANTS_MOD         
  Common block 
  Declared  
  Defined   
  Referenced

MPIPRIV2                                  Module MG_CONSTANTS_MOD         
  Common block 
  Declared  
  Defined   
  Referenced

MPIPRIVC                                  Module MG_CONSTANTS_MOD         
  Common block 
  Declared  
  Defined   
  Referenced

MPI_ALLREDUCE                                                             
  Subroutine
  Declared  
  Defined   
  Referenced      98

MPI_COMM_MG                               Module MG_CONSTANTS_MOD         
  Integer(kind=4), Use assoc
  Declared  
  Defined   
  Referenced      98
  Referenced in contained procedure

MPI_SUM                                   Module MG_CONSTANTS_MOD         
  Parameter, Integer, Use assoc
  Declared  
  Defined   
  Referenced      98
  Referenced in contained procedure

NUM_ALLREDUCES                            Structure offset=960            
  Integer(kind=8), Component of PERF_CHECK
  Declared  
  Defined   
  Referenced     102

NX                                        Module MG_OPTIONS_MOD           
  Integer, Use assoc
  Declared  
  Defined   
  Referenced      85
  Referenced in contained procedure

NY                                        Module MG_OPTIONS_MOD           
  Integer, Use assoc
  Declared  
  Defined   
  Referenced      84
  Referenced in contained procedure

NZ                                        Module MG_OPTIONS_MOD           
  Integer, Use assoc
  Declared  
  Defined   
  Referenced      83
  Referenced in contained procedure

TIME_START                                Stack                           
  Variable, Real(kind=8)
  Declared        69
  Defined         80      97
  Referenced      94     100

TIME_SUMGRID_COMM_PE                      Structure offset=3072           
  Real(kind=8), Component of PERF_CHECK
  Declared  
  Defined   
  Referenced     100

TIME_SUMGRID_COMP_PE                      Structure offset=3008           
  Real(kind=8), Component of PERF_CHECK
  Declared  
  Defined   
  Referenced      94


%%%%%%%%%%%%%%%%%%%%%%%%%%%%%%%%%%%%%%%%%%%%%%%%%%%%%%%%%%%%%%%%%%%%%%%%%%%%%%%%
                     C o m m o n   B l o c k   R e p o r t
%%%%%%%%%%%%%%%%%%%%%%%%%%%%%%%%%%%%%%%%%%%%%%%%%%%%%%%%%%%%%%%%%%%%%%%%%%%%%%%%

Blk  Program Unit                     Messages
---  ------------                     --------
/MPIFCMB5/                            Length: 4 bytes

     MG_ALLREDUCE_MOD                 Block is used from MG_CONSTANTS_MOD

Blk  Program Unit                     Messages
---  ------------                     --------
/MPIFCMB9/                            Length: 4 bytes

     MG_ALLREDUCE_MOD                 Block is used from MG_CONSTANTS_MOD

Blk  Program Unit                     Messages
---  ------------                     --------
/MPIPRIV1/                            Length: 28 bytes

     MG_ALLREDUCE_MOD                 Block is used from MG_CONSTANTS_MOD

Blk  Program Unit                     Messages
---  ------------                     --------
/MPIPRIV2/                            Length: 24 bytes

     MG_ALLREDUCE_MOD                 Block is used from MG_CONSTANTS_MOD

Blk  Program Unit                     Messages
---  ------------                     --------
/MPIPRIVC/                            Length: 2 bytes

     MG_ALLREDUCE_MOD                 Block is used from MG_CONSTANTS_MOD


%%%%%%%%%%%%%%%%%%%%%%%%%%%%%%%%%%%%%%%%%%%%%%%%%%%%%%%%%%%%%%%%%%%%%%%%%%%%%%%%
                         E x t e r n a l   R e p o r t
%%%%%%%%%%%%%%%%%%%%%%%%%%%%%%%%%%%%%%%%%%%%%%%%%%%%%%%%%%%%%%%%%%%%%%%%%%%%%%%%

Name  Messages
----  --------
ENV in MG_ENV_MOD
      Defined as:  No definitions.

                   No calls.  It is not called and does not use any procedure.

      Interface:   None

Name  Messages
----  --------
MG_ALLREDUCE_MOD
      Defined as:  Module (line 28, file MG_ALLREDUCE.F)

        Uses:      MG_CONSTANTS_MOD
                   MG_UTILS_MOD
                   MG_OPTIONS_MOD  (indirectly)
                   MG_CONSTANTS_MOD  (indirectly)
                   MG_PROFILING_MOD
                   MG_OPTIONS_MOD  (indirectly)
                   MG_ENV_MOD  (indirectly)
                   MG_UTILS_MOD  (indirectly)
                   MG_CONSTANTS_MOD  (indirectly)

Name  Messages
----  --------
MG_ALLREDUCE_SUM in MG_ALLREDUCE_MOD
      Defined as:  Subroutine (line 42, file MG_ALLREDUCE.F)

      Interface:   None

      Calls:       MG_TIMER in MG_UTILS_MOD (Line 80, file MG_ALLREDUCE.F)
                   MG_TIMER in MG_UTILS_MOD (Line 94, file MG_ALLREDUCE.F)
                   MG_TIMER in MG_UTILS_MOD (Line 97, file MG_ALLREDUCE.F)
                   MG_TIMER in MG_UTILS_MOD (Line 100, file MG_ALLREDUCE.F)
                   MPI_ALLREDUCE (Line 98, file MG_ALLREDUCE.F)

Name  Messages
----  --------
MG_ASSERT in MG_UTILS_MOD
      Defined as:  No definitions.

                   No calls.  It is not called and does not use any procedure.

      Interface:   None

Name  Messages
----  --------
MG_COMPUTE_STDDEV in MG_UTILS_MOD
      Defined as:  No definitions.

                   No calls.  It is not called and does not use any procedure.

      Interface:   None

Name  Messages
----  --------
MG_CONSTANTS_MOD
      Defined as:  No definitions.

      Used By:     MG_ALLREDUCE_MOD
                   MG_ALLREDUCE_MOD  (indirectly)
                   MG_ALLREDUCE_MOD  (indirectly)

Name  Messages
----  --------
MG_ENV_MOD
      Defined as:  No definitions.

      Used By:     MG_ALLREDUCE_MOD  (indirectly)

Name  Messages
----  --------
MG_GRID_DEALLOC in MG_UTILS_MOD
      Defined as:  No definitions.

                   No calls.  It is not called and does not use any procedure.

      Interface:   None

Name  Messages
----  --------
MG_GRID_INIT in MG_UTILS_MOD
      Defined as:  No definitions.

                   No calls.  It is not called and does not use any procedure.

      Interface:   None

Name  Messages
----  --------
MG_INIT in MG_UTILS_MOD
      Defined as:  No definitions.

                   No calls.  It is not called and does not use any procedure.

      Interface:   None

Name  Messages
----  --------
MG_INIT_GRID in MG_UTILS_MOD
      Defined as:  No definitions.

                   No calls.  It is not called and does not use any procedure.

      Interface:   None

Name  Messages
----  --------
MG_INSERT_SPIKE in MG_UTILS_MOD
      Defined as:  No definitions.

                   No calls.  It is not called and does not use any procedure.

      Interface:   None

Name  Messages
----  --------
MG_OPTIONS_MOD
      Defined as:  No definitions.

      Used By:     MG_ALLREDUCE_MOD  (indirectly)
                   MG_ALLREDUCE_MOD  (indirectly)

Name  Messages
----  --------
MG_PERF_INIT in MG_PROFILING_MOD
      Defined as:  No definitions.

                   No calls.  It is not called and does not use any procedure.

      Interface:   None

Name  Messages
----  --------
MG_PERF_REPORT in MG_PROFILING_MOD
      Defined as:  No definitions.

                   No calls.  It is not called and does not use any procedure.

      Interface:   None

Name  Messages
----  --------
MG_PRINT_HEADER in MG_UTILS_MOD
      Defined as:  No definitions.

                   No calls.  It is not called and does not use any procedure.

      Interface:   None

Name  Messages
----  --------
MG_PROFILING_MOD
      Defined as:  No definitions.

      Used By:     MG_ALLREDUCE_MOD

Name  Messages
----  --------
MG_TIMER in MG_UTILS_MOD
      Defined as:  No definitions.

      Interface:   None

      Called By:   MG_ALLREDUCE_SUM in MG_ALLREDUCE_MOD (Line 80, file MG_ALLREDUCE.F)
                   MG_ALLREDUCE_SUM in MG_ALLREDUCE_MOD (Line 94, file MG_ALLREDUCE.F)
                   MG_ALLREDUCE_SUM in MG_ALLREDUCE_MOD (Line 97, file MG_ALLREDUCE.F)
                   MG_ALLREDUCE_SUM in MG_ALLREDUCE_MOD (Line 100, file MG_ALLREDUCE.F)

Name  Messages
----  --------
MG_UTILS_MOD
      Defined as:  No definitions.

      Used By:     MG_ALLREDUCE_MOD
                   MG_ALLREDUCE_MOD  (indirectly)

Name  Messages
----  --------
MPI_ALLREDUCE
      Defined as:  No definitions.

      Interface:   None

      Called By:   MG_ALLREDUCE_SUM in MG_ALLREDUCE_MOD (Line 98, file MG_ALLREDUCE.F)

Name  Messages
----  --------
MPI_COMM_DUP_FN
      Defined as:  No definitions.

                   No calls.  It is not called and does not use any procedure.

Name  Messages
----  --------
MPI_COMM_NULL_COPY_FN
      Defined as:  No definitions.

                   No calls.  It is not called and does not use any procedure.

Name  Messages
----  --------
MPI_COMM_NULL_DELETE_FN
      Defined as:  No definitions.

                   No calls.  It is not called and does not use any procedure.

Name  Messages
----  --------
MPI_CONVERSION_FN_NULL
      Defined as:  No definitions.

                   No calls.  It is not called and does not use any procedure.

Name  Messages
----  --------
MPI_DUP_FN
      Defined as:  No definitions.

                   No calls.  It is not called and does not use any procedure.

Name  Messages
----  --------
MPI_NULL_COPY_FN
      Defined as:  No definitions.

                   No calls.  It is not called and does not use any procedure.

Name  Messages
----  --------
MPI_NULL_DELETE_FN
      Defined as:  No definitions.

                   No calls.  It is not called and does not use any procedure.

Name  Messages
----  --------
MPI_TYPE_DUP_FN
      Defined as:  No definitions.

                   No calls.  It is not called and does not use any procedure.

Name  Messages
----  --------
MPI_TYPE_NULL_COPY_FN
      Defined as:  No definitions.

                   No calls.  It is not called and does not use any procedure.

Name  Messages
----  --------
MPI_TYPE_NULL_DELETE_FN
      Defined as:  No definitions.

                   No calls.  It is not called and does not use any procedure.

Name  Messages
----  --------
MPI_WIN_DUP_FN
      Defined as:  No definitions.

                   No calls.  It is not called and does not use any procedure.

Name  Messages
----  --------
MPI_WIN_NULL_COPY_FN
      Defined as:  No definitions.

                   No calls.  It is not called and does not use any procedure.

Name  Messages
----  --------
MPI_WIN_NULL_DELETE_FN
      Defined as:  No definitions.

                   No calls.  It is not called and does not use any procedure.

Name  Messages
----  --------
MPI_WTICK
      Defined as:  No definitions.

                   No calls.  It is not called and does not use any procedure.

      Interface:   None

Name  Messages
----  --------
MPI_WTIME
      Defined as:  No definitions.

                   No calls.  It is not called and does not use any procedure.

      Interface:   None

Name  Messages
----  --------
PMPI_WTICK
      Defined as:  No definitions.

                   No calls.  It is not called and does not use any procedure.

      Interface:   None

Name  Messages
----  --------
PMPI_WTIME
      Defined as:  No definitions.

                   No calls.  It is not called and does not use any procedure.

      Interface:   None


%%%%%%%%%%%%%%%%%%%%%%%%%%%%%%%%%%%%%%%%%%%%%%%%%%%%%%%%%%%%%%%%%%%%%%%%%%%%%%%%
%%%%%%%%%%%%%%%%%%%%%%%%%%%%%%%%%%%%%%%%%%%%%%%%%%%%%%%%%%%%%%%%%%%%%%%%%%%%%%%%
