%%%%%%%%%%%%%%%%%%%%%%%%%%%%%%%%%%%%%%%%%%%%%%%%%%%%%%%%%%%%%%%%%%%%%%%%%%%%%%%%
                          S u m m a r y   R e p o r t
%%%%%%%%%%%%%%%%%%%%%%%%%%%%%%%%%%%%%%%%%%%%%%%%%%%%%%%%%%%%%%%%%%%%%%%%%%%%%%%%

Compilation
-----------
File     : /lus/scratch/p02128/work/MiniGhost/source/MG_BSPMA.F
Compiled : 10/31/18  05:23:40
Compiler : Version 8.7.6
Ftnlx    : Version 8503 (libcif 85008)
Target   : x86-64
Command  : ftn_driver.exe -hcpu=broadwell -hstatic -D__CRAYXC
           -D__CRAY_BROADWELL -D__CRAYXT_COMPUTE_LINUX_TARGET -hnetwork=aries
           -D_MG_MPI -D_MG_INT4 -D_MG_REAL8 -ffree -hlist=a -c MG_BSPMA.F
           -I/opt/cray/pe/cce/8.7.6/cce/x86_64/include/craylibs -I/usr/include
           -I/usr/include -I/opt/cray/pe/mpt/7.7.3/gni/mpich-cray/8.6/include
           -I/opt/cray/pe/libsci/18.07.1/CRAY/8.6/x86_64/include
           -I/opt/cray/rca/2.2.18-6.0.7.0_33.3__g2aa4f39.ari/include
           -I/opt/cray/pe/pmi/5.0.14/include
           -I/opt/cray/xpmem/2.2.15-6.0.7.0_35.11__g7549d06.ari/include
           -I/opt/cray/dmapp/7.1.1-6.0.7.0_34.3__g5a674e0.ari/include
           -I/opt/cray/gni-headers/5.0.12.0-6.0.7.0_24.1__g3b1768f.ari/include
           -I/opt/cray/ugni/6.0.14.0-6.0.7.0_23.1__gea11d3d.ari/include
           -I/opt/cray/udreg/2.3.2-6.0.7.0_33.18__g5196236.ari/include
           -I/opt/cray/alps/6.6.43-6.0.7.0_26.4__ga796da3.ari/include
           -I/opt/cray/wlm_detect/1.3.3-6.0.7.0_47.2__g7109084.ari/include
           -I/opt/cray/krca/2.2.4-6.0.7.0_32.3__g8505b97.ari/include
           -I/opt/cray-hss-devel/8.0.0/include
Program
  Units  : MG_BSPMA_MOD

ftnlx report
------------
Source   : /lus/scratch/p02128/work/MiniGhost/source/MG_BSPMA.F
Date     : 10/31/2018  05:23:41


%%%%%%%%%%%%%%%%%%%%%%%%%%%%%%%%%%%%%%%%%%%%%%%%%%%%%%%%%%%%%%%%%%%%%%%%%%%%%%%%
                          O p t i o n s   R e p o r t
%%%%%%%%%%%%%%%%%%%%%%%%%%%%%%%%%%%%%%%%%%%%%%%%%%%%%%%%%%%%%%%%%%%%%%%%%%%%%%%%

Options :  -O cache2,scalar2,thread2,vector2,mpi0,modinline,ipa3,noaggress
           -O autoprefetch,noautothread,fusion2,nomsgs,nonegmsgs,nooverindex
           -O pattern,shortcircuit2,unroll2,nozeroinc
           -h noadd_paren,align_arrays,nobounds,caf,noconcurrent,nocontiguous
           -h nocontiguous_assumed_shape,fma,nofp_trap,nofunc_trace,noomp_analyz
           e
           -h noomp_trace,nopat_trace
           -h safe_addr,thread_do_concurrent,fp2=approx,flex_mp=default         
           -h alias=default:standard_restrict         
           -h static (or -static)
           -h omp,noacc
           -h cpu=x86-64,broadwell
           -h network=aries
           -K trap=none
           -s default32
           -eh
           -d abcdefgijmopqsvwzACEFIPQRST0
           -e nBDZ 
           -f free
           -m3
           -S /lus/scratch/tmp/pe_5241/MG_BSPMA_1.s


%%%%%%%%%%%%%%%%%%%%%%%%%%%%%%%%%%%%%%%%%%%%%%%%%%%%%%%%%%%%%%%%%%%%%%%%%%%%%%%%
                          S o u r c e   L i s t i n g
%%%%%%%%%%%%%%%%%%%%%%%%%%%%%%%%%%%%%%%%%%%%%%%%%%%%%%%%%%%%%%%%%%%%%%%%%%%%%%%%


     %%%    L o o p m a r k   L e g e n d    %%%

     Primary Loop Type        Modifiers
     ------- ---- ----        ---------
     A - Pattern matched      a - atomic memory operation
                              b - blocked
     C - Collapsed            c - conditional and/or computed
     D - Deleted               
     E - Cloned                
     F - Flat - No calls      f - fused
     G - Accelerated          g - partitioned
     I - Inlined              i - interchanged
     M - Multithreaded        m - partitioned
                              n - non-blocking remote transfer
                              p - partial
     R - Rerolling            r - unrolled
                              s - shortloop
     V - Vectorized           w - unwound

     + - More messages listed at end of listing
     ------------------------------------------


    1.     ! ************************************************************************
    2.     !
    3.     !               miniGhost: stencil computations with boundary exchange.
    4.     !                 Copyright (2012) Sandia Corporation
    5.     !
    6.     ! Under terms of Contract DE-AC04-94AL85000, there is a non-exclusive
    7.     ! license for use of this work by or on behalf of the U.S. Government.
    8.     !
    9.     ! This library is free software; you can redistribute it and/or modify
   10.     ! it under the terms of the GNU Lesser General Public License as
   11.     ! published by the Free Software Foundation; either version 2.1 of the
   12.     ! License, or (at your option) any later version.
   13.     !
   14.     ! This library is distributed in the hope that it will be useful, but
   15.     ! WITHOUT ANY WARRANTY; without even the implied warranty of
   16.     ! MERCHANTABILITY or FITNESS FOR A PARTICULAR PURPOSE.  See the GNU
   17.     ! Lesser General Public License for more details.
   18.     !
   19.     ! You should have received a copy of the GNU Lesser General Public
   20.     ! License along with this library; if not, write to the Free Software
   21.     ! Foundation, Inc., 59 Temple Place, Suite 330, Boston, MA 02111-1307
   22.     ! USA
   23.     ! Questions? Contact Richard F. Barrett (rfbarre@sandia.gov) or
   24.     !                    Michael A. Heroux (maherou@sandia.gov)
   25.     !
   26.     ! ************************************************************************
   27.     
   28.     MODULE MG_BSPMA_MOD
   29.      
   30.        ! Purpose
   31.        ! =======
   32.        ! BSPMA boundary exchange for 5- and 7-point stencils: 
   33.        !    pack, send, receive, unpack.
   34.     
   35.        USE MG_CONSTANTS_MOD
   36.        USE MG_UTILS_MOD
   37.        USE MG_IRECV_MOD
   38.        USE MG_PACK_MOD
   39.        USE MG_SEND_BSPMA_MOD
   40.        USE MG_UNPACK_BSPMA_MOD
   41.     
   42.        IMPLICIT NONE
   43.     
   44.        ! Note: Using 0-based indexing on arrays.
   45.     
   46.     CONTAINS
   47.        
   48.        SUBROUTINE MG_BSPMA ( IERR )
   49.        
   50.           ! ---------------------
   51.           ! Argument Declarations
   52.           ! ---------------------
   53.     
   54.           INTEGER, INTENT(OUT) :: &
   55.           IERR                      ! Return status
   56.           
   57.           WRITE(*,*) ' MG_BSPMA'
   58.           
   59.           ! ------------------
   60.           ! Local Declarations
   61.           ! ------------------
   62.        
   63.           ! ---------------------
   64.           ! Executable Statements
   65.           ! ---------------------
   66.     
   67.           IERR = 0
   68.     
   69.  +        CALL MG_IRECV ( IERR )
   70.     
   71.           COUNT_SEND_NORTH = 0
   72.           COUNT_SEND_SOUTH = 0
   73.           COUNT_SEND_EAST  = 0
   74.           COUNT_SEND_WEST  = 0
   75.           COUNT_SEND_BACK  = 0
   76.           COUNT_SEND_FRONT = 0
   77.      
   78.           IF ( NUM_VARS > 0 ) &
   79.  +           CALL MG_PACK ( GRID1,  IERR )
   80.           IF ( NUM_VARS > 1 ) &
   81.  +           CALL MG_PACK ( GRID2,  IERR )
   82.           IF ( NUM_VARS > 2 ) &
   83.  +           CALL MG_PACK ( GRID3,  IERR )
   84.           IF ( NUM_VARS > 3 ) &
   85.  +           CALL MG_PACK ( GRID4,  IERR )
   86.           IF ( NUM_VARS > 4 ) &
   87.  +           CALL MG_PACK ( GRID5,  IERR )
   88.           IF ( NUM_VARS > 5 ) &
   89.  +           CALL MG_PACK ( GRID6,  IERR )
   90.           IF ( NUM_VARS > 6 ) &
   91.  +           CALL MG_PACK ( GRID7,  IERR )
   92.           IF ( NUM_VARS > 7 ) &
   93.  +           CALL MG_PACK ( GRID8,  IERR )
   94.           IF ( NUM_VARS > 8 ) &
   95.  +           CALL MG_PACK ( GRID9,  IERR )
   96.           IF ( NUM_VARS > 9 ) &
   97.  +           CALL MG_PACK ( GRID10, IERR )
   98.     
   99.           IF ( NUM_VARS > 10 ) &
  100.  +           CALL MG_PACK ( GRID11, IERR )
  101.           IF ( NUM_VARS > 11 ) &
  102.  +           CALL MG_PACK ( GRID12, IERR )
  103.           IF ( NUM_VARS > 12 ) &
  104.  +           CALL MG_PACK ( GRID13, IERR )
  105.           IF ( NUM_VARS > 13 ) &
  106.  +           CALL MG_PACK ( GRID14, IERR )
  107.           IF ( NUM_VARS > 14 ) &
  108.  +           CALL MG_PACK ( GRID15, IERR )
  109.           IF ( NUM_VARS > 15 ) &
  110.  +           CALL MG_PACK ( GRID16, IERR )
  111.           IF ( NUM_VARS > 16 ) &
  112.  +           CALL MG_PACK ( GRID17, IERR )
  113.           IF ( NUM_VARS > 17 ) &
  114.  +           CALL MG_PACK ( GRID18, IERR )
  115.           IF ( NUM_VARS > 18 ) &
  116.  +           CALL MG_PACK ( GRID19, IERR )
  117.           IF ( NUM_VARS > 19 ) &
  118.  +           CALL MG_PACK ( GRID20, IERR )
  119.     
  120.           IF ( NUM_VARS > 20 ) &
  121.  +           CALL MG_PACK ( GRID21, IERR )
  122.           IF ( NUM_VARS > 21 ) &
  123.  +           CALL MG_PACK ( GRID22, IERR )
  124.           IF ( NUM_VARS > 22 ) &
  125.  +           CALL MG_PACK ( GRID23, IERR )
  126.           IF ( NUM_VARS > 23 ) &
  127.  +           CALL MG_PACK ( GRID24, IERR )
  128.           IF ( NUM_VARS > 24 ) &
  129.  +           CALL MG_PACK ( GRID25, IERR )
  130.           IF ( NUM_VARS > 25 ) &
  131.  +           CALL MG_PACK ( GRID26, IERR )
  132.           IF ( NUM_VARS > 26 ) &
  133.  +           CALL MG_PACK ( GRID27, IERR )
  134.           IF ( NUM_VARS > 27 ) &
  135.  +           CALL MG_PACK ( GRID28, IERR )
  136.           IF ( NUM_VARS > 28 ) &
  137.  +           CALL MG_PACK ( GRID29, IERR )
  138.           IF ( NUM_VARS > 29 ) &
  139.  +           CALL MG_PACK ( GRID30, IERR )
  140.     
  141.           IF ( NUM_VARS > 30 ) &
  142.  +           CALL MG_PACK ( GRID31, IERR )
  143.           IF ( NUM_VARS > 31 ) &
  144.  +           CALL MG_PACK ( GRID32, IERR )
  145.           IF ( NUM_VARS > 32 ) &
  146.  +           CALL MG_PACK ( GRID33, IERR )
  147.           IF ( NUM_VARS > 33 ) &
  148.  +           CALL MG_PACK ( GRID34, IERR )
  149.           IF ( NUM_VARS > 34 ) &
  150.  +           CALL MG_PACK ( GRID35, IERR )
  151.           IF ( NUM_VARS > 35 ) &
  152.  +           CALL MG_PACK ( GRID36, IERR )
  153.           IF ( NUM_VARS > 36 ) &
  154.  +           CALL MG_PACK ( GRID37, IERR )
  155.           IF ( NUM_VARS > 37 ) &
  156.  +           CALL MG_PACK ( GRID38, IERR )
  157.           IF ( NUM_VARS > 38 ) &
  158.  +           CALL MG_PACK ( GRID39, IERR )
  159.           IF ( NUM_VARS > 39 ) &
  160.  +           CALL MG_PACK ( GRID40, IERR )
  161.     
  162.  +        CALL MG_SEND_BSPMA ( IERR )
  163.     
  164.  +        CALL MG_UNPACK_BSPMA ( IERR )
  165.     
  166.        END SUBROUTINE MG_BSPMA
  167.        
  168.     END MODULE MG_BSPMA_MOD

ftn-3118 ftn: IPA MG_BSPMA, File = MG_BSPMA.F, Line = 69, Column = 12 
  "mg_irecv" (called from "mg_bspma") was not inlined because the call site will not flatten.  "mpi_wtime_" is missing.

ftn-3118 ftn: IPA MG_BSPMA, File = MG_BSPMA.F, Line = 79, Column = 15 
  "mg_pack" (called from "mg_bspma") was not inlined because the call site will not flatten.  "mpi_wtime_" is missing.

ftn-3118 ftn: IPA MG_BSPMA, File = MG_BSPMA.F, Line = 81, Column = 15 
  "mg_pack" (called from "mg_bspma") was not inlined because the call site will not flatten.  "mpi_wtime_" is missing.

ftn-3118 ftn: IPA MG_BSPMA, File = MG_BSPMA.F, Line = 83, Column = 15 
  "mg_pack" (called from "mg_bspma") was not inlined because the call site will not flatten.  "mpi_wtime_" is missing.

ftn-3118 ftn: IPA MG_BSPMA, File = MG_BSPMA.F, Line = 85, Column = 15 
  "mg_pack" (called from "mg_bspma") was not inlined because the call site will not flatten.  "mpi_wtime_" is missing.

ftn-3118 ftn: IPA MG_BSPMA, File = MG_BSPMA.F, Line = 87, Column = 15 
  "mg_pack" (called from "mg_bspma") was not inlined because the call site will not flatten.  "mpi_wtime_" is missing.

ftn-3118 ftn: IPA MG_BSPMA, File = MG_BSPMA.F, Line = 89, Column = 15 
  "mg_pack" (called from "mg_bspma") was not inlined because the call site will not flatten.  "mpi_wtime_" is missing.

ftn-3118 ftn: IPA MG_BSPMA, File = MG_BSPMA.F, Line = 91, Column = 15 
  "mg_pack" (called from "mg_bspma") was not inlined because the call site will not flatten.  "mpi_wtime_" is missing.

ftn-3118 ftn: IPA MG_BSPMA, File = MG_BSPMA.F, Line = 93, Column = 15 
  "mg_pack" (called from "mg_bspma") was not inlined because the call site will not flatten.  "mpi_wtime_" is missing.

ftn-3118 ftn: IPA MG_BSPMA, File = MG_BSPMA.F, Line = 95, Column = 15 
  "mg_pack" (called from "mg_bspma") was not inlined because the call site will not flatten.  "mpi_wtime_" is missing.

ftn-3118 ftn: IPA MG_BSPMA, File = MG_BSPMA.F, Line = 97, Column = 15 
  "mg_pack" (called from "mg_bspma") was not inlined because the call site will not flatten.  "mpi_wtime_" is missing.

ftn-3118 ftn: IPA MG_BSPMA, File = MG_BSPMA.F, Line = 100, Column = 15 
  "mg_pack" (called from "mg_bspma") was not inlined because the call site will not flatten.  "mpi_wtime_" is missing.

ftn-3118 ftn: IPA MG_BSPMA, File = MG_BSPMA.F, Line = 102, Column = 15 
  "mg_pack" (called from "mg_bspma") was not inlined because the call site will not flatten.  "mpi_wtime_" is missing.

ftn-3118 ftn: IPA MG_BSPMA, File = MG_BSPMA.F, Line = 104, Column = 15 
  "mg_pack" (called from "mg_bspma") was not inlined because the call site will not flatten.  "mpi_wtime_" is missing.

ftn-3118 ftn: IPA MG_BSPMA, File = MG_BSPMA.F, Line = 106, Column = 15 
  "mg_pack" (called from "mg_bspma") was not inlined because the call site will not flatten.  "mpi_wtime_" is missing.

ftn-3118 ftn: IPA MG_BSPMA, File = MG_BSPMA.F, Line = 108, Column = 15 
  "mg_pack" (called from "mg_bspma") was not inlined because the call site will not flatten.  "mpi_wtime_" is missing.

ftn-3118 ftn: IPA MG_BSPMA, File = MG_BSPMA.F, Line = 110, Column = 15 
  "mg_pack" (called from "mg_bspma") was not inlined because the call site will not flatten.  "mpi_wtime_" is missing.

ftn-3118 ftn: IPA MG_BSPMA, File = MG_BSPMA.F, Line = 112, Column = 15 
  "mg_pack" (called from "mg_bspma") was not inlined because the call site will not flatten.  "mpi_wtime_" is missing.

ftn-3118 ftn: IPA MG_BSPMA, File = MG_BSPMA.F, Line = 114, Column = 15 
  "mg_pack" (called from "mg_bspma") was not inlined because the call site will not flatten.  "mpi_wtime_" is missing.

ftn-3118 ftn: IPA MG_BSPMA, File = MG_BSPMA.F, Line = 116, Column = 15 
  "mg_pack" (called from "mg_bspma") was not inlined because the call site will not flatten.  "mpi_wtime_" is missing.

ftn-3118 ftn: IPA MG_BSPMA, File = MG_BSPMA.F, Line = 118, Column = 15 
  "mg_pack" (called from "mg_bspma") was not inlined because the call site will not flatten.  "mpi_wtime_" is missing.

ftn-3118 ftn: IPA MG_BSPMA, File = MG_BSPMA.F, Line = 121, Column = 15 
  "mg_pack" (called from "mg_bspma") was not inlined because the call site will not flatten.  "mpi_wtime_" is missing.

ftn-3118 ftn: IPA MG_BSPMA, File = MG_BSPMA.F, Line = 123, Column = 15 
  "mg_pack" (called from "mg_bspma") was not inlined because the call site will not flatten.  "mpi_wtime_" is missing.

ftn-3118 ftn: IPA MG_BSPMA, File = MG_BSPMA.F, Line = 125, Column = 15 
  "mg_pack" (called from "mg_bspma") was not inlined because the call site will not flatten.  "mpi_wtime_" is missing.

ftn-3118 ftn: IPA MG_BSPMA, File = MG_BSPMA.F, Line = 127, Column = 15 
  "mg_pack" (called from "mg_bspma") was not inlined because the call site will not flatten.  "mpi_wtime_" is missing.

ftn-3118 ftn: IPA MG_BSPMA, File = MG_BSPMA.F, Line = 129, Column = 15 
  "mg_pack" (called from "mg_bspma") was not inlined because the call site will not flatten.  "mpi_wtime_" is missing.

ftn-3118 ftn: IPA MG_BSPMA, File = MG_BSPMA.F, Line = 131, Column = 15 
  "mg_pack" (called from "mg_bspma") was not inlined because the call site will not flatten.  "mpi_wtime_" is missing.

ftn-3118 ftn: IPA MG_BSPMA, File = MG_BSPMA.F, Line = 133, Column = 15 
  "mg_pack" (called from "mg_bspma") was not inlined because the call site will not flatten.  "mpi_wtime_" is missing.

ftn-3118 ftn: IPA MG_BSPMA, File = MG_BSPMA.F, Line = 135, Column = 15 
  "mg_pack" (called from "mg_bspma") was not inlined because the call site will not flatten.  "mpi_wtime_" is missing.

ftn-3118 ftn: IPA MG_BSPMA, File = MG_BSPMA.F, Line = 137, Column = 15 
  "mg_pack" (called from "mg_bspma") was not inlined because the call site will not flatten.  "mpi_wtime_" is missing.

ftn-3118 ftn: IPA MG_BSPMA, File = MG_BSPMA.F, Line = 139, Column = 15 
  "mg_pack" (called from "mg_bspma") was not inlined because the call site will not flatten.  "mpi_wtime_" is missing.

ftn-3118 ftn: IPA MG_BSPMA, File = MG_BSPMA.F, Line = 142, Column = 15 
  "mg_pack" (called from "mg_bspma") was not inlined because the call site will not flatten.  "mpi_wtime_" is missing.

ftn-3118 ftn: IPA MG_BSPMA, File = MG_BSPMA.F, Line = 144, Column = 15 
  "mg_pack" (called from "mg_bspma") was not inlined because the call site will not flatten.  "mpi_wtime_" is missing.

ftn-3118 ftn: IPA MG_BSPMA, File = MG_BSPMA.F, Line = 146, Column = 15 
  "mg_pack" (called from "mg_bspma") was not inlined because the call site will not flatten.  "mpi_wtime_" is missing.

ftn-3118 ftn: IPA MG_BSPMA, File = MG_BSPMA.F, Line = 148, Column = 15 
  "mg_pack" (called from "mg_bspma") was not inlined because the call site will not flatten.  "mpi_wtime_" is missing.

ftn-3118 ftn: IPA MG_BSPMA, File = MG_BSPMA.F, Line = 150, Column = 15 
  "mg_pack" (called from "mg_bspma") was not inlined because the call site will not flatten.  "mpi_wtime_" is missing.

ftn-3118 ftn: IPA MG_BSPMA, File = MG_BSPMA.F, Line = 152, Column = 15 
  "mg_pack" (called from "mg_bspma") was not inlined because the call site will not flatten.  "mpi_wtime_" is missing.

ftn-3118 ftn: IPA MG_BSPMA, File = MG_BSPMA.F, Line = 154, Column = 15 
  "mg_pack" (called from "mg_bspma") was not inlined because the call site will not flatten.  "mpi_wtime_" is missing.

ftn-3118 ftn: IPA MG_BSPMA, File = MG_BSPMA.F, Line = 156, Column = 15 
  "mg_pack" (called from "mg_bspma") was not inlined because the call site will not flatten.  "mpi_wtime_" is missing.

ftn-3118 ftn: IPA MG_BSPMA, File = MG_BSPMA.F, Line = 158, Column = 15 
  "mg_pack" (called from "mg_bspma") was not inlined because the call site will not flatten.  "mpi_wtime_" is missing.

ftn-3118 ftn: IPA MG_BSPMA, File = MG_BSPMA.F, Line = 160, Column = 15 
  "mg_pack" (called from "mg_bspma") was not inlined because the call site will not flatten.  "mpi_wtime_" is missing.

ftn-3118 ftn: IPA MG_BSPMA, File = MG_BSPMA.F, Line = 162, Column = 12 
  "mg_send_bspma" (called from "mg_bspma") was not inlined because the call site will not flatten.  "mpi_wtime_" is missing.

ftn-3118 ftn: IPA MG_BSPMA, File = MG_BSPMA.F, Line = 164, Column = 12 
  "mg_unpack_bspma" (called from "mg_bspma") was not inlined because the call site will not flatten.  "mpi_wtime_" is missing.



%%%%%%%%%%%%%%%%%%%%%%%%%%%%%%%%%%%%%%%%%%%%%%%%%%%%%%%%%%%%%%%%%%%%%%%%%%%%%%%%
               C r o s s   R e f e r e n c e   for   MG_BSPMA_MOD
%%%%%%%%%%%%%%%%%%%%%%%%%%%%%%%%%%%%%%%%%%%%%%%%%%%%%%%%%%%%%%%%%%%%%%%%%%%%%%%%

Name                                      Storage/Owner                   
----                                      -------------                   

COUNT_SEND_BACK                           Module MG_CONSTANTS_MOD         
  Integer(kind=4), Use assoc
  Declared  
  Defined         75
  Referenced
  Referenced in contained procedure

COUNT_SEND_EAST                           Module MG_CONSTANTS_MOD         
  Integer(kind=4), Use assoc
  Declared  
  Defined         73
  Referenced
  Referenced in contained procedure

COUNT_SEND_FRONT                          Module MG_CONSTANTS_MOD         
  Integer(kind=4), Use assoc
  Declared  
  Defined         76
  Referenced
  Referenced in contained procedure

COUNT_SEND_NORTH                          Module MG_CONSTANTS_MOD         
  Integer(kind=4), Use assoc
  Declared  
  Defined         71
  Referenced
  Referenced in contained procedure

COUNT_SEND_SOUTH                          Module MG_CONSTANTS_MOD         
  Integer(kind=4), Use assoc
  Declared  
  Defined         72
  Referenced
  Referenced in contained procedure

COUNT_SEND_WEST                           Module MG_CONSTANTS_MOD         
  Integer(kind=4), Use assoc
  Declared  
  Defined         74
  Referenced
  Referenced in contained procedure

GRID1                                     Module MG_CONSTANTS_MOD         
  Real(kind=8), Use assoc, Dimension(:,:,:), Allocatable
  Declared  
  Defined   
  Referenced      79
  Referenced in contained procedure

GRID10                                    Module MG_CONSTANTS_MOD         
  Real(kind=8), Use assoc, Dimension(:,:,:), Allocatable
  Declared  
  Defined   
  Referenced      97
  Referenced in contained procedure

GRID11                                    Module MG_CONSTANTS_MOD         
  Real(kind=8), Use assoc, Dimension(:,:,:), Allocatable
  Declared  
  Defined   
  Referenced     100
  Referenced in contained procedure

GRID12                                    Module MG_CONSTANTS_MOD         
  Real(kind=8), Use assoc, Dimension(:,:,:), Allocatable
  Declared  
  Defined   
  Referenced     102
  Referenced in contained procedure

GRID13                                    Module MG_CONSTANTS_MOD         
  Real(kind=8), Use assoc, Dimension(:,:,:), Allocatable
  Declared  
  Defined   
  Referenced     104
  Referenced in contained procedure

GRID14                                    Module MG_CONSTANTS_MOD         
  Real(kind=8), Use assoc, Dimension(:,:,:), Allocatable
  Declared  
  Defined   
  Referenced     106
  Referenced in contained procedure

GRID15                                    Module MG_CONSTANTS_MOD         
  Real(kind=8), Use assoc, Dimension(:,:,:), Allocatable
  Declared  
  Defined   
  Referenced     108
  Referenced in contained procedure

GRID16                                    Module MG_CONSTANTS_MOD         
  Real(kind=8), Use assoc, Dimension(:,:,:), Allocatable
  Declared  
  Defined   
  Referenced     110
  Referenced in contained procedure

GRID17                                    Module MG_CONSTANTS_MOD         
  Real(kind=8), Use assoc, Dimension(:,:,:), Allocatable
  Declared  
  Defined   
  Referenced     112
  Referenced in contained procedure

GRID18                                    Module MG_CONSTANTS_MOD         
  Real(kind=8), Use assoc, Dimension(:,:,:), Allocatable
  Declared  
  Defined   
  Referenced     114
  Referenced in contained procedure

GRID19                                    Module MG_CONSTANTS_MOD         
  Real(kind=8), Use assoc, Dimension(:,:,:), Allocatable
  Declared  
  Defined   
  Referenced     116
  Referenced in contained procedure

GRID2                                     Module MG_CONSTANTS_MOD         
  Real(kind=8), Use assoc, Dimension(:,:,:), Allocatable
  Declared  
  Defined   
  Referenced      81
  Referenced in contained procedure

GRID20                                    Module MG_CONSTANTS_MOD         
  Real(kind=8), Use assoc, Dimension(:,:,:), Allocatable
  Declared  
  Defined   
  Referenced     118
  Referenced in contained procedure

GRID21                                    Module MG_CONSTANTS_MOD         
  Real(kind=8), Use assoc, Dimension(:,:,:), Allocatable
  Declared  
  Defined   
  Referenced     121
  Referenced in contained procedure

GRID22                                    Module MG_CONSTANTS_MOD         
  Real(kind=8), Use assoc, Dimension(:,:,:), Allocatable
  Declared  
  Defined   
  Referenced     123
  Referenced in contained procedure

GRID23                                    Module MG_CONSTANTS_MOD         
  Real(kind=8), Use assoc, Dimension(:,:,:), Allocatable
  Declared  
  Defined   
  Referenced     125
  Referenced in contained procedure

GRID24                                    Module MG_CONSTANTS_MOD         
  Real(kind=8), Use assoc, Dimension(:,:,:), Allocatable
  Declared  
  Defined   
  Referenced     127
  Referenced in contained procedure

GRID25                                    Module MG_CONSTANTS_MOD         
  Real(kind=8), Use assoc, Dimension(:,:,:), Allocatable
  Declared  
  Defined   
  Referenced     129
  Referenced in contained procedure

GRID26                                    Module MG_CONSTANTS_MOD         
  Real(kind=8), Use assoc, Dimension(:,:,:), Allocatable
  Declared  
  Defined   
  Referenced     131
  Referenced in contained procedure

GRID27                                    Module MG_CONSTANTS_MOD         
  Real(kind=8), Use assoc, Dimension(:,:,:), Allocatable
  Declared  
  Defined   
  Referenced     133
  Referenced in contained procedure

GRID28                                    Module MG_CONSTANTS_MOD         
  Real(kind=8), Use assoc, Dimension(:,:,:), Allocatable
  Declared  
  Defined   
  Referenced     135
  Referenced in contained procedure

GRID29                                    Module MG_CONSTANTS_MOD         
  Real(kind=8), Use assoc, Dimension(:,:,:), Allocatable
  Declared  
  Defined   
  Referenced     137
  Referenced in contained procedure

GRID3                                     Module MG_CONSTANTS_MOD         
  Real(kind=8), Use assoc, Dimension(:,:,:), Allocatable
  Declared  
  Defined   
  Referenced      83
  Referenced in contained procedure

GRID30                                    Module MG_CONSTANTS_MOD         
  Real(kind=8), Use assoc, Dimension(:,:,:), Allocatable
  Declared  
  Defined   
  Referenced     139
  Referenced in contained procedure

GRID31                                    Module MG_CONSTANTS_MOD         
  Real(kind=8), Use assoc, Dimension(:,:,:), Allocatable
  Declared  
  Defined   
  Referenced     142
  Referenced in contained procedure

GRID32                                    Module MG_CONSTANTS_MOD         
  Real(kind=8), Use assoc, Dimension(:,:,:), Allocatable
  Declared  
  Defined   
  Referenced     144
  Referenced in contained procedure

GRID33                                    Module MG_CONSTANTS_MOD         
  Real(kind=8), Use assoc, Dimension(:,:,:), Allocatable
  Declared  
  Defined   
  Referenced     146
  Referenced in contained procedure

GRID34                                    Module MG_CONSTANTS_MOD         
  Real(kind=8), Use assoc, Dimension(:,:,:), Allocatable
  Declared  
  Defined   
  Referenced     148
  Referenced in contained procedure

GRID35                                    Module MG_CONSTANTS_MOD         
  Real(kind=8), Use assoc, Dimension(:,:,:), Allocatable
  Declared  
  Defined   
  Referenced     150
  Referenced in contained procedure

GRID36                                    Module MG_CONSTANTS_MOD         
  Real(kind=8), Use assoc, Dimension(:,:,:), Allocatable
  Declared  
  Defined   
  Referenced     152
  Referenced in contained procedure

GRID37                                    Module MG_CONSTANTS_MOD         
  Real(kind=8), Use assoc, Dimension(:,:,:), Allocatable
  Declared  
  Defined   
  Referenced     154
  Referenced in contained procedure

GRID38                                    Module MG_CONSTANTS_MOD         
  Real(kind=8), Use assoc, Dimension(:,:,:), Allocatable
  Declared  
  Defined   
  Referenced     156
  Referenced in contained procedure

GRID39                                    Module MG_CONSTANTS_MOD         
  Real(kind=8), Use assoc, Dimension(:,:,:), Allocatable
  Declared  
  Defined   
  Referenced     158
  Referenced in contained procedure

GRID4                                     Module MG_CONSTANTS_MOD         
  Real(kind=8), Use assoc, Dimension(:,:,:), Allocatable
  Declared  
  Defined   
  Referenced      85
  Referenced in contained procedure

GRID40                                    Module MG_CONSTANTS_MOD         
  Real(kind=8), Use assoc, Dimension(:,:,:), Allocatable
  Declared  
  Defined   
  Referenced     160
  Referenced in contained procedure

GRID5                                     Module MG_CONSTANTS_MOD         
  Real(kind=8), Use assoc, Dimension(:,:,:), Allocatable
  Declared  
  Defined   
  Referenced      87
  Referenced in contained procedure

GRID6                                     Module MG_CONSTANTS_MOD         
  Real(kind=8), Use assoc, Dimension(:,:,:), Allocatable
  Declared  
  Defined   
  Referenced      89
  Referenced in contained procedure

GRID7                                     Module MG_CONSTANTS_MOD         
  Real(kind=8), Use assoc, Dimension(:,:,:), Allocatable
  Declared  
  Defined   
  Referenced      91
  Referenced in contained procedure

GRID8                                     Module MG_CONSTANTS_MOD         
  Real(kind=8), Use assoc, Dimension(:,:,:), Allocatable
  Declared  
  Defined   
  Referenced      93
  Referenced in contained procedure

GRID9                                     Module MG_CONSTANTS_MOD         
  Real(kind=8), Use assoc, Dimension(:,:,:), Allocatable
  Declared  
  Defined   
  Referenced      95
  Referenced in contained procedure

IERR                                      MG_BSPMA                        
  Dummy Argument, Integer, Intent(out)
  Declared        48      55
  Defined         67
  Referenced      69      79      81      83      85      87      89      91      93      95      97     100     102     104     106
           108     110     112     114     116     118     121     123     125     127     129     131     133     135     137
           139     142     144     146     148     150     152     154     156     158     160     162     164

MG_BSPMA                                                                  
  Subroutine, Module procedure
  Declared        48
  Defined   
  Referenced

MG_BSPMA_MOD                                                              
  Module
  Declared        28
  Defined   
  Referenced

MG_CONSTANTS_MOD                                                          
  Module
  Declared  
  Defined   
  Referenced      35

MG_CONSTANTS_MOD                                                          
  Module, Used indirectly (from module MG_SEND_BSPMA_MOD)
  Declared  
  Defined   
  Referenced

MG_CONSTANTS_MOD                                                          
  Module, Used indirectly (from module MG_UNPACK_BSPMA_MOD)
  Declared  
  Defined   
  Referenced

MG_CONSTANTS_MOD                                                          
  Module, Used indirectly (from module MG_UTILS_MOD)
  Declared  
  Defined   
  Referenced

MG_CONSTANTS_MOD                                                          
  Module, Used indirectly (from module MG_IRECV_MOD)
  Declared  
  Defined   
  Referenced

MG_CONSTANTS_MOD                                                          
  Module, Used indirectly (from module MG_PACK_MOD)
  Declared  
  Defined   
  Referenced

MG_ENV_MOD                                                                
  Module, Used indirectly (from module MG_PACK_MOD)
  Declared  
  Defined   
  Referenced

MG_ENV_MOD                                                                
  Module, Used indirectly (from module MG_IRECV_MOD)
  Declared  
  Defined   
  Referenced

MG_ENV_MOD                                                                
  Module, Used indirectly (from module MG_SEND_BSPMA_MOD)
  Declared  
  Defined   
  Referenced

MG_ENV_MOD                                                                
  Module, Used indirectly (from module MG_UNPACK_BSPMA_MOD)
  Declared  
  Defined   
  Referenced

MG_GET_FACE_MOD                                                           
  Module, Used indirectly (from module MG_UNPACK_BSPMA_MOD)
  Declared  
  Defined   
  Referenced

MG_IRECV                                  Module MG_IRECV_MOD             
  Subroutine, Module procedure
  Declared  
  Defined   
  Referenced      69

MG_IRECV                                  Module MG_IRECV_MOD             
  Subroutine, Module procedure
  Declared  
  Defined   
  Referenced      69

MG_IRECV_MOD                                                              
  Module
  Declared  
  Defined   
  Referenced      37

MG_OPTIONS_MOD                                                            
  Module, Used indirectly (from module MG_UNPACK_BSPMA_MOD)
  Declared  
  Defined   
  Referenced

MG_OPTIONS_MOD                                                            
  Module, Used indirectly (from module MG_SEND_BSPMA_MOD)
  Declared  
  Defined   
  Referenced

MG_OPTIONS_MOD                                                            
  Module, Used indirectly (from module MG_PACK_MOD)
  Declared  
  Defined   
  Referenced

MG_OPTIONS_MOD                                                            
  Module, Used indirectly (from module MG_IRECV_MOD)
  Declared  
  Defined   
  Referenced

MG_OPTIONS_MOD                                                            
  Module, Used indirectly (from module MG_UTILS_MOD)
  Declared  
  Defined   
  Referenced

MG_PACK                                   Module MG_PACK_MOD              
  Subroutine, Module procedure
  Declared  
  Defined   
  Referenced      79      79      81      81      83      83      85      85      87      87      89      89      91      91      93
            93      95      95      97      97     100     100     102     102     104     104     106     106     108     108
           110     110     112     112     114     114     116     116     118     118     121     121     123     123     125
           125     127     127     129     129     131     131     133     133     135     135     137     137     139     139
           142     142     144     144     146     146     148     148     150     150     152     152     154     154     156
           156     158     158     160     160

MG_PACK                                   Module MG_PACK_MOD              
  Subroutine, Module procedure
  Declared  
  Defined   
  Referenced      79      79      81      81      83      83      85      85      87      87      89      89      91      91      93
            93      95      95      97      97     100     100     102     102     104     104     106     106     108     108
           110     110     112     112     114     114     116     116     118     118     121     121     123     123     125
           125     127     127     129     129     131     131     133     133     135     135     137     137     139     139
           142     142     144     144     146     146     148     148     150     150     152     152     154     154     156
           156     158     158     160     160

MG_PACK_MOD                                                               
  Module
  Declared  
  Defined   
  Referenced      38

MG_PROFILING_MOD                                                          
  Module, Used indirectly (from module MG_UNPACK_BSPMA_MOD)
  Declared  
  Defined   
  Referenced

MG_PROFILING_MOD                                                          
  Module, Used indirectly (from module MG_IRECV_MOD)
  Declared  
  Defined   
  Referenced

MG_PROFILING_MOD                                                          
  Module, Used indirectly (from module MG_SEND_BSPMA_MOD)
  Declared  
  Defined   
  Referenced

MG_PROFILING_MOD                                                          
  Module, Used indirectly (from module MG_PACK_MOD)
  Declared  
  Defined   
  Referenced

MG_SEND_BSPMA                             Module MG_SEND_BSPMA_MOD        
  Subroutine, Module procedure
  Declared  
  Defined   
  Referenced     162

MG_SEND_BSPMA                             Module MG_SEND_BSPMA_MOD        
  Subroutine, Module procedure
  Declared  
  Defined   
  Referenced     162

MG_SEND_BSPMA_MOD                                                         
  Module
  Declared  
  Defined   
  Referenced      39

MG_UNPACK_BSPMA                           Module MG_UNPACK_BSPMA_MOD      
  Subroutine, Module procedure
  Declared  
  Defined   
  Referenced     164

MG_UNPACK_BSPMA                           Module MG_UNPACK_BSPMA_MOD      
  Subroutine, Module procedure
  Declared  
  Defined   
  Referenced     164

MG_UNPACK_BSPMA_MOD                                                       
  Module
  Declared  
  Defined   
  Referenced      40

MG_UTILS_MOD                                                              
  Module, Used indirectly (from module MG_SEND_BSPMA_MOD)
  Declared  
  Defined   
  Referenced

MG_UTILS_MOD                                                              
  Module, Used indirectly (from module MG_UNPACK_BSPMA_MOD)
  Declared  
  Defined   
  Referenced

MG_UTILS_MOD                                                              
  Module
  Declared  
  Defined   
  Referenced      36

MG_UTILS_MOD                                                              
  Module, Used indirectly (from module MG_PACK_MOD)
  Declared  
  Defined   
  Referenced

MG_UTILS_MOD                                                              
  Module, Used indirectly (from module MG_IRECV_MOD)
  Declared  
  Defined   
  Referenced

MPIFCMB5                                  Module MG_CONSTANTS_MOD         
  Common block 
  Declared  
  Defined   
  Referenced

MPIFCMB9                                  Module MG_CONSTANTS_MOD         
  Common block 
  Declared  
  Defined   
  Referenced

MPIPRIV1                                  Module MG_CONSTANTS_MOD         
  Common block 
  Declared  
  Defined   
  Referenced

MPIPRIV2                                  Module MG_CONSTANTS_MOD         
  Common block 
  Declared  
  Defined   
  Referenced

MPIPRIVC                                  Module MG_CONSTANTS_MOD         
  Common block 
  Declared  
  Defined   
  Referenced

NUM_VARS                                  Module MG_OPTIONS_MOD           
  Integer, Use assoc
  Declared  
  Defined   
  Referenced      78      80      82      84      86      88      90      92      94      96      99     101     103     105     107
           109     111     113     115     117     120     122     124     126     128     130     132     134     136     138
           141     143     145     147     149     151     153     155     157     159
  Referenced in contained procedure


%%%%%%%%%%%%%%%%%%%%%%%%%%%%%%%%%%%%%%%%%%%%%%%%%%%%%%%%%%%%%%%%%%%%%%%%%%%%%%%%
                     C o m m o n   B l o c k   R e p o r t
%%%%%%%%%%%%%%%%%%%%%%%%%%%%%%%%%%%%%%%%%%%%%%%%%%%%%%%%%%%%%%%%%%%%%%%%%%%%%%%%

Blk  Program Unit                     Messages
---  ------------                     --------
/MPIFCMB5/                            Length: 4 bytes

     MG_BSPMA_MOD                     Block is used from MG_CONSTANTS_MOD

Blk  Program Unit                     Messages
---  ------------                     --------
/MPIFCMB9/                            Length: 4 bytes

     MG_BSPMA_MOD                     Block is used from MG_CONSTANTS_MOD

Blk  Program Unit                     Messages
---  ------------                     --------
/MPIPRIV1/                            Length: 28 bytes

     MG_BSPMA_MOD                     Block is used from MG_CONSTANTS_MOD

Blk  Program Unit                     Messages
---  ------------                     --------
/MPIPRIV2/                            Length: 24 bytes

     MG_BSPMA_MOD                     Block is used from MG_CONSTANTS_MOD

Blk  Program Unit                     Messages
---  ------------                     --------
/MPIPRIVC/                            Length: 2 bytes

     MG_BSPMA_MOD                     Block is used from MG_CONSTANTS_MOD


%%%%%%%%%%%%%%%%%%%%%%%%%%%%%%%%%%%%%%%%%%%%%%%%%%%%%%%%%%%%%%%%%%%%%%%%%%%%%%%%
                         E x t e r n a l   R e p o r t
%%%%%%%%%%%%%%%%%%%%%%%%%%%%%%%%%%%%%%%%%%%%%%%%%%%%%%%%%%%%%%%%%%%%%%%%%%%%%%%%

Name  Messages
----  --------
ENV in MG_ENV_MOD
      Defined as:  No definitions.

                   No calls.  It is not called and does not use any procedure.

      Interface:   None

Name  Messages
----  --------
GET_FACE in MG_GET_FACE_MOD
      Defined as:  No definitions.

                   No calls.  It is not called and does not use any procedure.

      Interface:   None

Name  Messages
----  --------
MG_ASSERT in MG_UTILS_MOD
      Defined as:  No definitions.

                   No calls.  It is not called and does not use any procedure.

      Interface:   None

Name  Messages
----  --------
MG_BSPMA in MG_BSPMA_MOD
      Defined as:  Subroutine (line 48, file MG_BSPMA.F)

      Interface:   None

      Calls:       MG_IRECV in MG_IRECV_MOD (Line 69, file MG_BSPMA.F)
                   MG_PACK in MG_PACK_MOD (Line 79, file MG_BSPMA.F)
                   MG_PACK in MG_PACK_MOD (Line 81, file MG_BSPMA.F)
                   MG_PACK in MG_PACK_MOD (Line 83, file MG_BSPMA.F)
                   MG_PACK in MG_PACK_MOD (Line 85, file MG_BSPMA.F)
                   MG_PACK in MG_PACK_MOD (Line 87, file MG_BSPMA.F)
                   MG_PACK in MG_PACK_MOD (Line 89, file MG_BSPMA.F)
                   MG_PACK in MG_PACK_MOD (Line 91, file MG_BSPMA.F)
                   MG_PACK in MG_PACK_MOD (Line 93, file MG_BSPMA.F)
                   MG_PACK in MG_PACK_MOD (Line 95, file MG_BSPMA.F)
                   MG_PACK in MG_PACK_MOD (Line 97, file MG_BSPMA.F)
                   MG_PACK in MG_PACK_MOD (Line 100, file MG_BSPMA.F)
                   MG_PACK in MG_PACK_MOD (Line 102, file MG_BSPMA.F)
                   MG_PACK in MG_PACK_MOD (Line 104, file MG_BSPMA.F)
                   MG_PACK in MG_PACK_MOD (Line 106, file MG_BSPMA.F)
                   MG_PACK in MG_PACK_MOD (Line 108, file MG_BSPMA.F)
                   MG_PACK in MG_PACK_MOD (Line 110, file MG_BSPMA.F)
                   MG_PACK in MG_PACK_MOD (Line 112, file MG_BSPMA.F)
                   MG_PACK in MG_PACK_MOD (Line 114, file MG_BSPMA.F)
                   MG_PACK in MG_PACK_MOD (Line 116, file MG_BSPMA.F)
                   MG_PACK in MG_PACK_MOD (Line 118, file MG_BSPMA.F)
                   MG_PACK in MG_PACK_MOD (Line 121, file MG_BSPMA.F)
                   MG_PACK in MG_PACK_MOD (Line 123, file MG_BSPMA.F)
                   MG_PACK in MG_PACK_MOD (Line 125, file MG_BSPMA.F)
                   MG_PACK in MG_PACK_MOD (Line 127, file MG_BSPMA.F)
                   MG_PACK in MG_PACK_MOD (Line 129, file MG_BSPMA.F)
                   MG_PACK in MG_PACK_MOD (Line 131, file MG_BSPMA.F)
                   MG_PACK in MG_PACK_MOD (Line 133, file MG_BSPMA.F)
                   MG_PACK in MG_PACK_MOD (Line 135, file MG_BSPMA.F)
                   MG_PACK in MG_PACK_MOD (Line 137, file MG_BSPMA.F)
                   MG_PACK in MG_PACK_MOD (Line 139, file MG_BSPMA.F)
                   MG_PACK in MG_PACK_MOD (Line 142, file MG_BSPMA.F)
                   MG_PACK in MG_PACK_MOD (Line 144, file MG_BSPMA.F)
                   MG_PACK in MG_PACK_MOD (Line 146, file MG_BSPMA.F)
                   MG_PACK in MG_PACK_MOD (Line 148, file MG_BSPMA.F)
                   MG_PACK in MG_PACK_MOD (Line 150, file MG_BSPMA.F)
                   MG_PACK in MG_PACK_MOD (Line 152, file MG_BSPMA.F)
                   MG_PACK in MG_PACK_MOD (Line 154, file MG_BSPMA.F)
                   MG_PACK in MG_PACK_MOD (Line 156, file MG_BSPMA.F)
                   MG_PACK in MG_PACK_MOD (Line 158, file MG_BSPMA.F)
                   MG_PACK in MG_PACK_MOD (Line 160, file MG_BSPMA.F)
                   MG_SEND_BSPMA in MG_SEND_BSPMA_MOD (Line 162, file MG_BSPMA.F)
                   MG_UNPACK_BSPMA in MG_UNPACK_BSPMA_MOD (Line 164, file MG_BSPMA.F)

Name  Messages
----  --------
MG_BSPMA_MOD
      Defined as:  Module (line 28, file MG_BSPMA.F)

        Uses:      MG_CONSTANTS_MOD
                   MG_UTILS_MOD
                   MG_OPTIONS_MOD  (indirectly)
                   MG_CONSTANTS_MOD  (indirectly)
                   MG_IRECV_MOD
                   MG_ENV_MOD  (indirectly)
                   MG_OPTIONS_MOD  (indirectly)
                   MG_PROFILING_MOD  (indirectly)
                   MG_UTILS_MOD  (indirectly)
                   MG_CONSTANTS_MOD  (indirectly)
                   MG_PACK_MOD
                   MG_ENV_MOD  (indirectly)
                   MG_OPTIONS_MOD  (indirectly)
                   MG_PROFILING_MOD  (indirectly)
                   MG_UTILS_MOD  (indirectly)
                   MG_CONSTANTS_MOD  (indirectly)
                   MG_SEND_BSPMA_MOD
                   MG_ENV_MOD  (indirectly)
                   MG_OPTIONS_MOD  (indirectly)
                   MG_PROFILING_MOD  (indirectly)
                   MG_UTILS_MOD  (indirectly)
                   MG_CONSTANTS_MOD  (indirectly)
                   MG_UNPACK_BSPMA_MOD
                   MG_ENV_MOD  (indirectly)
                   MG_OPTIONS_MOD  (indirectly)
                   MG_PROFILING_MOD  (indirectly)
                   MG_GET_FACE_MOD  (indirectly)
                   MG_UTILS_MOD  (indirectly)
                   MG_CONSTANTS_MOD  (indirectly)

Name  Messages
----  --------
MG_COMPUTE_STDDEV in MG_UTILS_MOD
      Defined as:  No definitions.

                   No calls.  It is not called and does not use any procedure.

      Interface:   None

Name  Messages
----  --------
MG_CONSTANTS_MOD
      Defined as:  No definitions.

      Used By:     MG_BSPMA_MOD
                   MG_BSPMA_MOD  (indirectly)
                   MG_BSPMA_MOD  (indirectly)
                   MG_BSPMA_MOD  (indirectly)
                   MG_BSPMA_MOD  (indirectly)
                   MG_BSPMA_MOD  (indirectly)

Name  Messages
----  --------
MG_ENV_MOD
      Defined as:  No definitions.

      Used By:     MG_BSPMA_MOD  (indirectly)
                   MG_BSPMA_MOD  (indirectly)
                   MG_BSPMA_MOD  (indirectly)
                   MG_BSPMA_MOD  (indirectly)

Name  Messages
----  --------
MG_GET_FACE in MG_GET_FACE_MOD
      Defined as:  No definitions.

                   No calls.  It is not called and does not use any procedure.

      Interface:   None

Name  Messages
----  --------
MG_GET_FACE_MOD
      Defined as:  No definitions.

      Used By:     MG_BSPMA_MOD  (indirectly)

Name  Messages
----  --------
MG_GRID_DEALLOC in MG_UTILS_MOD
      Defined as:  No definitions.

                   No calls.  It is not called and does not use any procedure.

      Interface:   None

Name  Messages
----  --------
MG_GRID_INIT in MG_UTILS_MOD
      Defined as:  No definitions.

                   No calls.  It is not called and does not use any procedure.

      Interface:   None

Name  Messages
----  --------
MG_INIT in MG_UTILS_MOD
      Defined as:  No definitions.

                   No calls.  It is not called and does not use any procedure.

      Interface:   None

Name  Messages
----  --------
MG_INIT_GRID in MG_UTILS_MOD
      Defined as:  No definitions.

                   No calls.  It is not called and does not use any procedure.

      Interface:   None

Name  Messages
----  --------
MG_INSERT_SPIKE in MG_UTILS_MOD
      Defined as:  No definitions.

                   No calls.  It is not called and does not use any procedure.

      Interface:   None

Name  Messages
----  --------
MG_IRECV in MG_IRECV_MOD
      Defined as:  No definitions.

      Interface:   None

      Called By:   MG_BSPMA in MG_BSPMA_MOD (Line 69, file MG_BSPMA.F)

Name  Messages
----  --------
MG_IRECV_MOD
      Defined as:  No definitions.

      Used By:     MG_BSPMA_MOD

Name  Messages
----  --------
MG_OPTIONS_MOD
      Defined as:  No definitions.

      Used By:     MG_BSPMA_MOD  (indirectly)
                   MG_BSPMA_MOD  (indirectly)
                   MG_BSPMA_MOD  (indirectly)
                   MG_BSPMA_MOD  (indirectly)
                   MG_BSPMA_MOD  (indirectly)

Name  Messages
----  --------
MG_PACK in MG_PACK_MOD
      Defined as:  No definitions.

      Interface:   None

      Called By:   MG_BSPMA in MG_BSPMA_MOD (Line 79, file MG_BSPMA.F)
                   MG_BSPMA in MG_BSPMA_MOD (Line 81, file MG_BSPMA.F)
                   MG_BSPMA in MG_BSPMA_MOD (Line 83, file MG_BSPMA.F)
                   MG_BSPMA in MG_BSPMA_MOD (Line 85, file MG_BSPMA.F)
                   MG_BSPMA in MG_BSPMA_MOD (Line 87, file MG_BSPMA.F)
                   MG_BSPMA in MG_BSPMA_MOD (Line 89, file MG_BSPMA.F)
                   MG_BSPMA in MG_BSPMA_MOD (Line 91, file MG_BSPMA.F)
                   MG_BSPMA in MG_BSPMA_MOD (Line 93, file MG_BSPMA.F)
                   MG_BSPMA in MG_BSPMA_MOD (Line 95, file MG_BSPMA.F)
                   MG_BSPMA in MG_BSPMA_MOD (Line 97, file MG_BSPMA.F)
                   MG_BSPMA in MG_BSPMA_MOD (Line 100, file MG_BSPMA.F)
                   MG_BSPMA in MG_BSPMA_MOD (Line 102, file MG_BSPMA.F)
                   MG_BSPMA in MG_BSPMA_MOD (Line 104, file MG_BSPMA.F)
                   MG_BSPMA in MG_BSPMA_MOD (Line 106, file MG_BSPMA.F)
                   MG_BSPMA in MG_BSPMA_MOD (Line 108, file MG_BSPMA.F)
                   MG_BSPMA in MG_BSPMA_MOD (Line 110, file MG_BSPMA.F)
                   MG_BSPMA in MG_BSPMA_MOD (Line 112, file MG_BSPMA.F)
                   MG_BSPMA in MG_BSPMA_MOD (Line 114, file MG_BSPMA.F)
                   MG_BSPMA in MG_BSPMA_MOD (Line 116, file MG_BSPMA.F)
                   MG_BSPMA in MG_BSPMA_MOD (Line 118, file MG_BSPMA.F)
                   MG_BSPMA in MG_BSPMA_MOD (Line 121, file MG_BSPMA.F)
                   MG_BSPMA in MG_BSPMA_MOD (Line 123, file MG_BSPMA.F)
                   MG_BSPMA in MG_BSPMA_MOD (Line 125, file MG_BSPMA.F)
                   MG_BSPMA in MG_BSPMA_MOD (Line 127, file MG_BSPMA.F)
                   MG_BSPMA in MG_BSPMA_MOD (Line 129, file MG_BSPMA.F)
                   MG_BSPMA in MG_BSPMA_MOD (Line 131, file MG_BSPMA.F)
                   MG_BSPMA in MG_BSPMA_MOD (Line 133, file MG_BSPMA.F)
                   MG_BSPMA in MG_BSPMA_MOD (Line 135, file MG_BSPMA.F)
                   MG_BSPMA in MG_BSPMA_MOD (Line 137, file MG_BSPMA.F)
                   MG_BSPMA in MG_BSPMA_MOD (Line 139, file MG_BSPMA.F)
                   MG_BSPMA in MG_BSPMA_MOD (Line 142, file MG_BSPMA.F)
                   MG_BSPMA in MG_BSPMA_MOD (Line 144, file MG_BSPMA.F)
                   MG_BSPMA in MG_BSPMA_MOD (Line 146, file MG_BSPMA.F)
                   MG_BSPMA in MG_BSPMA_MOD (Line 148, file MG_BSPMA.F)
                   MG_BSPMA in MG_BSPMA_MOD (Line 150, file MG_BSPMA.F)
                   MG_BSPMA in MG_BSPMA_MOD (Line 152, file MG_BSPMA.F)
                   MG_BSPMA in MG_BSPMA_MOD (Line 154, file MG_BSPMA.F)
                   MG_BSPMA in MG_BSPMA_MOD (Line 156, file MG_BSPMA.F)
                   MG_BSPMA in MG_BSPMA_MOD (Line 158, file MG_BSPMA.F)
                   MG_BSPMA in MG_BSPMA_MOD (Line 160, file MG_BSPMA.F)

Name  Messages
----  --------
MG_PACK_MOD
      Defined as:  No definitions.

      Used By:     MG_BSPMA_MOD

Name  Messages
----  --------
MG_PERF_INIT in MG_PROFILING_MOD
      Defined as:  No definitions.

                   No calls.  It is not called and does not use any procedure.

      Interface:   None

Name  Messages
----  --------
MG_PERF_REPORT in MG_PROFILING_MOD
      Defined as:  No definitions.

                   No calls.  It is not called and does not use any procedure.

      Interface:   None

Name  Messages
----  --------
MG_PRINT_HEADER in MG_UTILS_MOD
      Defined as:  No definitions.

                   No calls.  It is not called and does not use any procedure.

      Interface:   None

Name  Messages
----  --------
MG_PROFILING_MOD
      Defined as:  No definitions.

      Used By:     MG_BSPMA_MOD  (indirectly)
                   MG_BSPMA_MOD  (indirectly)
                   MG_BSPMA_MOD  (indirectly)
                   MG_BSPMA_MOD  (indirectly)

Name  Messages
----  --------
MG_SEND_BSPMA in MG_SEND_BSPMA_MOD
      Defined as:  No definitions.

      Interface:   None

      Called By:   MG_BSPMA in MG_BSPMA_MOD (Line 162, file MG_BSPMA.F)

Name  Messages
----  --------
MG_SEND_BSPMA_MOD
      Defined as:  No definitions.

      Used By:     MG_BSPMA_MOD

Name  Messages
----  --------
MG_TIMER in MG_UTILS_MOD
      Defined as:  No definitions.

                   No calls.  It is not called and does not use any procedure.

      Interface:   None

Name  Messages
----  --------
MG_UNPACK_BSPMA in MG_UNPACK_BSPMA_MOD
      Defined as:  No definitions.

      Interface:   None

      Called By:   MG_BSPMA in MG_BSPMA_MOD (Line 164, file MG_BSPMA.F)

Name  Messages
----  --------
MG_UNPACK_BSPMA_MOD
      Defined as:  No definitions.

      Used By:     MG_BSPMA_MOD

Name  Messages
----  --------
MG_UTILS_MOD
      Defined as:  No definitions.

      Used By:     MG_BSPMA_MOD
                   MG_BSPMA_MOD  (indirectly)
                   MG_BSPMA_MOD  (indirectly)
                   MG_BSPMA_MOD  (indirectly)
                   MG_BSPMA_MOD  (indirectly)

Name  Messages
----  --------
MPI_COMM_DUP_FN
      Defined as:  No definitions.

                   No calls.  It is not called and does not use any procedure.

Name  Messages
----  --------
MPI_COMM_NULL_COPY_FN
      Defined as:  No definitions.

                   No calls.  It is not called and does not use any procedure.

Name  Messages
----  --------
MPI_COMM_NULL_DELETE_FN
      Defined as:  No definitions.

                   No calls.  It is not called and does not use any procedure.

Name  Messages
----  --------
MPI_CONVERSION_FN_NULL
      Defined as:  No definitions.

                   No calls.  It is not called and does not use any procedure.

Name  Messages
----  --------
MPI_DUP_FN
      Defined as:  No definitions.

                   No calls.  It is not called and does not use any procedure.

Name  Messages
----  --------
MPI_NULL_COPY_FN
      Defined as:  No definitions.

                   No calls.  It is not called and does not use any procedure.

Name  Messages
----  --------
MPI_NULL_DELETE_FN
      Defined as:  No definitions.

                   No calls.  It is not called and does not use any procedure.

Name  Messages
----  --------
MPI_TYPE_DUP_FN
      Defined as:  No definitions.

                   No calls.  It is not called and does not use any procedure.

Name  Messages
----  --------
MPI_TYPE_NULL_COPY_FN
      Defined as:  No definitions.

                   No calls.  It is not called and does not use any procedure.

Name  Messages
----  --------
MPI_TYPE_NULL_DELETE_FN
      Defined as:  No definitions.

                   No calls.  It is not called and does not use any procedure.

Name  Messages
----  --------
MPI_WIN_DUP_FN
      Defined as:  No definitions.

                   No calls.  It is not called and does not use any procedure.

Name  Messages
----  --------
MPI_WIN_NULL_COPY_FN
      Defined as:  No definitions.

                   No calls.  It is not called and does not use any procedure.

Name  Messages
----  --------
MPI_WIN_NULL_DELETE_FN
      Defined as:  No definitions.

                   No calls.  It is not called and does not use any procedure.

Name  Messages
----  --------
MPI_WTICK
      Defined as:  No definitions.

                   No calls.  It is not called and does not use any procedure.

      Interface:   None

Name  Messages
----  --------
MPI_WTIME
      Defined as:  No definitions.

                   No calls.  It is not called and does not use any procedure.

      Interface:   None

Name  Messages
----  --------
PMPI_WTICK
      Defined as:  No definitions.

                   No calls.  It is not called and does not use any procedure.

      Interface:   None

Name  Messages
----  --------
PMPI_WTIME
      Defined as:  No definitions.

                   No calls.  It is not called and does not use any procedure.

      Interface:   None


%%%%%%%%%%%%%%%%%%%%%%%%%%%%%%%%%%%%%%%%%%%%%%%%%%%%%%%%%%%%%%%%%%%%%%%%%%%%%%%%
%%%%%%%%%%%%%%%%%%%%%%%%%%%%%%%%%%%%%%%%%%%%%%%%%%%%%%%%%%%%%%%%%%%%%%%%%%%%%%%%
