%%%%%%%%%%%%%%%%%%%%%%%%%%%%%%%%%%%%%%%%%%%%%%%%%%%%%%%%%%%%%%%%%%%%%%%%%%%%%%%%
                          S u m m a r y   R e p o r t
%%%%%%%%%%%%%%%%%%%%%%%%%%%%%%%%%%%%%%%%%%%%%%%%%%%%%%%%%%%%%%%%%%%%%%%%%%%%%%%%

Compilation
-----------
File     : /lus/scratch/p02128/work/MiniGhost/source/MG_FLUX_ACCUMULATE.F
Compiled : 10/31/18  05:23:41
Compiler : Version 8.7.6
Ftnlx    : Version 8503 (libcif 85008)
Target   : x86-64
Command  : ftn_driver.exe -hcpu=broadwell -hstatic -D__CRAYXC
           -D__CRAY_BROADWELL -D__CRAYXT_COMPUTE_LINUX_TARGET -hnetwork=aries
           -D_MG_MPI -D_MG_INT4 -D_MG_REAL8 -ffree -hlist=a
           -c MG_FLUX_ACCUMULATE.F
           -I/opt/cray/pe/cce/8.7.6/cce/x86_64/include/craylibs -I/usr/include
           -I/usr/include -I/opt/cray/pe/mpt/7.7.3/gni/mpich-cray/8.6/include
           -I/opt/cray/pe/libsci/18.07.1/CRAY/8.6/x86_64/include
           -I/opt/cray/rca/2.2.18-6.0.7.0_33.3__g2aa4f39.ari/include
           -I/opt/cray/pe/pmi/5.0.14/include
           -I/opt/cray/xpmem/2.2.15-6.0.7.0_35.11__g7549d06.ari/include
           -I/opt/cray/dmapp/7.1.1-6.0.7.0_34.3__g5a674e0.ari/include
           -I/opt/cray/gni-headers/5.0.12.0-6.0.7.0_24.1__g3b1768f.ari/include
           -I/opt/cray/ugni/6.0.14.0-6.0.7.0_23.1__gea11d3d.ari/include
           -I/opt/cray/udreg/2.3.2-6.0.7.0_33.18__g5196236.ari/include
           -I/opt/cray/alps/6.6.43-6.0.7.0_26.4__ga796da3.ari/include
           -I/opt/cray/wlm_detect/1.3.3-6.0.7.0_47.2__g7109084.ari/include
           -I/opt/cray/krca/2.2.4-6.0.7.0_32.3__g8505b97.ari/include
           -I/opt/cray-hss-devel/8.0.0/include
Program
  Units  : MG_FLUX_ACCUMULATE_MOD

ftnlx report
------------
Source   : /lus/scratch/p02128/work/MiniGhost/source/MG_FLUX_ACCUMULATE.F
Date     : 10/31/2018  05:23:42


%%%%%%%%%%%%%%%%%%%%%%%%%%%%%%%%%%%%%%%%%%%%%%%%%%%%%%%%%%%%%%%%%%%%%%%%%%%%%%%%
                          O p t i o n s   R e p o r t
%%%%%%%%%%%%%%%%%%%%%%%%%%%%%%%%%%%%%%%%%%%%%%%%%%%%%%%%%%%%%%%%%%%%%%%%%%%%%%%%

Options :  -O cache2,scalar2,thread2,vector2,mpi0,modinline,ipa3,noaggress
           -O autoprefetch,noautothread,fusion2,nomsgs,nonegmsgs,nooverindex
           -O pattern,shortcircuit2,unroll2,nozeroinc
           -h noadd_paren,align_arrays,nobounds,caf,noconcurrent,nocontiguous
           -h nocontiguous_assumed_shape,fma,nofp_trap,nofunc_trace,noomp_analyz
           e
           -h noomp_trace,nopat_trace
           -h safe_addr,thread_do_concurrent,fp2=approx,flex_mp=default         
           -h alias=default:standard_restrict         
           -h static (or -static)
           -h omp,noacc
           -h cpu=x86-64,broadwell
           -h network=aries
           -K trap=none
           -s default32
           -eh
           -d abcdefgijmopqsvwzACEFIPQRST0
           -e nBDZ 
           -f free
           -m3
           -S /lus/scratch/tmp/pe_5268/MG_FLUX_ACCUMULATE_1.s


%%%%%%%%%%%%%%%%%%%%%%%%%%%%%%%%%%%%%%%%%%%%%%%%%%%%%%%%%%%%%%%%%%%%%%%%%%%%%%%%
                          S o u r c e   L i s t i n g
%%%%%%%%%%%%%%%%%%%%%%%%%%%%%%%%%%%%%%%%%%%%%%%%%%%%%%%%%%%%%%%%%%%%%%%%%%%%%%%%


     %%%    L o o p m a r k   L e g e n d    %%%

     Primary Loop Type        Modifiers
     ------- ---- ----        ---------
     A - Pattern matched      a - atomic memory operation
                              b - blocked
     C - Collapsed            c - conditional and/or computed
     D - Deleted               
     E - Cloned                
     F - Flat - No calls      f - fused
     G - Accelerated          g - partitioned
     I - Inlined              i - interchanged
     M - Multithreaded        m - partitioned
                              n - non-blocking remote transfer
                              p - partial
     R - Rerolling            r - unrolled
                              s - shortloop
     V - Vectorized           w - unwound

     + - More messages listed at end of listing
     ------------------------------------------


    1.             ! ************************************************************************
    2.             !
    3.             !               miniGhost: stencil computations with boundary exchange.
    4.             !                 Copyright (2012) Sandia Corporation
    5.             !
    6.             ! Under terms of Contract DE-AC04-94AL85000, there is a non-exclusive
    7.             ! license for use of this work by or on behalf of the U.S. Government.
    8.             !
    9.             ! This library is free software; you can redistribute it and/or modify
   10.             ! it under the terms of the GNU Lesser General Public License as
   11.             ! published by the Free Software Foundation; either version 2.1 of the
   12.             ! License, or (at your option) any later version.
   13.             !
   14.             ! This library is distributed in the hope that it will be useful, but
   15.             ! WITHOUT ANY WARRANTY; without even the implied warranty of
   16.             ! MERCHANTABILITY or FITNESS FOR A PARTICULAR PURPOSE.  See the GNU
   17.             ! Lesser General Public License for more details.
   18.             !
   19.             ! You should have received a copy of the GNU Lesser General Public
   20.             ! License along with this library; if not, write to the Free Software
   21.             ! Foundation, Inc., 59 Temple Place, Suite 330, Boston, MA 02111-1307
   22.             ! USA
   23.             ! Questions? Contact Richard F. Barrett (rfbarre@sandia.gov) or
   24.             !                    Michael A. Heroux (maherou@sandia.gov)
   25.             !
   26.             ! ************************************************************************
   27.             
   28.             MODULE MG_FLUX_ACCUMULATE_MOD
   29.             
   30.                USE MG_UTILS_MOD
   31.                USE MG_PROFILING_MOD
   32.             
   33.                IMPLICIT NONE
   34.             
   35.                ! Keeps track of heat dissapation out of physical domain.
   36.             
   37.             CONTAINS
   38.                
   39.                SUBROUTINE MG_FLUX_ACCUMULATE ( IVAR, GRID, IERR )
   40.                
   41.                   ! ---------------------
   42.                   ! Argument Declarations
   43.                   ! ---------------------
   44.             
   45.                   INTEGER, INTENT(IN) :: &
   46.                      IVAR
   47.             
   48.                   INTEGER, INTENT(OUT) :: &
   49.                      IERR           ! Return status
   50.             
   51.                   REAL(KIND=MG_REAL), DIMENSION(0:NX+1, 0:NY+1, 0:NZ+1), INTENT(INOUT) :: &
   52.                      GRID
   53.             
   54.                   ! ------------------
   55.                   ! Local Declarations
   56.                   ! ------------------
   57.             
   58.                   INTEGER ::         &
   59.                      I, J, K            ! Counters
   60.             
   61.                   REAL(KIND=MG_REAL) :: &
   62.                      DIVISOR
   63.             
   64.                   ! ---------------------
   65.                   ! Executable Statements
   66.                   ! ---------------------
   67.                
   68.                   IERR = 0
   69.             
   70.                   IF ( STENCIL == STENCIL_2D5PT ) THEN 
   71.                      DIVISOR = 5.0
   72.                   ELSE IF ( STENCIL == STENCIL_2D9PT ) THEN
   73.                      DIVISOR = 9.0
   74.                   ELSE IF ( STENCIL == STENCIL_3D7PT ) THEN
   75.                      DIVISOR = 7.0
   76.                   ELSE IF ( STENCIL == STENCIL_3D27PT ) THEN
   77.                      DIVISOR = 27.0
   78.                   END IF
   79.             
   80.                   IF ( MYPX == 0 )  THEN
   81.  + 1------<          DO K = 1, NZ
   82.    1 Vp---<             DO J = 1, NY
   83.    1 Vp                    FLUX_OUT(IVAR) = FLUX_OUT(IVAR) + ( ( GRID(1,J,K)) / DIVISOR )
   84.    1 Vp--->             END DO
   85.    1------>          END DO
   86.                   END IF
   87.             
   88.                   IF ( MYPX == ( NPX - 1 ) )  THEN
   89.  + 1------<          DO K = 1, NZ
   90.    1 Vp---<             DO J = 1, NY
   91.    1 Vp                    FLUX_OUT(IVAR) = FLUX_OUT(IVAR) + ( ( GRID(NX,J,K)) / DIVISOR )
   92.    1 Vp--->             END DO
   93.    1------>          END DO
   94.                   END IF
   95.             
   96.                   IF ( MYPY == 0 )  THEN
   97.  + 1------<          DO K = 1, NZ
   98.    1 Vr6--<             DO I = 1, NX
   99.    1 Vr6                   FLUX_OUT(IVAR) = FLUX_OUT(IVAR) + ( ( GRID(I,1,K)) / DIVISOR )
  100.    1 Vr6-->             END DO
  101.    1------>          END DO
  102.                   END IF
  103.             
  104.                   IF ( MYPY == ( NPY - 1 ) ) THEN
  105.  + 1------<          DO K = 1, NZ
  106.    1 Vr6--<             DO I = 1, NX
  107.    1 Vr6                   FLUX_OUT(IVAR) = FLUX_OUT(IVAR) + ( ( GRID(I,NY,K)) / DIVISOR )
  108.    1 Vr6-->             END DO
  109.    1------>          END DO
  110.                   END IF
  111.             
  112.                   IF ( MYPZ == 0 )  THEN
  113.  + 1------<          DO J = 1, NY
  114.    1 Vr6--<             DO I = 1, NX
  115.    1 Vr6                   FLUX_OUT(IVAR) = FLUX_OUT(IVAR) + ( ( GRID(I,J,1)) / DIVISOR )
  116.    1 Vr6-->             END DO
  117.    1------>          END DO
  118.                   END IF
  119.             
  120.                   IF ( MYPZ == ( NPZ - 1 ) ) THEN
  121.  + 1------<          DO J = 1, NY
  122.    1 Vr6--<             DO I = 1, NX
  123.    1 Vr6                   FLUX_OUT(IVAR) = FLUX_OUT(IVAR) + ( ( GRID(I,J,NZ)) / DIVISOR )
  124.    1 Vr6-->             END DO
  125.    1------>          END DO
  126.                   END IF
  127.             
  128.                END SUBROUTINE MG_FLUX_ACCUMULATE
  129.                
  130.             END MODULE MG_FLUX_ACCUMULATE_MOD

ftn-6294 ftn: VECTOR MG_FLUX_ACCUMULATE, File = MG_FLUX_ACCUMULATE.F, Line = 81 
  A loop starting at line 81 was not vectorized because a better candidate was found at line 82.

ftn-6209 ftn: VECTOR MG_FLUX_ACCUMULATE, File = MG_FLUX_ACCUMULATE.F, Line = 82 
  A loop starting at line 82 was partially vectorized.

ftn-6294 ftn: VECTOR MG_FLUX_ACCUMULATE, File = MG_FLUX_ACCUMULATE.F, Line = 89 
  A loop starting at line 89 was not vectorized because a better candidate was found at line 90.

ftn-6209 ftn: VECTOR MG_FLUX_ACCUMULATE, File = MG_FLUX_ACCUMULATE.F, Line = 90 
  A loop starting at line 90 was partially vectorized.

ftn-6294 ftn: VECTOR MG_FLUX_ACCUMULATE, File = MG_FLUX_ACCUMULATE.F, Line = 97 
  A loop starting at line 97 was not vectorized because a better candidate was found at line 98.

ftn-6005 ftn: SCALAR MG_FLUX_ACCUMULATE, File = MG_FLUX_ACCUMULATE.F, Line = 98 
  A loop starting at line 98 was unrolled 6 times.

ftn-6204 ftn: VECTOR MG_FLUX_ACCUMULATE, File = MG_FLUX_ACCUMULATE.F, Line = 98 
  A loop starting at line 98 was vectorized.

ftn-6294 ftn: VECTOR MG_FLUX_ACCUMULATE, File = MG_FLUX_ACCUMULATE.F, Line = 105 
  A loop starting at line 105 was not vectorized because a better candidate was found at line 106.

ftn-6005 ftn: SCALAR MG_FLUX_ACCUMULATE, File = MG_FLUX_ACCUMULATE.F, Line = 106 
  A loop starting at line 106 was unrolled 6 times.

ftn-6204 ftn: VECTOR MG_FLUX_ACCUMULATE, File = MG_FLUX_ACCUMULATE.F, Line = 106 
  A loop starting at line 106 was vectorized.

ftn-6294 ftn: VECTOR MG_FLUX_ACCUMULATE, File = MG_FLUX_ACCUMULATE.F, Line = 113 
  A loop starting at line 113 was not vectorized because a better candidate was found at line 114.

ftn-6005 ftn: SCALAR MG_FLUX_ACCUMULATE, File = MG_FLUX_ACCUMULATE.F, Line = 114 
  A loop starting at line 114 was unrolled 6 times.

ftn-6204 ftn: VECTOR MG_FLUX_ACCUMULATE, File = MG_FLUX_ACCUMULATE.F, Line = 114 
  A loop starting at line 114 was vectorized.

ftn-6294 ftn: VECTOR MG_FLUX_ACCUMULATE, File = MG_FLUX_ACCUMULATE.F, Line = 121 
  A loop starting at line 121 was not vectorized because a better candidate was found at line 122.

ftn-6005 ftn: SCALAR MG_FLUX_ACCUMULATE, File = MG_FLUX_ACCUMULATE.F, Line = 122 
  A loop starting at line 122 was unrolled 6 times.

ftn-6204 ftn: VECTOR MG_FLUX_ACCUMULATE, File = MG_FLUX_ACCUMULATE.F, Line = 122 
  A loop starting at line 122 was vectorized.



%%%%%%%%%%%%%%%%%%%%%%%%%%%%%%%%%%%%%%%%%%%%%%%%%%%%%%%%%%%%%%%%%%%%%%%%%%%%%%%%
          C r o s s   R e f e r e n c e   for   MG_FLUX_ACCUMULATE_MOD
%%%%%%%%%%%%%%%%%%%%%%%%%%%%%%%%%%%%%%%%%%%%%%%%%%%%%%%%%%%%%%%%%%%%%%%%%%%%%%%%

Name                                      Storage/Owner                   
----                                      -------------                   

DIVISOR                                   Stack                           
  Variable, Real(kind=8)
  Declared        62
  Defined         71      73      75      77
  Referenced      83      91      99     107     115     123

FLUX_OUT                                  Module MG_CONSTANTS_MOD         
  Real(kind=8), Use assoc, Dimension(:), Allocatable
  Declared  
  Defined         83      91      99     107     115     123
  Referenced
  Referenced in contained procedure

GRID                                      MG_FLUX_ACCUMULATE              
  Dummy Argument, Real(kind=8), Dimension(0:<exp>,0:<exp>,0:<exp>),
                                                        Intent(inout)
  Declared        39      52
  Defined   
  Referenced      83      91      99     107     115     123

I                                         Stack                           
  Variable, Integer
  Declared        59
  Defined   
  Referenced      99     107     115     123

IERR                                      MG_FLUX_ACCUMULATE              
  Dummy Argument, Integer, Intent(out)
  Declared        39      49
  Defined         68
  Referenced

IVAR                                      MG_FLUX_ACCUMULATE              
  Dummy Argument, Integer, Intent(in)
  Declared        39      46
  Defined   
  Referenced      83      91      99     107     115     123

J                                         Stack                           
  Variable, Integer
  Declared        59
  Defined   
  Referenced      83      91     115     123

K                                         Stack                           
  Variable, Integer
  Declared        59
  Defined   
  Referenced      83      91      99     107

MG_CONSTANTS_MOD                                                          
  Module, Used indirectly (from module MG_UTILS_MOD)
  Declared  
  Defined   
  Referenced

MG_CONSTANTS_MOD                                                          
  Module, Used indirectly (from module MG_PROFILING_MOD)
  Declared  
  Defined   
  Referenced

MG_ENV_MOD                                                                
  Module, Used indirectly (from module MG_PROFILING_MOD)
  Declared  
  Defined   
  Referenced

MG_FLUX_ACCUMULATE                                                        
  Subroutine, Module procedure
  Declared        39
  Defined   
  Referenced

MG_FLUX_ACCUMULATE_MOD                                                    
  Module
  Declared        28
  Defined   
  Referenced

MG_OPTIONS_MOD                                                            
  Module, Used indirectly (from module MG_PROFILING_MOD)
  Declared  
  Defined   
  Referenced

MG_OPTIONS_MOD                                                            
  Module, Used indirectly (from module MG_UTILS_MOD)
  Declared  
  Defined   
  Referenced

MG_PROFILING_MOD                                                          
  Module
  Declared  
  Defined   
  Referenced      31

MG_REAL                                   Module MG_CONSTANTS_MOD         
  Parameter, Integer(kind=1), Use assoc
  Declared  
  Defined   
  Referenced      51      61
  Referenced in contained procedure

MG_UTILS_MOD                                                              
  Module, Used indirectly (from module MG_PROFILING_MOD)
  Declared  
  Defined   
  Referenced

MG_UTILS_MOD                                                              
  Module
  Declared  
  Defined   
  Referenced      30

MPIFCMB5                                  Module MG_CONSTANTS_MOD         
  Common block 
  Declared  
  Defined   
  Referenced

MPIFCMB9                                  Module MG_CONSTANTS_MOD         
  Common block 
  Declared  
  Defined   
  Referenced

MPIPRIV1                                  Module MG_CONSTANTS_MOD         
  Common block 
  Declared  
  Defined   
  Referenced

MPIPRIV2                                  Module MG_CONSTANTS_MOD         
  Common block 
  Declared  
  Defined   
  Referenced

MPIPRIVC                                  Module MG_CONSTANTS_MOD         
  Common block 
  Declared  
  Defined   
  Referenced

MYPX                                      Module MG_CONSTANTS_MOD         
  Integer(kind=4), Use assoc
  Declared  
  Defined   
  Referenced      80      88
  Referenced in contained procedure

MYPY                                      Module MG_CONSTANTS_MOD         
  Integer(kind=4), Use assoc
  Declared  
  Defined   
  Referenced      96     104
  Referenced in contained procedure

MYPZ                                      Module MG_CONSTANTS_MOD         
  Integer(kind=4), Use assoc
  Declared  
  Defined   
  Referenced     112     120
  Referenced in contained procedure

NPX                                       Module MG_OPTIONS_MOD           
  Integer, Use assoc
  Declared  
  Defined   
  Referenced      88
  Referenced in contained procedure

NPY                                       Module MG_OPTIONS_MOD           
  Integer, Use assoc
  Declared  
  Defined   
  Referenced     104
  Referenced in contained procedure

NPZ                                       Module MG_OPTIONS_MOD           
  Integer, Use assoc
  Declared  
  Defined   
  Referenced     120
  Referenced in contained procedure

NX                                        Module MG_OPTIONS_MOD           
  Integer, Use assoc
  Declared  
  Defined   
  Referenced      91      98     106     114     122
  Referenced in contained procedure

NY                                        Module MG_OPTIONS_MOD           
  Integer, Use assoc
  Declared  
  Defined   
  Referenced      82      90     107     113     121
  Referenced in contained procedure

NZ                                        Module MG_OPTIONS_MOD           
  Integer, Use assoc
  Declared  
  Defined   
  Referenced      81      89      97     105     123
  Referenced in contained procedure

STENCIL                                   Module MG_OPTIONS_MOD           
  Integer, Use assoc
  Declared  
  Defined   
  Referenced      70      72      74      76
  Referenced in contained procedure

STENCIL_2D5PT                             Module MG_OPTIONS_MOD           
  Parameter, Integer, Use assoc
  Declared  
  Defined   
  Referenced      70
  Referenced in contained procedure

STENCIL_2D9PT                             Module MG_OPTIONS_MOD           
  Parameter, Integer, Use assoc
  Declared  
  Defined   
  Referenced      72
  Referenced in contained procedure

STENCIL_3D27PT                            Module MG_OPTIONS_MOD           
  Parameter, Integer, Use assoc
  Declared  
  Defined   
  Referenced      76
  Referenced in contained procedure

STENCIL_3D7PT                             Module MG_OPTIONS_MOD           
  Parameter, Integer, Use assoc
  Declared  
  Defined   
  Referenced      74
  Referenced in contained procedure


%%%%%%%%%%%%%%%%%%%%%%%%%%%%%%%%%%%%%%%%%%%%%%%%%%%%%%%%%%%%%%%%%%%%%%%%%%%%%%%%
                     C o m m o n   B l o c k   R e p o r t
%%%%%%%%%%%%%%%%%%%%%%%%%%%%%%%%%%%%%%%%%%%%%%%%%%%%%%%%%%%%%%%%%%%%%%%%%%%%%%%%

Blk  Program Unit                     Messages
---  ------------                     --------
/MPIFCMB5/                            Length: 4 bytes

     MG_FLUX_ACCUMULATE_MOD           Block is used from MG_CONSTANTS_MOD

Blk  Program Unit                     Messages
---  ------------                     --------
/MPIFCMB9/                            Length: 4 bytes

     MG_FLUX_ACCUMULATE_MOD           Block is used from MG_CONSTANTS_MOD

Blk  Program Unit                     Messages
---  ------------                     --------
/MPIPRIV1/                            Length: 28 bytes

     MG_FLUX_ACCUMULATE_MOD           Block is used from MG_CONSTANTS_MOD

Blk  Program Unit                     Messages
---  ------------                     --------
/MPIPRIV2/                            Length: 24 bytes

     MG_FLUX_ACCUMULATE_MOD           Block is used from MG_CONSTANTS_MOD

Blk  Program Unit                     Messages
---  ------------                     --------
/MPIPRIVC/                            Length: 2 bytes

     MG_FLUX_ACCUMULATE_MOD           Block is used from MG_CONSTANTS_MOD


%%%%%%%%%%%%%%%%%%%%%%%%%%%%%%%%%%%%%%%%%%%%%%%%%%%%%%%%%%%%%%%%%%%%%%%%%%%%%%%%
                         E x t e r n a l   R e p o r t
%%%%%%%%%%%%%%%%%%%%%%%%%%%%%%%%%%%%%%%%%%%%%%%%%%%%%%%%%%%%%%%%%%%%%%%%%%%%%%%%

Name  Messages
----  --------
ENV in MG_ENV_MOD
      Defined as:  No definitions.

                   No calls.  It is not called and does not use any procedure.

      Interface:   None

Name  Messages
----  --------
MG_ASSERT in MG_UTILS_MOD
      Defined as:  No definitions.

                   No calls.  It is not called and does not use any procedure.

      Interface:   None

Name  Messages
----  --------
MG_COMPUTE_STDDEV in MG_UTILS_MOD
      Defined as:  No definitions.

                   No calls.  It is not called and does not use any procedure.

      Interface:   None

Name  Messages
----  --------
MG_CONSTANTS_MOD
      Defined as:  No definitions.

      Used By:     MG_FLUX_ACCUMULATE_MOD  (indirectly)
                   MG_FLUX_ACCUMULATE_MOD  (indirectly)

Name  Messages
----  --------
MG_ENV_MOD
      Defined as:  No definitions.

      Used By:     MG_FLUX_ACCUMULATE_MOD  (indirectly)

Name  Messages
----  --------
MG_FLUX_ACCUMULATE in MG_FLUX_ACCUMULATE_MOD
      Defined as:  Subroutine (line 39, file MG_FLUX_ACCUMULATE.F)

                   No calls.  It is not called and does not use any procedure.

      Interface:   None

Name  Messages
----  --------
MG_FLUX_ACCUMULATE_MOD
      Defined as:  Module (line 28, file MG_FLUX_ACCUMULATE.F)

        Uses:      MG_UTILS_MOD
                   MG_OPTIONS_MOD  (indirectly)
                   MG_CONSTANTS_MOD  (indirectly)
                   MG_PROFILING_MOD
                   MG_OPTIONS_MOD  (indirectly)
                   MG_ENV_MOD  (indirectly)
                   MG_UTILS_MOD  (indirectly)
                   MG_CONSTANTS_MOD  (indirectly)

Name  Messages
----  --------
MG_GRID_DEALLOC in MG_UTILS_MOD
      Defined as:  No definitions.

                   No calls.  It is not called and does not use any procedure.

      Interface:   None

Name  Messages
----  --------
MG_GRID_INIT in MG_UTILS_MOD
      Defined as:  No definitions.

                   No calls.  It is not called and does not use any procedure.

      Interface:   None

Name  Messages
----  --------
MG_INIT in MG_UTILS_MOD
      Defined as:  No definitions.

                   No calls.  It is not called and does not use any procedure.

      Interface:   None

Name  Messages
----  --------
MG_INIT_GRID in MG_UTILS_MOD
      Defined as:  No definitions.

                   No calls.  It is not called and does not use any procedure.

      Interface:   None

Name  Messages
----  --------
MG_INSERT_SPIKE in MG_UTILS_MOD
      Defined as:  No definitions.

                   No calls.  It is not called and does not use any procedure.

      Interface:   None

Name  Messages
----  --------
MG_OPTIONS_MOD
      Defined as:  No definitions.

      Used By:     MG_FLUX_ACCUMULATE_MOD  (indirectly)
                   MG_FLUX_ACCUMULATE_MOD  (indirectly)

Name  Messages
----  --------
MG_PERF_INIT in MG_PROFILING_MOD
      Defined as:  No definitions.

                   No calls.  It is not called and does not use any procedure.

      Interface:   None

Name  Messages
----  --------
MG_PERF_REPORT in MG_PROFILING_MOD
      Defined as:  No definitions.

                   No calls.  It is not called and does not use any procedure.

      Interface:   None

Name  Messages
----  --------
MG_PRINT_HEADER in MG_UTILS_MOD
      Defined as:  No definitions.

                   No calls.  It is not called and does not use any procedure.

      Interface:   None

Name  Messages
----  --------
MG_PROFILING_MOD
      Defined as:  No definitions.

      Used By:     MG_FLUX_ACCUMULATE_MOD

Name  Messages
----  --------
MG_TIMER in MG_UTILS_MOD
      Defined as:  No definitions.

                   No calls.  It is not called and does not use any procedure.

      Interface:   None

Name  Messages
----  --------
MG_UTILS_MOD
      Defined as:  No definitions.

      Used By:     MG_FLUX_ACCUMULATE_MOD
                   MG_FLUX_ACCUMULATE_MOD  (indirectly)

Name  Messages
----  --------
MPI_COMM_DUP_FN
      Defined as:  No definitions.

                   No calls.  It is not called and does not use any procedure.

Name  Messages
----  --------
MPI_COMM_NULL_COPY_FN
      Defined as:  No definitions.

                   No calls.  It is not called and does not use any procedure.

Name  Messages
----  --------
MPI_COMM_NULL_DELETE_FN
      Defined as:  No definitions.

                   No calls.  It is not called and does not use any procedure.

Name  Messages
----  --------
MPI_CONVERSION_FN_NULL
      Defined as:  No definitions.

                   No calls.  It is not called and does not use any procedure.

Name  Messages
----  --------
MPI_DUP_FN
      Defined as:  No definitions.

                   No calls.  It is not called and does not use any procedure.

Name  Messages
----  --------
MPI_NULL_COPY_FN
      Defined as:  No definitions.

                   No calls.  It is not called and does not use any procedure.

Name  Messages
----  --------
MPI_NULL_DELETE_FN
      Defined as:  No definitions.

                   No calls.  It is not called and does not use any procedure.

Name  Messages
----  --------
MPI_TYPE_DUP_FN
      Defined as:  No definitions.

                   No calls.  It is not called and does not use any procedure.

Name  Messages
----  --------
MPI_TYPE_NULL_COPY_FN
      Defined as:  No definitions.

                   No calls.  It is not called and does not use any procedure.

Name  Messages
----  --------
MPI_TYPE_NULL_DELETE_FN
      Defined as:  No definitions.

                   No calls.  It is not called and does not use any procedure.

Name  Messages
----  --------
MPI_WIN_DUP_FN
      Defined as:  No definitions.

                   No calls.  It is not called and does not use any procedure.

Name  Messages
----  --------
MPI_WIN_NULL_COPY_FN
      Defined as:  No definitions.

                   No calls.  It is not called and does not use any procedure.

Name  Messages
----  --------
MPI_WIN_NULL_DELETE_FN
      Defined as:  No definitions.

                   No calls.  It is not called and does not use any procedure.

Name  Messages
----  --------
MPI_WTICK
      Defined as:  No definitions.

                   No calls.  It is not called and does not use any procedure.

      Interface:   None

Name  Messages
----  --------
MPI_WTIME
      Defined as:  No definitions.

                   No calls.  It is not called and does not use any procedure.

      Interface:   None

Name  Messages
----  --------
PMPI_WTICK
      Defined as:  No definitions.

                   No calls.  It is not called and does not use any procedure.

      Interface:   None

Name  Messages
----  --------
PMPI_WTIME
      Defined as:  No definitions.

                   No calls.  It is not called and does not use any procedure.

      Interface:   None


%%%%%%%%%%%%%%%%%%%%%%%%%%%%%%%%%%%%%%%%%%%%%%%%%%%%%%%%%%%%%%%%%%%%%%%%%%%%%%%%
%%%%%%%%%%%%%%%%%%%%%%%%%%%%%%%%%%%%%%%%%%%%%%%%%%%%%%%%%%%%%%%%%%%%%%%%%%%%%%%%
