%%%%%%%%%%%%%%%%%%%%%%%%%%%%%%%%%%%%%%%%%%%%%%%%%%%%%%%%%%%%%%%%%%%%%%%%%%%%%%%%
                          S u m m a r y   R e p o r t
%%%%%%%%%%%%%%%%%%%%%%%%%%%%%%%%%%%%%%%%%%%%%%%%%%%%%%%%%%%%%%%%%%%%%%%%%%%%%%%%

Compilation
-----------
File     : /lus/scratch/p02128/work/MiniGhost/source/MG_PACK.F
Compiled : 10/31/18  05:23:38
Compiler : Version 8.7.6
Ftnlx    : Version 8503 (libcif 85008)
Target   : x86-64
Command  : ftn_driver.exe -hcpu=broadwell -hstatic -D__CRAYXC
           -D__CRAY_BROADWELL -D__CRAYXT_COMPUTE_LINUX_TARGET -hnetwork=aries
           -D_MG_MPI -D_MG_INT4 -D_MG_REAL8 -ffree -hlist=a -c MG_PACK.F
           -I/opt/cray/pe/cce/8.7.6/cce/x86_64/include/craylibs -I/usr/include
           -I/usr/include -I/opt/cray/pe/mpt/7.7.3/gni/mpich-cray/8.6/include
           -I/opt/cray/pe/libsci/18.07.1/CRAY/8.6/x86_64/include
           -I/opt/cray/rca/2.2.18-6.0.7.0_33.3__g2aa4f39.ari/include
           -I/opt/cray/pe/pmi/5.0.14/include
           -I/opt/cray/xpmem/2.2.15-6.0.7.0_35.11__g7549d06.ari/include
           -I/opt/cray/dmapp/7.1.1-6.0.7.0_34.3__g5a674e0.ari/include
           -I/opt/cray/gni-headers/5.0.12.0-6.0.7.0_24.1__g3b1768f.ari/include
           -I/opt/cray/ugni/6.0.14.0-6.0.7.0_23.1__gea11d3d.ari/include
           -I/opt/cray/udreg/2.3.2-6.0.7.0_33.18__g5196236.ari/include
           -I/opt/cray/alps/6.6.43-6.0.7.0_26.4__ga796da3.ari/include
           -I/opt/cray/wlm_detect/1.3.3-6.0.7.0_47.2__g7109084.ari/include
           -I/opt/cray/krca/2.2.4-6.0.7.0_32.3__g8505b97.ari/include
           -I/opt/cray-hss-devel/8.0.0/include
Program
  Units  : MG_PACK_MOD

ftnlx report
------------
Source   : /lus/scratch/p02128/work/MiniGhost/source/MG_PACK.F
Date     : 10/31/2018  05:23:39


%%%%%%%%%%%%%%%%%%%%%%%%%%%%%%%%%%%%%%%%%%%%%%%%%%%%%%%%%%%%%%%%%%%%%%%%%%%%%%%%
                          O p t i o n s   R e p o r t
%%%%%%%%%%%%%%%%%%%%%%%%%%%%%%%%%%%%%%%%%%%%%%%%%%%%%%%%%%%%%%%%%%%%%%%%%%%%%%%%

Options :  -O cache2,scalar2,thread2,vector2,mpi0,modinline,ipa3,noaggress
           -O autoprefetch,noautothread,fusion2,nomsgs,nonegmsgs,nooverindex
           -O pattern,shortcircuit2,unroll2,nozeroinc
           -h noadd_paren,align_arrays,nobounds,caf,noconcurrent,nocontiguous
           -h nocontiguous_assumed_shape,fma,nofp_trap,nofunc_trace,noomp_analyz
           e
           -h noomp_trace,nopat_trace
           -h safe_addr,thread_do_concurrent,fp2=approx,flex_mp=default         
           -h alias=default:standard_restrict         
           -h static (or -static)
           -h omp,noacc
           -h cpu=x86-64,broadwell
           -h network=aries
           -K trap=none
           -s default32
           -eh
           -d abcdefgijmopqsvwzACEFIPQRST0
           -e nBDZ 
           -f free
           -m3
           -S /lus/scratch/tmp/pe_5159/MG_PACK_1.s


%%%%%%%%%%%%%%%%%%%%%%%%%%%%%%%%%%%%%%%%%%%%%%%%%%%%%%%%%%%%%%%%%%%%%%%%%%%%%%%%
                          S o u r c e   L i s t i n g
%%%%%%%%%%%%%%%%%%%%%%%%%%%%%%%%%%%%%%%%%%%%%%%%%%%%%%%%%%%%%%%%%%%%%%%%%%%%%%%%


     %%%    L o o p m a r k   L e g e n d    %%%

     Primary Loop Type        Modifiers
     ------- ---- ----        ---------
     A - Pattern matched      a - atomic memory operation
                              b - blocked
     C - Collapsed            c - conditional and/or computed
     D - Deleted               
     E - Cloned                
     F - Flat - No calls      f - fused
     G - Accelerated          g - partitioned
     I - Inlined              i - interchanged
     M - Multithreaded        m - partitioned
                              n - non-blocking remote transfer
                              p - partial
     R - Rerolling            r - unrolled
                              s - shortloop
     V - Vectorized           w - unwound

     + - More messages listed at end of listing
     ------------------------------------------


    1.              ! ************************************************************************
    2.              !
    3.              !               miniGhost: stencil computations with boundary exchange.
    4.              !                 Copyright (2012) Sandia Corporation
    5.              !
    6.              ! Under terms of Contract DE-AC04-94AL85000, there is a non-exclusive
    7.              ! license for use of this work by or on behalf of the U.S. Government.
    8.              !
    9.              ! This library is free software; you can redistribute it and/or modify
   10.              ! it under the terms of the GNU Lesser General Public License as
   11.              ! published by the Free Software Foundation; either version 2.1 of the
   12.              ! License, or (at your option) any later version.
   13.              !
   14.              ! This library is distributed in the hope that it will be useful, but
   15.              ! WITHOUT ANY WARRANTY; without even the implied warranty of
   16.              ! MERCHANTABILITY or FITNESS FOR A PARTICULAR PURPOSE.  See the GNU
   17.              ! Lesser General Public License for more details.
   18.              !
   19.              ! You should have received a copy of the GNU Lesser General Public
   20.              ! License along with this library; if not, write to the Free Software
   21.              ! Foundation, Inc., 59 Temple Place, Suite 330, Boston, MA 02111-1307
   22.              ! USA
   23.              ! Questions? Contact Richard F. Barrett (rfbarre@sandia.gov) or
   24.              !                    Michael A. Heroux (maherou@sandia.gov)
   25.              !
   26.              ! ************************************************************************
   27.              
   28.              MODULE MG_PACK_MOD
   29.              
   30.                 ! Purpose
   31.                 ! =======
   32.                 ! Pack boundary data into send buffer for subsequent transmission,
   33.                 ! using the BSPMA boundary exchange strategy.
   34.                 ! Note that ghost space is sent as well (i.e. rows 0 and NX+1),
   35.                 ! necessary for stencils with diagonals and irrelevant for stencils
   36.                 ! without diagonals. Could be a separate routine, but no matter.
   37.              
   38.                 USE MG_CONSTANTS_MOD
   39.                 USE MG_UTILS_MOD
   40.                 USE MG_PROFILING_MOD
   41.              
   42.                 IMPLICIT NONE
   43.              
   44.              CONTAINS
   45.                 
   46.                 SUBROUTINE MG_PACK ( GRID, IERR )
   47.                 
   48.                    ! ---------------------
   49.                    ! Argument Declarations
   50.                    ! ---------------------
   51.              
   52.                    INTEGER, INTENT(OUT) :: &
   53.                       IERR           ! Return status
   54.              
   55.                    REAL(KIND=MG_REAL), DIMENSION(0:NX+1, 0:NY+1, 0:NZ+1), INTENT(IN) :: &
   56.                       GRID
   57.              
   58.                    ! ------------------
   59.                    ! Local Declarations
   60.                    ! ------------------
   61.                 
   62.                    INTEGER ::        &
   63.                       I, J, K                         ! Counters
   64.              
   65.                    REAL(KIND=MG_REAL8) ::      &
   66.                       TIME_START,              &
   67.                       TIME_START_DIR
   68.              
   69.                    ! ---------------------
   70.                    ! Executable Statements
   71.                    ! ---------------------
   72.              
   73.                    IERR = 0
   74.              
   75.                    IF ( NUMPES == 1 ) &
   76.                       RETURN
   77.              
   78.  +                 TIME_START = MG_TIMER()
   79.              
   80.                    ! Back boundary
   81.                 
   82.                    IF ( NEIGHBORS(BACK) /= -1 ) THEN
   83.  +                    TIME_START_DIR = MG_TIMER ()
   84.    M-------< !$OMP PARALLEL DO
   85.  + M m-----<          DO J = 0, NY+1
   86.    M m A---<             DO I = 0, NX+1
   87.    M m A                    SEND_BUFFER_BACK(COUNT_SEND_BACK + J*(NX+2) + I + 1) = GRID ( I, J, 1 )
   88.    M m A--->             END DO
   89.    M m----->          END DO
   90.    M-------> !$OMP END PARALLEL DO
   91.  +                    MG_PERF%TIME_PACK_Z_PE = MG_PERF%TIME_PACK_Z_PE + MG_TIMER () - &
   92.                                                TIME_START_DIR
   93.                       COUNT_SEND_BACK = COUNT_SEND_BACK + (NX+2)*(NY+2)
   94.                    END IF
   95.                 
   96.                    ! Front boundary
   97.                 
   98.                    IF ( NEIGHBORS(FRONT) /= -1 ) THEN
   99.  +                    TIME_START_DIR = MG_TIMER ()
  100.    M-------< !$OMP PARALLEL DO
  101.  + M m-----<          DO J = 0, NY+1
  102.    M m A---<             DO I = 0, NX+1
  103.    M m A                    SEND_BUFFER_FRONT(COUNT_SEND_FRONT + J*(NX+2) + I + 1) = GRID ( I, J, NZ )
  104.    M m A--->             END DO
  105.    M m----->          END DO
  106.    M-------> !$OMP END PARALLEL DO
  107.  +                    MG_PERF%TIME_PACK_Z_PE = MG_PERF%TIME_PACK_Z_PE + MG_TIMER () - &
  108.                                                TIME_START_DIR
  109.                       COUNT_SEND_FRONT = COUNT_SEND_FRONT + (NX+2)*(NY+2)
  110.                    END IF
  111.                 
  112.                    ! East boundary
  113.                 
  114.                    IF ( NEIGHBORS(EAST) /= -1 ) THEN
  115.  +                    TIME_START_DIR = MG_TIMER ()
  116.    M-------< !$OMP PARALLEL DO
  117.  + M m-----<           DO K = 0, NZ+1
  118.  + M m r8--<             DO J = 0, NY+1
  119.    M m r8                   SEND_BUFFER_EAST(COUNT_SEND_EAST + K*(NY+2) + J + 1) = GRID ( NX, J, K )
  120.    M m r8-->             END DO
  121.    M m----->          END DO
  122.    M-------> !$OMP END PARALLEL DO
  123.  +                    MG_PERF%TIME_PACK_X_PE = MG_PERF%TIME_PACK_X_PE + MG_TIMER () - &
  124.                                                TIME_START_DIR
  125.                       COUNT_SEND_EAST = COUNT_SEND_EAST + (NZ+2)*(NY+2)
  126.                    END IF
  127.                 
  128.                    ! West boundary
  129.                 
  130.                    IF ( NEIGHBORS(WEST) /= -1 ) THEN
  131.  +                    TIME_START_DIR = MG_TIMER ()
  132.    M-------< !$OMP PARALLEL DO
  133.  + M m-----<          DO K = 0, NZ+1
  134.  + M m r8--<             DO J = 0, NY+1
  135.    M m r8                   SEND_BUFFER_WEST(COUNT_SEND_WEST + K*(NY+2) + J + 1) = GRID ( 1, J, K )
  136.    M m r8-->             END DO
  137.    M m----->          END DO
  138.    M-------> !$OMP END PARALLEL DO
  139.  +                    MG_PERF%TIME_PACK_X_PE = MG_PERF%TIME_PACK_X_PE + MG_TIMER () - &
  140.                                                TIME_START_DIR
  141.                       COUNT_SEND_WEST = COUNT_SEND_WEST + (NZ+2)*(NY+2)
  142.                    END IF
  143.                 
  144.                    ! North boundary
  145.                 
  146.                    IF ( NEIGHBORS(NORTH) /= -1 ) THEN
  147.  +                    TIME_START_DIR = MG_TIMER ()
  148.    M-------< !$OMP PARALLEL DO
  149.  + M m-----<          DO K = 0, NZ+1
  150.    M m A---<             DO I = 0, NX+1
  151.    M m A                    SEND_BUFFER_NORTH(COUNT_SEND_NORTH + K*(NX+2) + I + 1) = GRID ( I, NY, K )
  152.    M m A--->             END DO
  153.    M m----->          END DO
  154.    M-------> !$OMP END PARALLEL DO
  155.  +                    MG_PERF%TIME_PACK_Y_PE = MG_PERF%TIME_PACK_Y_PE + MG_TIMER () - &
  156.                                                TIME_START_DIR
  157.                       COUNT_SEND_NORTH = COUNT_SEND_NORTH + (NZ+2)*(NX+2)
  158.                    END IF
  159.                 
  160.                    ! South boundary
  161.                 
  162.                    IF ( NEIGHBORS(SOUTH) /= -1 ) THEN
  163.  +                    TIME_START_DIR = MG_TIMER ()
  164.    M-------< !$OMP PARALLEL DO
  165.  + M m-----<          DO K = 0, NZ+1
  166.    M m A---<             DO I = 0, NX+1
  167.    M m A                    SEND_BUFFER_SOUTH(COUNT_SEND_SOUTH + K*(NX+2) + I + 1) = GRID ( I, 1, K )
  168.    M m A--->             END DO
  169.    M m----->          END DO
  170.    M-------> !$OMP END PARALLEL DO
  171.  +                    MG_PERF%TIME_PACK_Y_PE = MG_PERF%TIME_PACK_Y_PE + MG_TIMER () - &
  172.                                                TIME_START_DIR
  173.                       COUNT_SEND_SOUTH = COUNT_SEND_SOUTH + (NZ+2)*(NX+2)
  174.                    END IF
  175.                 
  176.  +                 MG_PERF%TIME_PACK_PE = MG_PERF%TIME_PACK_PE + MG_TIMER() - TIME_START
  177.              
  178.                 END SUBROUTINE MG_PACK
  179.                 
  180.              END MODULE MG_PACK_MOD

ftn-3118 ftn: IPA MG_PACK, File = MG_PACK.F, Line = 78, Column = 20 
  "mg_timer" (called from "mg_pack") was not inlined because the call site will not flatten.  "mpi_wtime_" is missing.

ftn-3118 ftn: IPA MG_PACK, File = MG_PACK.F, Line = 83, Column = 27 
  "mg_timer" (called from "mg_pack") was not inlined because the call site will not flatten.  "mpi_wtime_" is missing.

ftn-6823 ftn: THREAD MG_PACK, File = MG_PACK.F, Line = 84 
  A region starting at line 84 and ending at line 90 was multi-threaded.

ftn-6294 ftn: VECTOR MG_PACK, File = MG_PACK.F, Line = 85 
  A loop starting at line 85 was not vectorized because a better candidate was found at line 86.

ftn-6817 ftn: THREAD MG_PACK, File = MG_PACK.F, Line = 85 
  A loop starting at line 85 was partitioned.

ftn-6202 ftn: VECTOR MG_PACK, File = MG_PACK.F, Line = 86 
  A loop starting at line 86 was replaced by a library call.

ftn-3118 ftn: IPA MG_PACK, File = MG_PACK.F, Line = 91, Column = 60 
  "mg_timer" (called from "mg_pack") was not inlined because the call site will not flatten.  "mpi_wtime_" is missing.

ftn-3118 ftn: IPA MG_PACK, File = MG_PACK.F, Line = 99, Column = 27 
  "mg_timer" (called from "mg_pack") was not inlined because the call site will not flatten.  "mpi_wtime_" is missing.

ftn-6823 ftn: THREAD MG_PACK, File = MG_PACK.F, Line = 100 
  A region starting at line 100 and ending at line 106 was multi-threaded.

ftn-6294 ftn: VECTOR MG_PACK, File = MG_PACK.F, Line = 101 
  A loop starting at line 101 was not vectorized because a better candidate was found at line 102.

ftn-6817 ftn: THREAD MG_PACK, File = MG_PACK.F, Line = 101 
  A loop starting at line 101 was partitioned.

ftn-6202 ftn: VECTOR MG_PACK, File = MG_PACK.F, Line = 102 
  A loop starting at line 102 was replaced by a library call.

ftn-3118 ftn: IPA MG_PACK, File = MG_PACK.F, Line = 107, Column = 60 
  "mg_timer" (called from "mg_pack") was not inlined because the call site will not flatten.  "mpi_wtime_" is missing.

ftn-3118 ftn: IPA MG_PACK, File = MG_PACK.F, Line = 115, Column = 27 
  "mg_timer" (called from "mg_pack") was not inlined because the call site will not flatten.  "mpi_wtime_" is missing.

ftn-6823 ftn: THREAD MG_PACK, File = MG_PACK.F, Line = 116 
  A region starting at line 116 and ending at line 122 was multi-threaded.

ftn-6294 ftn: VECTOR MG_PACK, File = MG_PACK.F, Line = 117 
  A loop starting at line 117 was not vectorized because a better candidate was found at line 118.

ftn-6817 ftn: THREAD MG_PACK, File = MG_PACK.F, Line = 117 
  A loop starting at line 117 was partitioned.

ftn-6332 ftn: VECTOR MG_PACK, File = MG_PACK.F, Line = 118 
  A loop starting at line 118 was not vectorized because it does not map well onto the target architecture.

ftn-6005 ftn: SCALAR MG_PACK, File = MG_PACK.F, Line = 118 
  A loop starting at line 118 was unrolled 8 times.

ftn-3118 ftn: IPA MG_PACK, File = MG_PACK.F, Line = 123, Column = 60 
  "mg_timer" (called from "mg_pack") was not inlined because the call site will not flatten.  "mpi_wtime_" is missing.

ftn-3118 ftn: IPA MG_PACK, File = MG_PACK.F, Line = 131, Column = 27 
  "mg_timer" (called from "mg_pack") was not inlined because the call site will not flatten.  "mpi_wtime_" is missing.

ftn-6823 ftn: THREAD MG_PACK, File = MG_PACK.F, Line = 132 
  A region starting at line 132 and ending at line 138 was multi-threaded.

ftn-6294 ftn: VECTOR MG_PACK, File = MG_PACK.F, Line = 133 
  A loop starting at line 133 was not vectorized because a better candidate was found at line 134.

ftn-6817 ftn: THREAD MG_PACK, File = MG_PACK.F, Line = 133 
  A loop starting at line 133 was partitioned.

ftn-6332 ftn: VECTOR MG_PACK, File = MG_PACK.F, Line = 134 
  A loop starting at line 134 was not vectorized because it does not map well onto the target architecture.

ftn-6005 ftn: SCALAR MG_PACK, File = MG_PACK.F, Line = 134 
  A loop starting at line 134 was unrolled 8 times.

ftn-3118 ftn: IPA MG_PACK, File = MG_PACK.F, Line = 139, Column = 60 
  "mg_timer" (called from "mg_pack") was not inlined because the call site will not flatten.  "mpi_wtime_" is missing.

ftn-3118 ftn: IPA MG_PACK, File = MG_PACK.F, Line = 147, Column = 27 
  "mg_timer" (called from "mg_pack") was not inlined because the call site will not flatten.  "mpi_wtime_" is missing.

ftn-6823 ftn: THREAD MG_PACK, File = MG_PACK.F, Line = 148 
  A region starting at line 148 and ending at line 154 was multi-threaded.

ftn-6294 ftn: VECTOR MG_PACK, File = MG_PACK.F, Line = 149 
  A loop starting at line 149 was not vectorized because a better candidate was found at line 150.

ftn-6817 ftn: THREAD MG_PACK, File = MG_PACK.F, Line = 149 
  A loop starting at line 149 was partitioned.

ftn-6202 ftn: VECTOR MG_PACK, File = MG_PACK.F, Line = 150 
  A loop starting at line 150 was replaced by a library call.

ftn-3118 ftn: IPA MG_PACK, File = MG_PACK.F, Line = 155, Column = 60 
  "mg_timer" (called from "mg_pack") was not inlined because the call site will not flatten.  "mpi_wtime_" is missing.

ftn-3118 ftn: IPA MG_PACK, File = MG_PACK.F, Line = 163, Column = 27 
  "mg_timer" (called from "mg_pack") was not inlined because the call site will not flatten.  "mpi_wtime_" is missing.

ftn-6823 ftn: THREAD MG_PACK, File = MG_PACK.F, Line = 164 
  A region starting at line 164 and ending at line 170 was multi-threaded.

ftn-6294 ftn: VECTOR MG_PACK, File = MG_PACK.F, Line = 165 
  A loop starting at line 165 was not vectorized because a better candidate was found at line 166.

ftn-6817 ftn: THREAD MG_PACK, File = MG_PACK.F, Line = 165 
  A loop starting at line 165 was partitioned.

ftn-6202 ftn: VECTOR MG_PACK, File = MG_PACK.F, Line = 166 
  A loop starting at line 166 was replaced by a library call.

ftn-3118 ftn: IPA MG_PACK, File = MG_PACK.F, Line = 171, Column = 60 
  "mg_timer" (called from "mg_pack") was not inlined because the call site will not flatten.  "mpi_wtime_" is missing.

ftn-3118 ftn: IPA MG_PACK, File = MG_PACK.F, Line = 176, Column = 53 
  "mg_timer" (called from "mg_pack") was not inlined because the call site will not flatten.  "mpi_wtime_" is missing.



%%%%%%%%%%%%%%%%%%%%%%%%%%%%%%%%%%%%%%%%%%%%%%%%%%%%%%%%%%%%%%%%%%%%%%%%%%%%%%%%
               C r o s s   R e f e r e n c e   for   MG_PACK_MOD
%%%%%%%%%%%%%%%%%%%%%%%%%%%%%%%%%%%%%%%%%%%%%%%%%%%%%%%%%%%%%%%%%%%%%%%%%%%%%%%%

Name                                      Storage/Owner                   
----                                      -------------                   

BACK                                      Module MG_CONSTANTS_MOD         
  Parameter, Integer(kind=4), Use assoc
  Declared  
  Defined   
  Referenced      82
  Referenced in contained procedure

COUNT_SEND_BACK                           Module MG_CONSTANTS_MOD         
  Integer(kind=4), Use assoc
  Declared  
  Defined         93
  Referenced      87
  Referenced in contained procedure

COUNT_SEND_EAST                           Module MG_CONSTANTS_MOD         
  Integer(kind=4), Use assoc
  Declared  
  Defined        125
  Referenced     119
  Referenced in contained procedure

COUNT_SEND_FRONT                          Module MG_CONSTANTS_MOD         
  Integer(kind=4), Use assoc
  Declared  
  Defined        109
  Referenced     103
  Referenced in contained procedure

COUNT_SEND_NORTH                          Module MG_CONSTANTS_MOD         
  Integer(kind=4), Use assoc
  Declared  
  Defined        157
  Referenced     151
  Referenced in contained procedure

COUNT_SEND_SOUTH                          Module MG_CONSTANTS_MOD         
  Integer(kind=4), Use assoc
  Declared  
  Defined        173
  Referenced     167
  Referenced in contained procedure

COUNT_SEND_WEST                           Module MG_CONSTANTS_MOD         
  Integer(kind=4), Use assoc
  Declared  
  Defined        141
  Referenced     135
  Referenced in contained procedure

EAST                                      Module MG_CONSTANTS_MOD         
  Parameter, Integer(kind=4), Use assoc
  Declared  
  Defined   
  Referenced     114
  Referenced in contained procedure

FRONT                                     Module MG_CONSTANTS_MOD         
  Parameter, Integer(kind=4), Use assoc
  Declared  
  Defined   
  Referenced      98
  Referenced in contained procedure

GRID                                      MG_PACK                         
  Dummy Argument, Real(kind=8), Dimension(0:<exp>,0:<exp>,0:<exp>), Intent(in)
  Declared        46      56
  Defined   
  Referenced      87     103     119     135     151     167

I                                         Stack                           
  Variable, Integer
  Declared        63
  Defined   
  Referenced      87     103     151     167

IERR                                      MG_PACK                         
  Dummy Argument, Integer, Intent(out)
  Declared        46      53
  Defined         73
  Referenced

J                                         Stack                           
  Variable, Integer
  Declared        63
  Defined   
  Referenced      87     103     119     135

K                                         Stack                           
  Variable, Integer
  Declared        63
  Defined   
  Referenced     119     135     151     167

MG_CONSTANTS_MOD                                                          
  Module, Used indirectly (from module MG_UTILS_MOD)
  Declared  
  Defined   
  Referenced

MG_CONSTANTS_MOD                                                          
  Module
  Declared  
  Defined   
  Referenced      38

MG_CONSTANTS_MOD                                                          
  Module, Used indirectly (from module MG_PROFILING_MOD)
  Declared  
  Defined   
  Referenced

MG_ENV_MOD                                                                
  Module, Used indirectly (from module MG_PROFILING_MOD)
  Declared  
  Defined   
  Referenced

MG_OPTIONS_MOD                                                            
  Module, Used indirectly (from module MG_PROFILING_MOD)
  Declared  
  Defined   
  Referenced

MG_OPTIONS_MOD                                                            
  Module, Used indirectly (from module MG_UTILS_MOD)
  Declared  
  Defined   
  Referenced

MG_PACK                                                                   
  Subroutine, Module procedure
  Declared        46
  Defined   
  Referenced

MG_PACK_MOD                                                               
  Module
  Declared        28
  Defined   
  Referenced

MG_PERF                                   Module MG_PROFILING_MOD         
  TYPE(PERF_CHECK), Use assoc
  Declared  
  Defined         91     107     123     139     155     171     176
  Referenced
  Referenced in contained procedure

MG_PROFILING_MOD                                                          
  Module
  Declared  
  Defined   
  Referenced      40

MG_REAL                                   Module MG_CONSTANTS_MOD         
  Parameter, Integer(kind=1), Use assoc
  Declared  
  Defined   
  Referenced      55
  Referenced in contained procedure

MG_REAL8                                  Module MG_CONSTANTS_MOD         
  Parameter, Integer(kind=1), Use assoc
  Declared  
  Defined   
  Referenced      65
  Referenced in contained procedure

MG_TIMER                                  Module MG_UTILS_MOD             
  Function, Double Precision, result(MG_TIMER), Module procedure
  Declared  
  Defined   
  Referenced      78      83      91      99     107     115     123     131     139     147     155     163     171     176

MG_TIMER                                  Module MG_UTILS_MOD             
  Function, Double Precision, result(MG_TIMER), Module procedure
  Declared  
  Defined   
  Referenced      78      83      91      99     107     115     123     131     139     147     155     163     171     176

MG_UTILS_MOD                                                              
  Module
  Declared  
  Defined   
  Referenced      39

MG_UTILS_MOD                                                              
  Module, Used indirectly (from module MG_PROFILING_MOD)
  Declared  
  Defined   
  Referenced

MPIFCMB5                                  Module MG_CONSTANTS_MOD         
  Common block 
  Declared  
  Defined   
  Referenced

MPIFCMB9                                  Module MG_CONSTANTS_MOD         
  Common block 
  Declared  
  Defined   
  Referenced

MPIPRIV1                                  Module MG_CONSTANTS_MOD         
  Common block 
  Declared  
  Defined   
  Referenced

MPIPRIV2                                  Module MG_CONSTANTS_MOD         
  Common block 
  Declared  
  Defined   
  Referenced

MPIPRIVC                                  Module MG_CONSTANTS_MOD         
  Common block 
  Declared  
  Defined   
  Referenced

NEIGHBORS                                 Module MG_CONSTANTS_MOD         
  Integer(kind=4), Use assoc, Dimension(:), Allocatable
  Declared  
  Defined   
  Referenced      82      98     114     130     146     162
  Referenced in contained procedure

NORTH                                     Module MG_CONSTANTS_MOD         
  Parameter, Integer(kind=4), Use assoc
  Declared  
  Defined   
  Referenced     146
  Referenced in contained procedure

NUMPES                                    Module MG_CONSTANTS_MOD         
  Integer(kind=4), Use assoc
  Declared  
  Defined   
  Referenced      75
  Referenced in contained procedure

NX                                        Module MG_OPTIONS_MOD           
  Integer, Use assoc
  Declared  
  Defined   
  Referenced      86      87      93     102     103     109     119     150     151     157     166     167     173
  Referenced in contained procedure

NY                                        Module MG_OPTIONS_MOD           
  Integer, Use assoc
  Declared  
  Defined   
  Referenced      85      93     101     109     118     119     125     134     135     141     151
  Referenced in contained procedure

NZ                                        Module MG_OPTIONS_MOD           
  Integer, Use assoc
  Declared  
  Defined   
  Referenced     103     117     125     133     141     149     157     165     173
  Referenced in contained procedure

SEND_BUFFER_BACK                          Module MG_CONSTANTS_MOD         
  Real(kind=8), Use assoc, Dimension(:), Allocatable
  Declared  
  Defined         87
  Referenced
  Referenced in contained procedure

SEND_BUFFER_EAST                          Module MG_CONSTANTS_MOD         
  Real(kind=8), Use assoc, Dimension(:), Allocatable
  Declared  
  Defined        119
  Referenced
  Referenced in contained procedure

SEND_BUFFER_FRONT                         Module MG_CONSTANTS_MOD         
  Real(kind=8), Use assoc, Dimension(:), Allocatable
  Declared  
  Defined        103
  Referenced
  Referenced in contained procedure

SEND_BUFFER_NORTH                         Module MG_CONSTANTS_MOD         
  Real(kind=8), Use assoc, Dimension(:), Allocatable
  Declared  
  Defined        151
  Referenced
  Referenced in contained procedure

SEND_BUFFER_SOUTH                         Module MG_CONSTANTS_MOD         
  Real(kind=8), Use assoc, Dimension(:), Allocatable
  Declared  
  Defined        167
  Referenced
  Referenced in contained procedure

SEND_BUFFER_WEST                          Module MG_CONSTANTS_MOD         
  Real(kind=8), Use assoc, Dimension(:), Allocatable
  Declared  
  Defined        135
  Referenced
  Referenced in contained procedure

SOUTH                                     Module MG_CONSTANTS_MOD         
  Parameter, Integer(kind=4), Use assoc
  Declared  
  Defined   
  Referenced     162
  Referenced in contained procedure

TIME_PACK_PE                              Structure offset=1408           
  Real(kind=8), Component of PERF_CHECK
  Declared  
  Defined   
  Referenced     176

TIME_PACK_X_PE                            Structure offset=1984           
  Real(kind=8), Component of PERF_CHECK
  Declared  
  Defined   
  Referenced     123     139

TIME_PACK_Y_PE                            Structure offset=2304           
  Real(kind=8), Component of PERF_CHECK
  Declared  
  Defined   
  Referenced     155     171

TIME_PACK_Z_PE                            Structure offset=2624           
  Real(kind=8), Component of PERF_CHECK
  Declared  
  Defined   
  Referenced      91     107

TIME_START                                Stack                           
  Variable, Real(kind=8)
  Declared        66
  Defined         78
  Referenced     176

TIME_START_DIR                            Stack                           
  Variable, Real(kind=8)
  Declared        67
  Defined         83      99     115     131     147     163
  Referenced      92     108     124     140     156     172

WEST                                      Module MG_CONSTANTS_MOD         
  Parameter, Integer(kind=4), Use assoc
  Declared  
  Defined   
  Referenced     130
  Referenced in contained procedure


%%%%%%%%%%%%%%%%%%%%%%%%%%%%%%%%%%%%%%%%%%%%%%%%%%%%%%%%%%%%%%%%%%%%%%%%%%%%%%%%
                     C o m m o n   B l o c k   R e p o r t
%%%%%%%%%%%%%%%%%%%%%%%%%%%%%%%%%%%%%%%%%%%%%%%%%%%%%%%%%%%%%%%%%%%%%%%%%%%%%%%%

Blk  Program Unit                     Messages
---  ------------                     --------
/MPIFCMB5/                            Length: 4 bytes

     MG_PACK_MOD                      Block is used from MG_CONSTANTS_MOD

Blk  Program Unit                     Messages
---  ------------                     --------
/MPIFCMB9/                            Length: 4 bytes

     MG_PACK_MOD                      Block is used from MG_CONSTANTS_MOD

Blk  Program Unit                     Messages
---  ------------                     --------
/MPIPRIV1/                            Length: 28 bytes

     MG_PACK_MOD                      Block is used from MG_CONSTANTS_MOD

Blk  Program Unit                     Messages
---  ------------                     --------
/MPIPRIV2/                            Length: 24 bytes

     MG_PACK_MOD                      Block is used from MG_CONSTANTS_MOD

Blk  Program Unit                     Messages
---  ------------                     --------
/MPIPRIVC/                            Length: 2 bytes

     MG_PACK_MOD                      Block is used from MG_CONSTANTS_MOD


%%%%%%%%%%%%%%%%%%%%%%%%%%%%%%%%%%%%%%%%%%%%%%%%%%%%%%%%%%%%%%%%%%%%%%%%%%%%%%%%
                         E x t e r n a l   R e p o r t
%%%%%%%%%%%%%%%%%%%%%%%%%%%%%%%%%%%%%%%%%%%%%%%%%%%%%%%%%%%%%%%%%%%%%%%%%%%%%%%%

Name  Messages
----  --------
ENV in MG_ENV_MOD
      Defined as:  No definitions.

                   No calls.  It is not called and does not use any procedure.

      Interface:   None

Name  Messages
----  --------
MG_ASSERT in MG_UTILS_MOD
      Defined as:  No definitions.

                   No calls.  It is not called and does not use any procedure.

      Interface:   None

Name  Messages
----  --------
MG_COMPUTE_STDDEV in MG_UTILS_MOD
      Defined as:  No definitions.

                   No calls.  It is not called and does not use any procedure.

      Interface:   None

Name  Messages
----  --------
MG_CONSTANTS_MOD
      Defined as:  No definitions.

      Used By:     MG_PACK_MOD
                   MG_PACK_MOD  (indirectly)
                   MG_PACK_MOD  (indirectly)

Name  Messages
----  --------
MG_ENV_MOD
      Defined as:  No definitions.

      Used By:     MG_PACK_MOD  (indirectly)

Name  Messages
----  --------
MG_GRID_DEALLOC in MG_UTILS_MOD
      Defined as:  No definitions.

                   No calls.  It is not called and does not use any procedure.

      Interface:   None

Name  Messages
----  --------
MG_GRID_INIT in MG_UTILS_MOD
      Defined as:  No definitions.

                   No calls.  It is not called and does not use any procedure.

      Interface:   None

Name  Messages
----  --------
MG_INIT in MG_UTILS_MOD
      Defined as:  No definitions.

                   No calls.  It is not called and does not use any procedure.

      Interface:   None

Name  Messages
----  --------
MG_INIT_GRID in MG_UTILS_MOD
      Defined as:  No definitions.

                   No calls.  It is not called and does not use any procedure.

      Interface:   None

Name  Messages
----  --------
MG_INSERT_SPIKE in MG_UTILS_MOD
      Defined as:  No definitions.

                   No calls.  It is not called and does not use any procedure.

      Interface:   None

Name  Messages
----  --------
MG_OPTIONS_MOD
      Defined as:  No definitions.

      Used By:     MG_PACK_MOD  (indirectly)
                   MG_PACK_MOD  (indirectly)

Name  Messages
----  --------
MG_PACK in MG_PACK_MOD
      Defined as:  Subroutine (line 46, file MG_PACK.F)

      Interface:   None

      Calls:       MG_TIMER in MG_UTILS_MOD (Line 78, file MG_PACK.F)
                   MG_TIMER in MG_UTILS_MOD (Line 83, file MG_PACK.F)
                   MG_TIMER in MG_UTILS_MOD (Line 91, file MG_PACK.F)
                   MG_TIMER in MG_UTILS_MOD (Line 99, file MG_PACK.F)
                   MG_TIMER in MG_UTILS_MOD (Line 107, file MG_PACK.F)
                   MG_TIMER in MG_UTILS_MOD (Line 115, file MG_PACK.F)
                   MG_TIMER in MG_UTILS_MOD (Line 123, file MG_PACK.F)
                   MG_TIMER in MG_UTILS_MOD (Line 131, file MG_PACK.F)
                   MG_TIMER in MG_UTILS_MOD (Line 139, file MG_PACK.F)
                   MG_TIMER in MG_UTILS_MOD (Line 147, file MG_PACK.F)
                   MG_TIMER in MG_UTILS_MOD (Line 155, file MG_PACK.F)
                   MG_TIMER in MG_UTILS_MOD (Line 163, file MG_PACK.F)
                   MG_TIMER in MG_UTILS_MOD (Line 171, file MG_PACK.F)
                   MG_TIMER in MG_UTILS_MOD (Line 176, file MG_PACK.F)

Name  Messages
----  --------
MG_PACK_MOD
      Defined as:  Module (line 28, file MG_PACK.F)

        Uses:      MG_CONSTANTS_MOD
                   MG_UTILS_MOD
                   MG_OPTIONS_MOD  (indirectly)
                   MG_CONSTANTS_MOD  (indirectly)
                   MG_PROFILING_MOD
                   MG_OPTIONS_MOD  (indirectly)
                   MG_ENV_MOD  (indirectly)
                   MG_UTILS_MOD  (indirectly)
                   MG_CONSTANTS_MOD  (indirectly)

Name  Messages
----  --------
MG_PERF_INIT in MG_PROFILING_MOD
      Defined as:  No definitions.

                   No calls.  It is not called and does not use any procedure.

      Interface:   None

Name  Messages
----  --------
MG_PERF_REPORT in MG_PROFILING_MOD
      Defined as:  No definitions.

                   No calls.  It is not called and does not use any procedure.

      Interface:   None

Name  Messages
----  --------
MG_PRINT_HEADER in MG_UTILS_MOD
      Defined as:  No definitions.

                   No calls.  It is not called and does not use any procedure.

      Interface:   None

Name  Messages
----  --------
MG_PROFILING_MOD
      Defined as:  No definitions.

      Used By:     MG_PACK_MOD

Name  Messages
----  --------
MG_TIMER in MG_UTILS_MOD
      Defined as:  No definitions.

      Interface:   None

      Called By:   MG_PACK in MG_PACK_MOD (Line 78, file MG_PACK.F)
                   MG_PACK in MG_PACK_MOD (Line 83, file MG_PACK.F)
                   MG_PACK in MG_PACK_MOD (Line 91, file MG_PACK.F)
                   MG_PACK in MG_PACK_MOD (Line 99, file MG_PACK.F)
                   MG_PACK in MG_PACK_MOD (Line 107, file MG_PACK.F)
                   MG_PACK in MG_PACK_MOD (Line 115, file MG_PACK.F)
                   MG_PACK in MG_PACK_MOD (Line 123, file MG_PACK.F)
                   MG_PACK in MG_PACK_MOD (Line 131, file MG_PACK.F)
                   MG_PACK in MG_PACK_MOD (Line 139, file MG_PACK.F)
                   MG_PACK in MG_PACK_MOD (Line 147, file MG_PACK.F)
                   MG_PACK in MG_PACK_MOD (Line 155, file MG_PACK.F)
                   MG_PACK in MG_PACK_MOD (Line 163, file MG_PACK.F)
                   MG_PACK in MG_PACK_MOD (Line 171, file MG_PACK.F)
                   MG_PACK in MG_PACK_MOD (Line 176, file MG_PACK.F)

Name  Messages
----  --------
MG_UTILS_MOD
      Defined as:  No definitions.

      Used By:     MG_PACK_MOD
                   MG_PACK_MOD  (indirectly)

Name  Messages
----  --------
MPI_COMM_DUP_FN
      Defined as:  No definitions.

                   No calls.  It is not called and does not use any procedure.

Name  Messages
----  --------
MPI_COMM_NULL_COPY_FN
      Defined as:  No definitions.

                   No calls.  It is not called and does not use any procedure.

Name  Messages
----  --------
MPI_COMM_NULL_DELETE_FN
      Defined as:  No definitions.

                   No calls.  It is not called and does not use any procedure.

Name  Messages
----  --------
MPI_CONVERSION_FN_NULL
      Defined as:  No definitions.

                   No calls.  It is not called and does not use any procedure.

Name  Messages
----  --------
MPI_DUP_FN
      Defined as:  No definitions.

                   No calls.  It is not called and does not use any procedure.

Name  Messages
----  --------
MPI_NULL_COPY_FN
      Defined as:  No definitions.

                   No calls.  It is not called and does not use any procedure.

Name  Messages
----  --------
MPI_NULL_DELETE_FN
      Defined as:  No definitions.

                   No calls.  It is not called and does not use any procedure.

Name  Messages
----  --------
MPI_TYPE_DUP_FN
      Defined as:  No definitions.

                   No calls.  It is not called and does not use any procedure.

Name  Messages
----  --------
MPI_TYPE_NULL_COPY_FN
      Defined as:  No definitions.

                   No calls.  It is not called and does not use any procedure.

Name  Messages
----  --------
MPI_TYPE_NULL_DELETE_FN
      Defined as:  No definitions.

                   No calls.  It is not called and does not use any procedure.

Name  Messages
----  --------
MPI_WIN_DUP_FN
      Defined as:  No definitions.

                   No calls.  It is not called and does not use any procedure.

Name  Messages
----  --------
MPI_WIN_NULL_COPY_FN
      Defined as:  No definitions.

                   No calls.  It is not called and does not use any procedure.

Name  Messages
----  --------
MPI_WIN_NULL_DELETE_FN
      Defined as:  No definitions.

                   No calls.  It is not called and does not use any procedure.

Name  Messages
----  --------
MPI_WTICK
      Defined as:  No definitions.

                   No calls.  It is not called and does not use any procedure.

      Interface:   None

Name  Messages
----  --------
MPI_WTIME
      Defined as:  No definitions.

                   No calls.  It is not called and does not use any procedure.

      Interface:   None

Name  Messages
----  --------
PMPI_WTICK
      Defined as:  No definitions.

                   No calls.  It is not called and does not use any procedure.

      Interface:   None

Name  Messages
----  --------
PMPI_WTIME
      Defined as:  No definitions.

                   No calls.  It is not called and does not use any procedure.

      Interface:   None


%%%%%%%%%%%%%%%%%%%%%%%%%%%%%%%%%%%%%%%%%%%%%%%%%%%%%%%%%%%%%%%%%%%%%%%%%%%%%%%%
%%%%%%%%%%%%%%%%%%%%%%%%%%%%%%%%%%%%%%%%%%%%%%%%%%%%%%%%%%%%%%%%%%%%%%%%%%%%%%%%
