%%%%%%%%%%%%%%%%%%%%%%%%%%%%%%%%%%%%%%%%%%%%%%%%%%%%%%%%%%%%%%%%%%%%%%%%%%%%%%%%
                          S u m m a r y   R e p o r t
%%%%%%%%%%%%%%%%%%%%%%%%%%%%%%%%%%%%%%%%%%%%%%%%%%%%%%%%%%%%%%%%%%%%%%%%%%%%%%%%

Compilation
-----------
File     : /lus/scratch/p02128/work/MiniGhost/source/MG_SVAF_DIAGS.F
Compiled : 10/31/18  05:23:45
Compiler : Version 8.7.6
Ftnlx    : Version 8503 (libcif 85008)
Target   : x86-64
Command  : ftn_driver.exe -hcpu=broadwell -hstatic -D__CRAYXC
           -D__CRAY_BROADWELL -D__CRAYXT_COMPUTE_LINUX_TARGET -hnetwork=aries
           -D_MG_MPI -D_MG_INT4 -D_MG_REAL8 -ffree -hlist=a -c MG_SVAF_DIAGS.F
           -I/opt/cray/pe/cce/8.7.6/cce/x86_64/include/craylibs -I/usr/include
           -I/usr/include -I/opt/cray/pe/mpt/7.7.3/gni/mpich-cray/8.6/include
           -I/opt/cray/pe/libsci/18.07.1/CRAY/8.6/x86_64/include
           -I/opt/cray/rca/2.2.18-6.0.7.0_33.3__g2aa4f39.ari/include
           -I/opt/cray/pe/pmi/5.0.14/include
           -I/opt/cray/xpmem/2.2.15-6.0.7.0_35.11__g7549d06.ari/include
           -I/opt/cray/dmapp/7.1.1-6.0.7.0_34.3__g5a674e0.ari/include
           -I/opt/cray/gni-headers/5.0.12.0-6.0.7.0_24.1__g3b1768f.ari/include
           -I/opt/cray/ugni/6.0.14.0-6.0.7.0_23.1__gea11d3d.ari/include
           -I/opt/cray/udreg/2.3.2-6.0.7.0_33.18__g5196236.ari/include
           -I/opt/cray/alps/6.6.43-6.0.7.0_26.4__ga796da3.ari/include
           -I/opt/cray/wlm_detect/1.3.3-6.0.7.0_47.2__g7109084.ari/include
           -I/opt/cray/krca/2.2.4-6.0.7.0_32.3__g8505b97.ari/include
           -I/opt/cray-hss-devel/8.0.0/include
Program
  Units  : MG_SVAF_DIAGS_MOD

ftnlx report
------------
Source   : /lus/scratch/p02128/work/MiniGhost/source/MG_SVAF_DIAGS.F
Date     : 10/31/2018  05:23:45


%%%%%%%%%%%%%%%%%%%%%%%%%%%%%%%%%%%%%%%%%%%%%%%%%%%%%%%%%%%%%%%%%%%%%%%%%%%%%%%%
                          O p t i o n s   R e p o r t
%%%%%%%%%%%%%%%%%%%%%%%%%%%%%%%%%%%%%%%%%%%%%%%%%%%%%%%%%%%%%%%%%%%%%%%%%%%%%%%%

Options :  -O cache2,scalar2,thread2,vector2,mpi0,modinline,ipa3,noaggress
           -O autoprefetch,noautothread,fusion2,nomsgs,nonegmsgs,nooverindex
           -O pattern,shortcircuit2,unroll2,nozeroinc
           -h noadd_paren,align_arrays,nobounds,caf,noconcurrent,nocontiguous
           -h nocontiguous_assumed_shape,fma,nofp_trap,nofunc_trace,noomp_analyz
           e
           -h noomp_trace,nopat_trace
           -h safe_addr,thread_do_concurrent,fp2=approx,flex_mp=default         
           -h alias=default:standard_restrict         
           -h static (or -static)
           -h omp,noacc
           -h cpu=x86-64,broadwell
           -h network=aries
           -K trap=none
           -s default32
           -eh
           -d abcdefgijmopqsvwzACEFIPQRST0
           -e nBDZ 
           -f free
           -m3
           -S /lus/scratch/tmp/pe_5328/MG_SVAF_DIAGS_1.s


%%%%%%%%%%%%%%%%%%%%%%%%%%%%%%%%%%%%%%%%%%%%%%%%%%%%%%%%%%%%%%%%%%%%%%%%%%%%%%%%
                          S o u r c e   L i s t i n g
%%%%%%%%%%%%%%%%%%%%%%%%%%%%%%%%%%%%%%%%%%%%%%%%%%%%%%%%%%%%%%%%%%%%%%%%%%%%%%%%


     %%%    L o o p m a r k   L e g e n d    %%%

     Primary Loop Type        Modifiers
     ------- ---- ----        ---------
     A - Pattern matched      a - atomic memory operation
                              b - blocked
     C - Collapsed            c - conditional and/or computed
     D - Deleted               
     E - Cloned                
     F - Flat - No calls      f - fused
     G - Accelerated          g - partitioned
     I - Inlined              i - interchanged
     M - Multithreaded        m - partitioned
                              n - non-blocking remote transfer
                              p - partial
     R - Rerolling            r - unrolled
                              s - shortloop
     V - Vectorized           w - unwound

     + - More messages listed at end of listing
     ------------------------------------------


    1.            ! ************************************************************************
    2.            !
    3.            !               miniGhost: stencil computations with boundary exchange.
    4.            !                 Copyright (2012) Sandia Corporation
    5.            !
    6.            ! Under terms of Contract DE-AC04-94AL85000, there is a non-exclusive
    7.            ! license for use of this work by or on behalf of the U.S. Government.
    8.            !
    9.            ! This library is free software; you can redistribute it and/or modify
   10.            ! it under the terms of the GNU Lesser General Public License as
   11.            ! published by the Free Software Foundation; either version 2.1 of the
   12.            ! License, or (at your option) any later version.
   13.            !
   14.            ! This library is distributed in the hope that it will be useful, but
   15.            ! WITHOUT ANY WARRANTY; without even the implied warranty of
   16.            ! MERCHANTABILITY or FITNESS FOR A PARTICULAR PURPOSE.  See the GNU
   17.            ! Lesser General Public License for more details.
   18.            !
   19.            ! You should have received a copy of the GNU Lesser General Public
   20.            ! License along with this library; if not, write to the Free Software
   21.            ! Foundation, Inc., 59 Temple Place, Suite 330, Boston, MA 02111-1307
   22.            ! USA
   23.            ! Questions? Contact Richard F. Barrett (rfbarre@sandia.gov) or
   24.            !                    Michael A. Heroux (maherou@sandia.gov)
   25.            !
   26.            ! ************************************************************************
   27.            
   28.            MODULE MG_SVAF_DIAGS_MOD
   29.            
   30.               ! Purpose
   31.               ! =======
   32.               ! SVAF boundary exchange for 9- and 27-point stencils:
   33.               !    pack, send, receive, unpack.
   34.            
   35.               USE MG_CONSTANTS_MOD
   36.               USE MG_UTILS_MOD
   37.               USE MG_IRECV_MOD
   38.               USE MG_PACK_MOD
   39.               USE MG_SEND_SVAF_MOD
   40.               USE MG_UNPACK_SVAF_MOD
   41.            
   42.               IMPLICIT NONE
   43.            
   44.               ! Note: Using 0-based indexing on arrays.
   45.            
   46.            CONTAINS
   47.               
   48.               SUBROUTINE MG_SVAF_DIAGS ( IVAR, IERR )
   49.               
   50.                  ! -------------------------------------------------------
   51.                  ! Pack all variables for single message to each neighbor.
   52.                  ! -------------------------------------------------------
   53.            
   54.                  ! ---------------------
   55.                  ! Argument Declarations
   56.                  ! ---------------------
   57.            
   58.                  INTEGER, INTENT(IN) :: &
   59.                     IVAR           ! Return status
   60.            
   61.                  INTEGER, INTENT(OUT) :: &
   62.                     IERR           ! Return status
   63.            
   64.                  ! ------------------
   65.                  ! Local Declarations
   66.                  ! ------------------
   67.               
   68.                  INTEGER :: &
   69.                     ICOUNT,                      &  ! Message size.
   70.                     ISTAT,                       &  ! MPI return status.
   71.                     IWHICH,                      &  ! MPI_Wait_any SRC process
   72.                     I, J, K, L, M, N,            &  ! Counters
   73.                     NUM_RECVS,                   &
   74.                     NUM_RECVS_OUTSTANDING,       &
   75.                     MSG_REQ_OFFSET,              &
   76.                     OFFSET,                      &
   77.                     OFFSET_LAST,                 &
   78.                     RECV_BUFFER_SIZE,            &
   79.                     SEND_BUFFER_SIZE,            &
   80.                     MSG_REQ(12)
   81.               
   82.                  ! ---------------------
   83.                  ! Executable Statements
   84.                  ! ---------------------
   85.            
   86.                  IERR = 0
   87.            
   88.                  COUNT_SEND_NORTH = 0
   89.                  COUNT_SEND_SOUTH = 0
   90.                  COUNT_SEND_EAST  = 0
   91.                  COUNT_SEND_WEST  = 0
   92.                  COUNT_SEND_BACK  = 0
   93.                  COUNT_SEND_FRONT = 0
   94.               
   95.                  SELECT CASE ( IVAR )
   96.            
   97.                     CASE ( 1 )
   98.  +                     CALL MG_SVAF_DIAGS_GRID ( GRID1, IERR )
   99.                     CASE ( 2 )
  100.  +                     CALL MG_SVAF_DIAGS_GRID ( GRID2, IERR )
  101.                     CASE ( 3 )
  102.  +                     CALL MG_SVAF_DIAGS_GRID ( GRID3, IERR )
  103.                     CASE ( 4 )
  104.  +                     CALL MG_SVAF_DIAGS_GRID ( GRID4, IERR )
  105.                     CASE ( 5 )
  106.  +                     CALL MG_SVAF_DIAGS_GRID ( GRID5, IERR )
  107.                     CASE ( 6 )
  108.  +                     CALL MG_SVAF_DIAGS_GRID ( GRID6, IERR )
  109.                     CASE ( 7 )
  110.  +                     CALL MG_SVAF_DIAGS_GRID ( GRID7, IERR )
  111.                     CASE ( 8 )
  112.  +                     CALL MG_SVAF_DIAGS_GRID ( GRID8, IERR )
  113.                     CASE ( 9 )
  114.  +                     CALL MG_SVAF_DIAGS_GRID ( GRID9, IERR )
  115.                     CASE ( 10 )
  116.  +                     CALL MG_SVAF_DIAGS_GRID ( GRID10, IERR )
  117.                        
  118.                     CASE ( 11 )
  119.  +                     CALL MG_SVAF_DIAGS_GRID ( GRID11, IERR )
  120.                     CASE ( 12 )
  121.  +                     CALL MG_SVAF_DIAGS_GRID ( GRID12, IERR )
  122.                     CASE ( 13 )
  123.  +                     CALL MG_SVAF_DIAGS_GRID ( GRID13, IERR )
  124.                     CASE ( 14 )
  125.  +                     CALL MG_SVAF_DIAGS_GRID ( GRID14, IERR )
  126.                     CASE ( 15 )
  127.  +                     CALL MG_SVAF_DIAGS_GRID ( GRID15, IERR )
  128.                     CASE ( 16 )
  129.  +                     CALL MG_SVAF_DIAGS_GRID ( GRID16, IERR )
  130.                     CASE ( 17 )
  131.  +                     CALL MG_SVAF_DIAGS_GRID ( GRID17, IERR )
  132.                     CASE ( 18 )
  133.  +                     CALL MG_SVAF_DIAGS_GRID ( GRID18, IERR )
  134.                     CASE ( 19 )
  135.  +                     CALL MG_SVAF_DIAGS_GRID ( GRID19, IERR )
  136.                     CASE ( 20 )
  137.  +                     CALL MG_SVAF_DIAGS_GRID ( GRID20, IERR )
  138.            
  139.                     CASE ( 21 )
  140.  +                     CALL MG_SVAF_DIAGS_GRID ( GRID21, IERR )
  141.                     CASE ( 22 )
  142.  +                     CALL MG_SVAF_DIAGS_GRID ( GRID22, IERR )
  143.                     CASE ( 23 )
  144.  +                     CALL MG_SVAF_DIAGS_GRID ( GRID23, IERR )
  145.                     CASE ( 24 )
  146.  +                     CALL MG_SVAF_DIAGS_GRID ( GRID24, IERR )
  147.                     CASE ( 25 )
  148.  +                     CALL MG_SVAF_DIAGS_GRID ( GRID25, IERR )
  149.                     CASE ( 26 )
  150.  +                     CALL MG_SVAF_DIAGS_GRID ( GRID26, IERR )
  151.                     CASE ( 27 )
  152.  +                     CALL MG_SVAF_DIAGS_GRID ( GRID27, IERR )
  153.                     CASE ( 28 )
  154.  +                     CALL MG_SVAF_DIAGS_GRID ( GRID28, IERR )
  155.                     CASE ( 29 )
  156.  +                     CALL MG_SVAF_DIAGS_GRID ( GRID29, IERR )
  157.                     CASE ( 30 )
  158.  +                     CALL MG_SVAF_DIAGS_GRID ( GRID30, IERR )
  159.                        
  160.                     CASE ( 31 )
  161.  +                     CALL MG_SVAF_DIAGS_GRID ( GRID31, IERR )
  162.                     CASE ( 32 )
  163.  +                     CALL MG_SVAF_DIAGS_GRID ( GRID32, IERR )
  164.                     CASE ( 33 )
  165.  +                     CALL MG_SVAF_DIAGS_GRID ( GRID33, IERR )
  166.                     CASE ( 34 )
  167.  +                     CALL MG_SVAF_DIAGS_GRID ( GRID34, IERR )
  168.                     CASE ( 35 )
  169.  +                     CALL MG_SVAF_DIAGS_GRID ( GRID35, IERR )
  170.                     CASE ( 36 )
  171.  +                     CALL MG_SVAF_DIAGS_GRID ( GRID36, IERR )
  172.                     CASE ( 37 )
  173.  +                     CALL MG_SVAF_DIAGS_GRID ( GRID37, IERR )
  174.                     CASE ( 38 )
  175.  +                     CALL MG_SVAF_DIAGS_GRID ( GRID38, IERR )
  176.                     CASE ( 39 )
  177.  +                     CALL MG_SVAF_DIAGS_GRID ( GRID39, IERR )
  178.                     CASE ( 40 )
  179.  +                     CALL MG_SVAF_DIAGS_GRID ( GRID40, IERR )
  180.            
  181.                     CASE DEFAULT
  182.                        WRITE(*,*) '** Error ** COMM_MG_SVAF: Unknown variable number ', IVAR, '.'
  183.            
  184.                  END SELECT
  185.                        
  186.               END SUBROUTINE MG_SVAF_DIAGS
ftn-5002 ftn: NOTE MG_SVAF_DIAGS, File = MG_SVAF_DIAGS.F, Line = 186 
  Local variable "N" is declared but neither defined nor used.

ftn-5002 ftn: NOTE MG_SVAF_DIAGS, File = MG_SVAF_DIAGS.F, Line = 186 
  Local variable "MSG_REQ_OFFSET" is declared but neither defined nor used.

ftn-5002 ftn: NOTE MG_SVAF_DIAGS, File = MG_SVAF_DIAGS.F, Line = 186 
  Local variable "MSG_REQ" is declared but neither defined nor used.

ftn-5002 ftn: NOTE MG_SVAF_DIAGS, File = MG_SVAF_DIAGS.F, Line = 186 
  Local variable "M" is declared but neither defined nor used.

ftn-5002 ftn: NOTE MG_SVAF_DIAGS, File = MG_SVAF_DIAGS.F, Line = 186 
  Local variable "L" is declared but neither defined nor used.

ftn-5002 ftn: NOTE MG_SVAF_DIAGS, File = MG_SVAF_DIAGS.F, Line = 186 
  Local variable "NUM_RECVS" is declared but neither defined nor used.

ftn-5002 ftn: NOTE MG_SVAF_DIAGS, File = MG_SVAF_DIAGS.F, Line = 186 
  Local variable "K" is declared but neither defined nor used.

ftn-5002 ftn: NOTE MG_SVAF_DIAGS, File = MG_SVAF_DIAGS.F, Line = 186 
  Local variable "IWHICH" is declared but neither defined nor used.

ftn-5002 ftn: NOTE MG_SVAF_DIAGS, File = MG_SVAF_DIAGS.F, Line = 186 
  Local variable "OFFSET_LAST" is declared but neither defined nor used.

ftn-5002 ftn: NOTE MG_SVAF_DIAGS, File = MG_SVAF_DIAGS.F, Line = 186 
  Local variable "RECV_BUFFER_SIZE" is declared but neither defined nor used.

ftn-5002 ftn: NOTE MG_SVAF_DIAGS, File = MG_SVAF_DIAGS.F, Line = 186 
  Local variable "OFFSET" is declared but neither defined nor used.

ftn-5002 ftn: NOTE MG_SVAF_DIAGS, File = MG_SVAF_DIAGS.F, Line = 186 
  Local variable "J" is declared but neither defined nor used.

ftn-5002 ftn: NOTE MG_SVAF_DIAGS, File = MG_SVAF_DIAGS.F, Line = 186 
  Local variable "NUM_RECVS_OUTSTANDING" is declared but neither defined nor used.

ftn-5002 ftn: NOTE MG_SVAF_DIAGS, File = MG_SVAF_DIAGS.F, Line = 186 
  Local variable "SEND_BUFFER_SIZE" is declared but neither defined nor used.

ftn-5002 ftn: NOTE MG_SVAF_DIAGS, File = MG_SVAF_DIAGS.F, Line = 186 
  Local variable "I" is declared but neither defined nor used.

ftn-5002 ftn: NOTE MG_SVAF_DIAGS, File = MG_SVAF_DIAGS.F, Line = 186 
  Local variable "ICOUNT" is declared but neither defined nor used.

ftn-5002 ftn: NOTE MG_SVAF_DIAGS, File = MG_SVAF_DIAGS.F, Line = 186 
  Local variable "ISTAT" is declared but neither defined nor used.

  187.            
  188.               SUBROUTINE MG_SVAF_DIAGS_GRID ( GRID, IERR )
  189.            
  190.                  ! -------------------------------------
  191.                  ! Exchange messages for this GRID with neighbors
  192.                  ! -------------------------------------
  193.            
  194.                  ! ---------------------
  195.                  ! Argument Declarations
  196.                  ! ---------------------
  197.            
  198.                  INTEGER, INTENT(OUT) :: &
  199.                     IERR           ! Return status
  200.            
  201.                  REAL(KIND=MG_REAL), DIMENSION(0:NX+1, 0:NY+1, 0:NZ+1), INTENT(INOUT) :: &
  202.                     GRID
  203.                  ! ------------------
  204.                  ! Local Declarations
  205.                  ! ------------------
  206.            
  207.                  INTEGER :: &
  208.                     I,           & ! Counter
  209.                     DIR(3)         ! Boundary exchange directions
  210.            
  211.                  ! ---------------------
  212.                  ! Executable Statements
  213.                  ! ---------------------
  214.            
  215.                  IERR = 0
  216.            
  217.                  DIR(1) = DIR_NORTH_SOUTH
  218.                  DIR(2) = DIR_EAST_WEST
  219.                  DIR(3) = DIR_BACK_FRONT
  220.            
  221.  + 1-----<       DO I = 1, 3
  222.    1       
  223.    1                ! Set only those neighbors participating in this iterative loop.
  224.    1 A--<>          NEIGHBORS = -1
  225.    1                SELECT CASE ( DIR(I) )
  226.    1                   CASE ( DIR_NORTH_SOUTH )
  227.    1                      NEIGHBORS(NORTH) = NEIGHBORS_ORIG(NORTH)
  228.    1                      NEIGHBORS(SOUTH) = NEIGHBORS_ORIG(SOUTH)
  229.    1                   CASE ( DIR_EAST_WEST )
  230.    1                      NEIGHBORS(EAST) = NEIGHBORS_ORIG(EAST)
  231.    1                      NEIGHBORS(WEST) = NEIGHBORS_ORIG(WEST)
  232.    1                   CASE ( DIR_BACK_FRONT )
  233.    1                      NEIGHBORS(BACK)  = NEIGHBORS_ORIG(BACK)
  234.    1                      NEIGHBORS(FRONT) = NEIGHBORS_ORIG(FRONT)
  235.    1                END SELECT
  236.    1       
  237.  + 1                CALL MG_IRECV ( IERR )
  238.  + 1                CALL MG_PACK ( GRID,  IERR )
  239.  + 1                CALL MG_SEND_SVAF ( GRID, IERR )
  240.  + 1                CALL MG_UNPACK_SVAF ( GRID, IERR )
  241.    1       
  242.    1----->       END DO ! Loop over DIR
  243.            
  244.    VR---<>       NEIGHBORS(NORTH) = NEIGHBORS_ORIG(NORTH)
  245.                  NEIGHBORS(SOUTH) = NEIGHBORS_ORIG(SOUTH)
  246.                  NEIGHBORS(EAST)  = NEIGHBORS_ORIG(EAST)
  247.                  NEIGHBORS(WEST)  = NEIGHBORS_ORIG(WEST)
  248.                  NEIGHBORS(FRONT) = NEIGHBORS_ORIG(FRONT)
  249.                  NEIGHBORS(BACK)  = NEIGHBORS_ORIG(BACK)
  250.            
  251.               END SUBROUTINE MG_SVAF_DIAGS_GRID
  252.               
  253.            END MODULE MG_SVAF_DIAGS_MOD

ftn-3118 ftn: IPA MG_SVAF_DIAGS, File = MG_SVAF_DIAGS.F, Line = 98, Column = 18 
  "mg_svaf_diags_grid" (called from "mg_svaf_diags") was not inlined because the call site will not flatten.  "mpi_isend_" is
  missing.

ftn-3118 ftn: IPA MG_SVAF_DIAGS, File = MG_SVAF_DIAGS.F, Line = 100, Column = 18 
  "mg_svaf_diags_grid" (called from "mg_svaf_diags") was not inlined because the call site will not flatten.  "mpi_isend_" is
  missing.

ftn-3118 ftn: IPA MG_SVAF_DIAGS, File = MG_SVAF_DIAGS.F, Line = 102, Column = 18 
  "mg_svaf_diags_grid" (called from "mg_svaf_diags") was not inlined because the call site will not flatten.  "mpi_isend_" is
  missing.

ftn-3118 ftn: IPA MG_SVAF_DIAGS, File = MG_SVAF_DIAGS.F, Line = 104, Column = 18 
  "mg_svaf_diags_grid" (called from "mg_svaf_diags") was not inlined because the call site will not flatten.  "mpi_isend_" is
  missing.

ftn-3118 ftn: IPA MG_SVAF_DIAGS, File = MG_SVAF_DIAGS.F, Line = 106, Column = 18 
  "mg_svaf_diags_grid" (called from "mg_svaf_diags") was not inlined because the call site will not flatten.  "mpi_isend_" is
  missing.

ftn-3118 ftn: IPA MG_SVAF_DIAGS, File = MG_SVAF_DIAGS.F, Line = 108, Column = 18 
  "mg_svaf_diags_grid" (called from "mg_svaf_diags") was not inlined because the call site will not flatten.  "mpi_isend_" is
  missing.

ftn-3118 ftn: IPA MG_SVAF_DIAGS, File = MG_SVAF_DIAGS.F, Line = 110, Column = 18 
  "mg_svaf_diags_grid" (called from "mg_svaf_diags") was not inlined because the call site will not flatten.  "mpi_isend_" is
  missing.

ftn-3118 ftn: IPA MG_SVAF_DIAGS, File = MG_SVAF_DIAGS.F, Line = 112, Column = 18 
  "mg_svaf_diags_grid" (called from "mg_svaf_diags") was not inlined because the call site will not flatten.  "mpi_isend_" is
  missing.

ftn-3118 ftn: IPA MG_SVAF_DIAGS, File = MG_SVAF_DIAGS.F, Line = 114, Column = 18 
  "mg_svaf_diags_grid" (called from "mg_svaf_diags") was not inlined because the call site will not flatten.  "mpi_isend_" is
  missing.

ftn-3118 ftn: IPA MG_SVAF_DIAGS, File = MG_SVAF_DIAGS.F, Line = 116, Column = 18 
  "mg_svaf_diags_grid" (called from "mg_svaf_diags") was not inlined because the call site will not flatten.  "mpi_isend_" is
  missing.

ftn-3118 ftn: IPA MG_SVAF_DIAGS, File = MG_SVAF_DIAGS.F, Line = 119, Column = 18 
  "mg_svaf_diags_grid" (called from "mg_svaf_diags") was not inlined because the call site will not flatten.  "mpi_isend_" is
  missing.

ftn-3118 ftn: IPA MG_SVAF_DIAGS, File = MG_SVAF_DIAGS.F, Line = 121, Column = 18 
  "mg_svaf_diags_grid" (called from "mg_svaf_diags") was not inlined because the call site will not flatten.  "mpi_isend_" is
  missing.

ftn-3118 ftn: IPA MG_SVAF_DIAGS, File = MG_SVAF_DIAGS.F, Line = 123, Column = 18 
  "mg_svaf_diags_grid" (called from "mg_svaf_diags") was not inlined because the call site will not flatten.  "mpi_isend_" is
  missing.

ftn-3118 ftn: IPA MG_SVAF_DIAGS, File = MG_SVAF_DIAGS.F, Line = 125, Column = 18 
  "mg_svaf_diags_grid" (called from "mg_svaf_diags") was not inlined because the call site will not flatten.  "mpi_isend_" is
  missing.

ftn-3118 ftn: IPA MG_SVAF_DIAGS, File = MG_SVAF_DIAGS.F, Line = 127, Column = 18 
  "mg_svaf_diags_grid" (called from "mg_svaf_diags") was not inlined because the call site will not flatten.  "mpi_isend_" is
  missing.

ftn-3118 ftn: IPA MG_SVAF_DIAGS, File = MG_SVAF_DIAGS.F, Line = 129, Column = 18 
  "mg_svaf_diags_grid" (called from "mg_svaf_diags") was not inlined because the call site will not flatten.  "mpi_isend_" is
  missing.

ftn-3118 ftn: IPA MG_SVAF_DIAGS, File = MG_SVAF_DIAGS.F, Line = 131, Column = 18 
  "mg_svaf_diags_grid" (called from "mg_svaf_diags") was not inlined because the call site will not flatten.  "mpi_isend_" is
  missing.

ftn-3118 ftn: IPA MG_SVAF_DIAGS, File = MG_SVAF_DIAGS.F, Line = 133, Column = 18 
  "mg_svaf_diags_grid" (called from "mg_svaf_diags") was not inlined because the call site will not flatten.  "mpi_isend_" is
  missing.

ftn-3118 ftn: IPA MG_SVAF_DIAGS, File = MG_SVAF_DIAGS.F, Line = 135, Column = 18 
  "mg_svaf_diags_grid" (called from "mg_svaf_diags") was not inlined because the call site will not flatten.  "mpi_isend_" is
  missing.

ftn-3118 ftn: IPA MG_SVAF_DIAGS, File = MG_SVAF_DIAGS.F, Line = 137, Column = 18 
  "mg_svaf_diags_grid" (called from "mg_svaf_diags") was not inlined because the call site will not flatten.  "mpi_isend_" is
  missing.

ftn-3118 ftn: IPA MG_SVAF_DIAGS, File = MG_SVAF_DIAGS.F, Line = 140, Column = 18 
  "mg_svaf_diags_grid" (called from "mg_svaf_diags") was not inlined because the call site will not flatten.  "mpi_isend_" is
  missing.

ftn-3118 ftn: IPA MG_SVAF_DIAGS, File = MG_SVAF_DIAGS.F, Line = 142, Column = 18 
  "mg_svaf_diags_grid" (called from "mg_svaf_diags") was not inlined because the call site will not flatten.  "mpi_isend_" is
  missing.

ftn-3118 ftn: IPA MG_SVAF_DIAGS, File = MG_SVAF_DIAGS.F, Line = 144, Column = 18 
  "mg_svaf_diags_grid" (called from "mg_svaf_diags") was not inlined because the call site will not flatten.  "mpi_isend_" is
  missing.

ftn-3118 ftn: IPA MG_SVAF_DIAGS, File = MG_SVAF_DIAGS.F, Line = 146, Column = 18 
  "mg_svaf_diags_grid" (called from "mg_svaf_diags") was not inlined because the call site will not flatten.  "mpi_isend_" is
  missing.

ftn-3118 ftn: IPA MG_SVAF_DIAGS, File = MG_SVAF_DIAGS.F, Line = 148, Column = 18 
  "mg_svaf_diags_grid" (called from "mg_svaf_diags") was not inlined because the call site will not flatten.  "mpi_isend_" is
  missing.

ftn-3118 ftn: IPA MG_SVAF_DIAGS, File = MG_SVAF_DIAGS.F, Line = 150, Column = 18 
  "mg_svaf_diags_grid" (called from "mg_svaf_diags") was not inlined because the call site will not flatten.  "mpi_isend_" is
  missing.

ftn-3118 ftn: IPA MG_SVAF_DIAGS, File = MG_SVAF_DIAGS.F, Line = 152, Column = 18 
  "mg_svaf_diags_grid" (called from "mg_svaf_diags") was not inlined because the call site will not flatten.  "mpi_isend_" is
  missing.

ftn-3118 ftn: IPA MG_SVAF_DIAGS, File = MG_SVAF_DIAGS.F, Line = 154, Column = 18 
  "mg_svaf_diags_grid" (called from "mg_svaf_diags") was not inlined because the call site will not flatten.  "mpi_isend_" is
  missing.

ftn-3118 ftn: IPA MG_SVAF_DIAGS, File = MG_SVAF_DIAGS.F, Line = 156, Column = 18 
  "mg_svaf_diags_grid" (called from "mg_svaf_diags") was not inlined because the call site will not flatten.  "mpi_isend_" is
  missing.

ftn-3118 ftn: IPA MG_SVAF_DIAGS, File = MG_SVAF_DIAGS.F, Line = 158, Column = 18 
  "mg_svaf_diags_grid" (called from "mg_svaf_diags") was not inlined because the call site will not flatten.  "mpi_isend_" is
  missing.

ftn-3118 ftn: IPA MG_SVAF_DIAGS, File = MG_SVAF_DIAGS.F, Line = 161, Column = 18 
  "mg_svaf_diags_grid" (called from "mg_svaf_diags") was not inlined because the call site will not flatten.  "mpi_isend_" is
  missing.

ftn-3118 ftn: IPA MG_SVAF_DIAGS, File = MG_SVAF_DIAGS.F, Line = 163, Column = 18 
  "mg_svaf_diags_grid" (called from "mg_svaf_diags") was not inlined because the call site will not flatten.  "mpi_isend_" is
  missing.

ftn-3118 ftn: IPA MG_SVAF_DIAGS, File = MG_SVAF_DIAGS.F, Line = 165, Column = 18 
  "mg_svaf_diags_grid" (called from "mg_svaf_diags") was not inlined because the call site will not flatten.  "mpi_isend_" is
  missing.

ftn-3118 ftn: IPA MG_SVAF_DIAGS, File = MG_SVAF_DIAGS.F, Line = 167, Column = 18 
  "mg_svaf_diags_grid" (called from "mg_svaf_diags") was not inlined because the call site will not flatten.  "mpi_isend_" is
  missing.

ftn-3118 ftn: IPA MG_SVAF_DIAGS, File = MG_SVAF_DIAGS.F, Line = 169, Column = 18 
  "mg_svaf_diags_grid" (called from "mg_svaf_diags") was not inlined because the call site will not flatten.  "mpi_isend_" is
  missing.

ftn-3118 ftn: IPA MG_SVAF_DIAGS, File = MG_SVAF_DIAGS.F, Line = 171, Column = 18 
  "mg_svaf_diags_grid" (called from "mg_svaf_diags") was not inlined because the call site will not flatten.  "mpi_isend_" is
  missing.

ftn-3118 ftn: IPA MG_SVAF_DIAGS, File = MG_SVAF_DIAGS.F, Line = 173, Column = 18 
  "mg_svaf_diags_grid" (called from "mg_svaf_diags") was not inlined because the call site will not flatten.  "mpi_isend_" is
  missing.

ftn-3118 ftn: IPA MG_SVAF_DIAGS, File = MG_SVAF_DIAGS.F, Line = 175, Column = 18 
  "mg_svaf_diags_grid" (called from "mg_svaf_diags") was not inlined because the call site will not flatten.  "mpi_isend_" is
  missing.

ftn-3118 ftn: IPA MG_SVAF_DIAGS, File = MG_SVAF_DIAGS.F, Line = 177, Column = 18 
  "mg_svaf_diags_grid" (called from "mg_svaf_diags") was not inlined because the call site will not flatten.  "mpi_isend_" is
  missing.

ftn-3118 ftn: IPA MG_SVAF_DIAGS, File = MG_SVAF_DIAGS.F, Line = 179, Column = 18 
  "mg_svaf_diags_grid" (called from "mg_svaf_diags") was not inlined because the call site will not flatten.  "mpi_isend_" is
  missing.

ftn-6288 ftn: VECTOR MG_SVAF_DIAGS_GRID, File = MG_SVAF_DIAGS.F, Line = 221 
  A loop starting at line 221 was not vectorized because it contains a call to subroutine "mg_irecv" on line 237.

ftn-6202 ftn: VECTOR MG_SVAF_DIAGS_GRID, File = MG_SVAF_DIAGS.F, Line = 224 
  A loop starting at line 224 was replaced by a library call.

ftn-3118 ftn: IPA MG_SVAF_DIAGS_GRID, File = MG_SVAF_DIAGS.F, Line = 237, Column = 15 
  "mg_irecv" (called from "mg_svaf_diags_grid") was not inlined because the call site will not flatten.  "mpi_wtime_" is missing.

ftn-3118 ftn: IPA MG_SVAF_DIAGS_GRID, File = MG_SVAF_DIAGS.F, Line = 238, Column = 15 
  "mg_pack" (called from "mg_svaf_diags_grid") was not inlined because the call site will not flatten.  "mpi_wtime_" is missing.

ftn-3118 ftn: IPA MG_SVAF_DIAGS_GRID, File = MG_SVAF_DIAGS.F, Line = 239, Column = 15 
  "mg_send_svaf" (called from "mg_svaf_diags_grid") was not inlined because the call site will not flatten.  "mpi_wtime_" is
  missing.

ftn-3118 ftn: IPA MG_SVAF_DIAGS_GRID, File = MG_SVAF_DIAGS.F, Line = 240, Column = 15 
  "mg_unpack_svaf" (called from "mg_svaf_diags_grid") was not inlined because the call site will not flatten.  "mpi_wtime_" is
  missing.

ftn-6079 ftn: SCALAR MG_SVAF_DIAGS_GRID, File = MG_SVAF_DIAGS.F, Line = 244 
  A loop starting at line 244 was created by rerolling 5 statements.

ftn-6204 ftn: VECTOR MG_SVAF_DIAGS_GRID, File = MG_SVAF_DIAGS.F, Line = 244 
  A loop starting at line 244 was vectorized.



%%%%%%%%%%%%%%%%%%%%%%%%%%%%%%%%%%%%%%%%%%%%%%%%%%%%%%%%%%%%%%%%%%%%%%%%%%%%%%%%
            C r o s s   R e f e r e n c e   for   MG_SVAF_DIAGS_MOD
%%%%%%%%%%%%%%%%%%%%%%%%%%%%%%%%%%%%%%%%%%%%%%%%%%%%%%%%%%%%%%%%%%%%%%%%%%%%%%%%

Name                                      Storage/Owner                   
----                                      -------------                   

BACK                                      Module MG_CONSTANTS_MOD         
  Parameter, Integer(kind=4), Use assoc
  Declared  
  Defined   
  Referenced     233     249
  Referenced in contained procedure

COUNT_SEND_BACK                           Module MG_CONSTANTS_MOD         
  Integer(kind=4), Use assoc
  Declared  
  Defined         92
  Referenced
  Referenced in contained procedure

COUNT_SEND_EAST                           Module MG_CONSTANTS_MOD         
  Integer(kind=4), Use assoc
  Declared  
  Defined         90
  Referenced
  Referenced in contained procedure

COUNT_SEND_FRONT                          Module MG_CONSTANTS_MOD         
  Integer(kind=4), Use assoc
  Declared  
  Defined         93
  Referenced
  Referenced in contained procedure

COUNT_SEND_NORTH                          Module MG_CONSTANTS_MOD         
  Integer(kind=4), Use assoc
  Declared  
  Defined         88
  Referenced
  Referenced in contained procedure

COUNT_SEND_SOUTH                          Module MG_CONSTANTS_MOD         
  Integer(kind=4), Use assoc
  Declared  
  Defined         89
  Referenced
  Referenced in contained procedure

COUNT_SEND_WEST                           Module MG_CONSTANTS_MOD         
  Integer(kind=4), Use assoc
  Declared  
  Defined         91
  Referenced
  Referenced in contained procedure

DIR                                       Stack                           
  Variable, Integer, Dimension(3)
  Declared       209
  Defined        217     218     219
  Referenced     225

DIR_BACK_FRONT                            Module MG_CONSTANTS_MOD         
  Parameter, Integer(kind=4), Use assoc
  Declared  
  Defined   
  Referenced     219     232
  Referenced in contained procedure

DIR_EAST_WEST                             Module MG_CONSTANTS_MOD         
  Parameter, Integer(kind=4), Use assoc
  Declared  
  Defined   
  Referenced     218     229
  Referenced in contained procedure

DIR_NORTH_SOUTH                           Module MG_CONSTANTS_MOD         
  Parameter, Integer(kind=4), Use assoc
  Declared  
  Defined   
  Referenced     217     226
  Referenced in contained procedure

EAST                                      Module MG_CONSTANTS_MOD         
  Parameter, Integer(kind=4), Use assoc
  Declared  
  Defined   
  Referenced     230     246
  Referenced in contained procedure

FRONT                                     Module MG_CONSTANTS_MOD         
  Parameter, Integer(kind=4), Use assoc
  Declared  
  Defined   
  Referenced     234     248
  Referenced in contained procedure

GRID                                      MG_SVAF_DIAGS_GRID              
  Dummy Argument, Real(kind=8), Dimension(0:<exp>,0:<exp>,0:<exp>),
                                                        Intent(inout)
  Declared       188     202
  Defined   
  Referenced     238     239     240

GRID1                                     Module MG_CONSTANTS_MOD         
  Real(kind=8), Use assoc, Dimension(:,:,:), Allocatable
  Declared  
  Defined   
  Referenced      98
  Referenced in contained procedure

GRID10                                    Module MG_CONSTANTS_MOD         
  Real(kind=8), Use assoc, Dimension(:,:,:), Allocatable
  Declared  
  Defined   
  Referenced     116
  Referenced in contained procedure

GRID11                                    Module MG_CONSTANTS_MOD         
  Real(kind=8), Use assoc, Dimension(:,:,:), Allocatable
  Declared  
  Defined   
  Referenced     119
  Referenced in contained procedure

GRID12                                    Module MG_CONSTANTS_MOD         
  Real(kind=8), Use assoc, Dimension(:,:,:), Allocatable
  Declared  
  Defined   
  Referenced     121
  Referenced in contained procedure

GRID13                                    Module MG_CONSTANTS_MOD         
  Real(kind=8), Use assoc, Dimension(:,:,:), Allocatable
  Declared  
  Defined   
  Referenced     123
  Referenced in contained procedure

GRID14                                    Module MG_CONSTANTS_MOD         
  Real(kind=8), Use assoc, Dimension(:,:,:), Allocatable
  Declared  
  Defined   
  Referenced     125
  Referenced in contained procedure

GRID15                                    Module MG_CONSTANTS_MOD         
  Real(kind=8), Use assoc, Dimension(:,:,:), Allocatable
  Declared  
  Defined   
  Referenced     127
  Referenced in contained procedure

GRID16                                    Module MG_CONSTANTS_MOD         
  Real(kind=8), Use assoc, Dimension(:,:,:), Allocatable
  Declared  
  Defined   
  Referenced     129
  Referenced in contained procedure

GRID17                                    Module MG_CONSTANTS_MOD         
  Real(kind=8), Use assoc, Dimension(:,:,:), Allocatable
  Declared  
  Defined   
  Referenced     131
  Referenced in contained procedure

GRID18                                    Module MG_CONSTANTS_MOD         
  Real(kind=8), Use assoc, Dimension(:,:,:), Allocatable
  Declared  
  Defined   
  Referenced     133
  Referenced in contained procedure

GRID19                                    Module MG_CONSTANTS_MOD         
  Real(kind=8), Use assoc, Dimension(:,:,:), Allocatable
  Declared  
  Defined   
  Referenced     135
  Referenced in contained procedure

GRID2                                     Module MG_CONSTANTS_MOD         
  Real(kind=8), Use assoc, Dimension(:,:,:), Allocatable
  Declared  
  Defined   
  Referenced     100
  Referenced in contained procedure

GRID20                                    Module MG_CONSTANTS_MOD         
  Real(kind=8), Use assoc, Dimension(:,:,:), Allocatable
  Declared  
  Defined   
  Referenced     137
  Referenced in contained procedure

GRID21                                    Module MG_CONSTANTS_MOD         
  Real(kind=8), Use assoc, Dimension(:,:,:), Allocatable
  Declared  
  Defined   
  Referenced     140
  Referenced in contained procedure

GRID22                                    Module MG_CONSTANTS_MOD         
  Real(kind=8), Use assoc, Dimension(:,:,:), Allocatable
  Declared  
  Defined   
  Referenced     142
  Referenced in contained procedure

GRID23                                    Module MG_CONSTANTS_MOD         
  Real(kind=8), Use assoc, Dimension(:,:,:), Allocatable
  Declared  
  Defined   
  Referenced     144
  Referenced in contained procedure

GRID24                                    Module MG_CONSTANTS_MOD         
  Real(kind=8), Use assoc, Dimension(:,:,:), Allocatable
  Declared  
  Defined   
  Referenced     146
  Referenced in contained procedure

GRID25                                    Module MG_CONSTANTS_MOD         
  Real(kind=8), Use assoc, Dimension(:,:,:), Allocatable
  Declared  
  Defined   
  Referenced     148
  Referenced in contained procedure

GRID26                                    Module MG_CONSTANTS_MOD         
  Real(kind=8), Use assoc, Dimension(:,:,:), Allocatable
  Declared  
  Defined   
  Referenced     150
  Referenced in contained procedure

GRID27                                    Module MG_CONSTANTS_MOD         
  Real(kind=8), Use assoc, Dimension(:,:,:), Allocatable
  Declared  
  Defined   
  Referenced     152
  Referenced in contained procedure

GRID28                                    Module MG_CONSTANTS_MOD         
  Real(kind=8), Use assoc, Dimension(:,:,:), Allocatable
  Declared  
  Defined   
  Referenced     154
  Referenced in contained procedure

GRID29                                    Module MG_CONSTANTS_MOD         
  Real(kind=8), Use assoc, Dimension(:,:,:), Allocatable
  Declared  
  Defined   
  Referenced     156
  Referenced in contained procedure

GRID3                                     Module MG_CONSTANTS_MOD         
  Real(kind=8), Use assoc, Dimension(:,:,:), Allocatable
  Declared  
  Defined   
  Referenced     102
  Referenced in contained procedure

GRID30                                    Module MG_CONSTANTS_MOD         
  Real(kind=8), Use assoc, Dimension(:,:,:), Allocatable
  Declared  
  Defined   
  Referenced     158
  Referenced in contained procedure

GRID31                                    Module MG_CONSTANTS_MOD         
  Real(kind=8), Use assoc, Dimension(:,:,:), Allocatable
  Declared  
  Defined   
  Referenced     161
  Referenced in contained procedure

GRID32                                    Module MG_CONSTANTS_MOD         
  Real(kind=8), Use assoc, Dimension(:,:,:), Allocatable
  Declared  
  Defined   
  Referenced     163
  Referenced in contained procedure

GRID33                                    Module MG_CONSTANTS_MOD         
  Real(kind=8), Use assoc, Dimension(:,:,:), Allocatable
  Declared  
  Defined   
  Referenced     165
  Referenced in contained procedure

GRID34                                    Module MG_CONSTANTS_MOD         
  Real(kind=8), Use assoc, Dimension(:,:,:), Allocatable
  Declared  
  Defined   
  Referenced     167
  Referenced in contained procedure

GRID35                                    Module MG_CONSTANTS_MOD         
  Real(kind=8), Use assoc, Dimension(:,:,:), Allocatable
  Declared  
  Defined   
  Referenced     169
  Referenced in contained procedure

GRID36                                    Module MG_CONSTANTS_MOD         
  Real(kind=8), Use assoc, Dimension(:,:,:), Allocatable
  Declared  
  Defined   
  Referenced     171
  Referenced in contained procedure

GRID37                                    Module MG_CONSTANTS_MOD         
  Real(kind=8), Use assoc, Dimension(:,:,:), Allocatable
  Declared  
  Defined   
  Referenced     173
  Referenced in contained procedure

GRID38                                    Module MG_CONSTANTS_MOD         
  Real(kind=8), Use assoc, Dimension(:,:,:), Allocatable
  Declared  
  Defined   
  Referenced     175
  Referenced in contained procedure

GRID39                                    Module MG_CONSTANTS_MOD         
  Real(kind=8), Use assoc, Dimension(:,:,:), Allocatable
  Declared  
  Defined   
  Referenced     177
  Referenced in contained procedure

GRID4                                     Module MG_CONSTANTS_MOD         
  Real(kind=8), Use assoc, Dimension(:,:,:), Allocatable
  Declared  
  Defined   
  Referenced     104
  Referenced in contained procedure

GRID40                                    Module MG_CONSTANTS_MOD         
  Real(kind=8), Use assoc, Dimension(:,:,:), Allocatable
  Declared  
  Defined   
  Referenced     179
  Referenced in contained procedure

GRID5                                     Module MG_CONSTANTS_MOD         
  Real(kind=8), Use assoc, Dimension(:,:,:), Allocatable
  Declared  
  Defined   
  Referenced     106
  Referenced in contained procedure

GRID6                                     Module MG_CONSTANTS_MOD         
  Real(kind=8), Use assoc, Dimension(:,:,:), Allocatable
  Declared  
  Defined   
  Referenced     108
  Referenced in contained procedure

GRID7                                     Module MG_CONSTANTS_MOD         
  Real(kind=8), Use assoc, Dimension(:,:,:), Allocatable
  Declared  
  Defined   
  Referenced     110
  Referenced in contained procedure

GRID8                                     Module MG_CONSTANTS_MOD         
  Real(kind=8), Use assoc, Dimension(:,:,:), Allocatable
  Declared  
  Defined   
  Referenced     112
  Referenced in contained procedure

GRID9                                     Module MG_CONSTANTS_MOD         
  Real(kind=8), Use assoc, Dimension(:,:,:), Allocatable
  Declared  
  Defined   
  Referenced     114
  Referenced in contained procedure

I                                         Stack                           
  Variable, Integer
  Declared        72
  Defined   
  Referenced

I                                         Stack                           
  Variable, Integer
  Declared       208
  Defined   
  Referenced     225

ICOUNT                                    Stack                           
  Variable, Integer
  Declared        69
  Defined   
  Referenced

IERR                                      MG_SVAF_DIAGS                   
  Dummy Argument, Integer, Intent(out)
  Declared        48      62
  Defined         86
  Referenced      98     100     102     104     106     108     110     112     114     116     119     121     123     125     127
           129     131     133     135     137     140     142     144     146     148     150     152     154     156     158
           161     163     165     167     169     171     173     175     177     179

IERR                                      MG_SVAF_DIAGS_GRID              
  Dummy Argument, Integer, Intent(out)
  Declared       188     199
  Defined        215
  Referenced     237     238     239     240

ISTAT                                     Stack                           
  Variable, Integer
  Declared        70
  Defined   
  Referenced

IVAR                                      MG_SVAF_DIAGS                   
  Dummy Argument, Integer, Intent(in)
  Declared        48      59
  Defined   
  Referenced      95     182

IWHICH                                    Stack                           
  Variable, Integer
  Declared        71
  Defined   
  Referenced

J                                         Stack                           
  Variable, Integer
  Declared        72
  Defined   
  Referenced

K                                         Stack                           
  Variable, Integer
  Declared        72
  Defined   
  Referenced

L                                         Stack                           
  Variable, Integer
  Declared        72
  Defined   
  Referenced

M                                         Stack                           
  Variable, Integer
  Declared        72
  Defined   
  Referenced

MG_CONSTANTS_MOD                                                          
  Module, Used indirectly (from module MG_IRECV_MOD)
  Declared  
  Defined   
  Referenced

MG_CONSTANTS_MOD                                                          
  Module, Used indirectly (from module MG_PACK_MOD)
  Declared  
  Defined   
  Referenced

MG_CONSTANTS_MOD                                                          
  Module
  Declared  
  Defined   
  Referenced      35

MG_CONSTANTS_MOD                                                          
  Module, Used indirectly (from module MG_UNPACK_SVAF_MOD)
  Declared  
  Defined   
  Referenced

MG_CONSTANTS_MOD                                                          
  Module, Used indirectly (from module MG_SEND_SVAF_MOD)
  Declared  
  Defined   
  Referenced

MG_CONSTANTS_MOD                                                          
  Module, Used indirectly (from module MG_UTILS_MOD)
  Declared  
  Defined   
  Referenced

MG_ENV_MOD                                                                
  Module, Used indirectly (from module MG_IRECV_MOD)
  Declared  
  Defined   
  Referenced

MG_ENV_MOD                                                                
  Module, Used indirectly (from module MG_UNPACK_SVAF_MOD)
  Declared  
  Defined   
  Referenced

MG_ENV_MOD                                                                
  Module, Used indirectly (from module MG_SEND_SVAF_MOD)
  Declared  
  Defined   
  Referenced

MG_ENV_MOD                                                                
  Module, Used indirectly (from module MG_PACK_MOD)
  Declared  
  Defined   
  Referenced

MG_GET_FACE_MOD                                                           
  Module, Used indirectly (from module MG_UNPACK_SVAF_MOD)
  Declared  
  Defined   
  Referenced

MG_IRECV                                  Module MG_IRECV_MOD             
  Subroutine, Module procedure
  Declared  
  Defined   
  Referenced     237

MG_IRECV                                  Module MG_IRECV_MOD             
  Subroutine, Module procedure
  Declared  
  Defined   
  Referenced     237

MG_IRECV_MOD                                                              
  Module
  Declared  
  Defined   
  Referenced      37

MG_OPTIONS_MOD                                                            
  Module, Used indirectly (from module MG_UNPACK_SVAF_MOD)
  Declared  
  Defined   
  Referenced

MG_OPTIONS_MOD                                                            
  Module, Used indirectly (from module MG_SEND_SVAF_MOD)
  Declared  
  Defined   
  Referenced

MG_OPTIONS_MOD                                                            
  Module, Used indirectly (from module MG_PACK_MOD)
  Declared  
  Defined   
  Referenced

MG_OPTIONS_MOD                                                            
  Module, Used indirectly (from module MG_UTILS_MOD)
  Declared  
  Defined   
  Referenced

MG_OPTIONS_MOD                                                            
  Module, Used indirectly (from module MG_IRECV_MOD)
  Declared  
  Defined   
  Referenced

MG_PACK                                   Module MG_PACK_MOD              
  Subroutine, Module procedure
  Declared  
  Defined   
  Referenced     238

MG_PACK                                   Module MG_PACK_MOD              
  Subroutine, Module procedure
  Declared  
  Defined   
  Referenced     238

MG_PACK_MOD                                                               
  Module
  Declared  
  Defined   
  Referenced      38

MG_PROFILING_MOD                                                          
  Module, Used indirectly (from module MG_PACK_MOD)
  Declared  
  Defined   
  Referenced

MG_PROFILING_MOD                                                          
  Module, Used indirectly (from module MG_UNPACK_SVAF_MOD)
  Declared  
  Defined   
  Referenced

MG_PROFILING_MOD                                                          
  Module, Used indirectly (from module MG_SEND_SVAF_MOD)
  Declared  
  Defined   
  Referenced

MG_PROFILING_MOD                                                          
  Module, Used indirectly (from module MG_IRECV_MOD)
  Declared  
  Defined   
  Referenced

MG_REAL                                   Module MG_CONSTANTS_MOD         
  Parameter, Integer(kind=1), Use assoc
  Declared  
  Defined   
  Referenced     201
  Referenced in contained procedure

MG_SEND_SVAF                              Module MG_SEND_SVAF_MOD         
  Subroutine, Module procedure
  Declared  
  Defined   
  Referenced     239

MG_SEND_SVAF                              Module MG_SEND_SVAF_MOD         
  Subroutine, Module procedure
  Declared  
  Defined   
  Referenced     239

MG_SEND_SVAF_MOD                                                          
  Module
  Declared  
  Defined   
  Referenced      39

MG_SVAF_DIAGS                                                             
  Subroutine, Module procedure
  Declared        48
  Defined   
  Referenced

MG_SVAF_DIAGS_GRID                                                        
  Subroutine, Module procedure
  Declared       188
  Defined   
  Referenced      98      98     100     100     102     102     104     104     106     106     108     108     110     110     112
           112     114     114     116     116     119     119     121     121     123     123     125     125     127     127
           129     129     131     131     133     133     135     135     137     137     140     140     142     142     144
           144     146     146     148     148     150     150     152     152     154     154     156     156     158     158
           161     161     163     163     165     165     167     167     169     169     171     171     173     173     175
           175     177     177     179     179

MG_SVAF_DIAGS_MOD                                                         
  Module
  Declared        28
  Defined   
  Referenced

MG_UNPACK_SVAF                            Module MG_UNPACK_SVAF_MOD       
  Subroutine, Module procedure
  Declared  
  Defined   
  Referenced     240

MG_UNPACK_SVAF                            Module MG_UNPACK_SVAF_MOD       
  Subroutine, Module procedure
  Declared  
  Defined   
  Referenced     240

MG_UNPACK_SVAF_MOD                                                        
  Module
  Declared  
  Defined   
  Referenced      40

MG_UTILS_MOD                                                              
  Module, Used indirectly (from module MG_SEND_SVAF_MOD)
  Declared  
  Defined   
  Referenced

MG_UTILS_MOD                                                              
  Module
  Declared  
  Defined   
  Referenced      36

MG_UTILS_MOD                                                              
  Module, Used indirectly (from module MG_PACK_MOD)
  Declared  
  Defined   
  Referenced

MG_UTILS_MOD                                                              
  Module, Used indirectly (from module MG_IRECV_MOD)
  Declared  
  Defined   
  Referenced

MG_UTILS_MOD                                                              
  Module, Used indirectly (from module MG_UNPACK_SVAF_MOD)
  Declared  
  Defined   
  Referenced

MPIFCMB5                                  Module MG_CONSTANTS_MOD         
  Common block 
  Declared  
  Defined   
  Referenced

MPIFCMB9                                  Module MG_CONSTANTS_MOD         
  Common block 
  Declared  
  Defined   
  Referenced

MPIPRIV1                                  Module MG_CONSTANTS_MOD         
  Common block 
  Declared  
  Defined   
  Referenced

MPIPRIV2                                  Module MG_CONSTANTS_MOD         
  Common block 
  Declared  
  Defined   
  Referenced

MPIPRIVC                                  Module MG_CONSTANTS_MOD         
  Common block 
  Declared  
  Defined   
  Referenced

MSG_REQ                                   Stack                           
  Variable, Integer, Dimension(12)
  Declared        80
  Defined   
  Referenced

MSG_REQ_OFFSET                            Stack                           
  Variable, Integer
  Declared        75
  Defined   
  Referenced

N                                         Stack                           
  Variable, Integer
  Declared        72
  Defined   
  Referenced

NEIGHBORS                                 Module MG_CONSTANTS_MOD         
  Integer(kind=4), Use assoc, Dimension(:), Allocatable
  Declared  
  Defined        224     227     228     230     231     233     234     244     245     246     247     248     249
  Referenced
  Referenced in contained procedure

NEIGHBORS_ORIG                            Module MG_CONSTANTS_MOD         
  Integer(kind=4), Use assoc, Dimension(:), Allocatable
  Declared  
  Defined   
  Referenced     227     228     230     231     233     234     244     245     246     247     248     249
  Referenced in contained procedure

NORTH                                     Module MG_CONSTANTS_MOD         
  Parameter, Integer(kind=4), Use assoc
  Declared  
  Defined   
  Referenced     227     244
  Referenced in contained procedure

NUM_RECVS                                 Stack                           
  Variable, Integer
  Declared        73
  Defined   
  Referenced

NUM_RECVS_OUTSTANDING                     Stack                           
  Variable, Integer
  Declared        74
  Defined   
  Referenced

NX                                        Module MG_OPTIONS_MOD           
  Integer, Use assoc
  Declared  
  Defined   
  Referenced
  Referenced in contained procedure

NY                                        Module MG_OPTIONS_MOD           
  Integer, Use assoc
  Declared  
  Defined   
  Referenced
  Referenced in contained procedure

NZ                                        Module MG_OPTIONS_MOD           
  Integer, Use assoc
  Declared  
  Defined   
  Referenced
  Referenced in contained procedure

OFFSET                                    Stack                           
  Variable, Integer
  Declared        76
  Defined   
  Referenced

OFFSET_LAST                               Stack                           
  Variable, Integer
  Declared        77
  Defined   
  Referenced

RECV_BUFFER_SIZE                          Stack                           
  Variable, Integer
  Declared        78
  Defined   
  Referenced

SEND_BUFFER_SIZE                          Stack                           
  Variable, Integer
  Declared        79
  Defined   
  Referenced

SOUTH                                     Module MG_CONSTANTS_MOD         
  Parameter, Integer(kind=4), Use assoc
  Declared  
  Defined   
  Referenced     228     245
  Referenced in contained procedure

WEST                                      Module MG_CONSTANTS_MOD         
  Parameter, Integer(kind=4), Use assoc
  Declared  
  Defined   
  Referenced     231     247
  Referenced in contained procedure


%%%%%%%%%%%%%%%%%%%%%%%%%%%%%%%%%%%%%%%%%%%%%%%%%%%%%%%%%%%%%%%%%%%%%%%%%%%%%%%%
                     C o m m o n   B l o c k   R e p o r t
%%%%%%%%%%%%%%%%%%%%%%%%%%%%%%%%%%%%%%%%%%%%%%%%%%%%%%%%%%%%%%%%%%%%%%%%%%%%%%%%

Blk  Program Unit                     Messages
---  ------------                     --------
/MPIFCMB5/                            Length: 4 bytes

     MG_SVAF_DIAGS_MOD                Block is used from MG_CONSTANTS_MOD

Blk  Program Unit                     Messages
---  ------------                     --------
/MPIFCMB9/                            Length: 4 bytes

     MG_SVAF_DIAGS_MOD                Block is used from MG_CONSTANTS_MOD

Blk  Program Unit                     Messages
---  ------------                     --------
/MPIPRIV1/                            Length: 28 bytes

     MG_SVAF_DIAGS_MOD                Block is used from MG_CONSTANTS_MOD

Blk  Program Unit                     Messages
---  ------------                     --------
/MPIPRIV2/                            Length: 24 bytes

     MG_SVAF_DIAGS_MOD                Block is used from MG_CONSTANTS_MOD

Blk  Program Unit                     Messages
---  ------------                     --------
/MPIPRIVC/                            Length: 2 bytes

     MG_SVAF_DIAGS_MOD                Block is used from MG_CONSTANTS_MOD


%%%%%%%%%%%%%%%%%%%%%%%%%%%%%%%%%%%%%%%%%%%%%%%%%%%%%%%%%%%%%%%%%%%%%%%%%%%%%%%%
                         E x t e r n a l   R e p o r t
%%%%%%%%%%%%%%%%%%%%%%%%%%%%%%%%%%%%%%%%%%%%%%%%%%%%%%%%%%%%%%%%%%%%%%%%%%%%%%%%

Name  Messages
----  --------
ENV in MG_ENV_MOD
      Defined as:  No definitions.

                   No calls.  It is not called and does not use any procedure.

      Interface:   None

Name  Messages
----  --------
GET_FACE in MG_GET_FACE_MOD
      Defined as:  No definitions.

                   No calls.  It is not called and does not use any procedure.

      Interface:   None

Name  Messages
----  --------
MG_ASSERT in MG_UTILS_MOD
      Defined as:  No definitions.

                   No calls.  It is not called and does not use any procedure.

      Interface:   None

Name  Messages
----  --------
MG_COMPUTE_STDDEV in MG_UTILS_MOD
      Defined as:  No definitions.

                   No calls.  It is not called and does not use any procedure.

      Interface:   None

Name  Messages
----  --------
MG_CONSTANTS_MOD
      Defined as:  No definitions.

      Used By:     MG_SVAF_DIAGS_MOD
                   MG_SVAF_DIAGS_MOD  (indirectly)
                   MG_SVAF_DIAGS_MOD  (indirectly)
                   MG_SVAF_DIAGS_MOD  (indirectly)
                   MG_SVAF_DIAGS_MOD  (indirectly)
                   MG_SVAF_DIAGS_MOD  (indirectly)

Name  Messages
----  --------
MG_ENV_MOD
      Defined as:  No definitions.

      Used By:     MG_SVAF_DIAGS_MOD  (indirectly)
                   MG_SVAF_DIAGS_MOD  (indirectly)
                   MG_SVAF_DIAGS_MOD  (indirectly)
                   MG_SVAF_DIAGS_MOD  (indirectly)

Name  Messages
----  --------
MG_GET_FACE in MG_GET_FACE_MOD
      Defined as:  No definitions.

                   No calls.  It is not called and does not use any procedure.

      Interface:   None

Name  Messages
----  --------
MG_GET_FACE_MOD
      Defined as:  No definitions.

      Used By:     MG_SVAF_DIAGS_MOD  (indirectly)

Name  Messages
----  --------
MG_GRID_DEALLOC in MG_UTILS_MOD
      Defined as:  No definitions.

                   No calls.  It is not called and does not use any procedure.

      Interface:   None

Name  Messages
----  --------
MG_GRID_INIT in MG_UTILS_MOD
      Defined as:  No definitions.

                   No calls.  It is not called and does not use any procedure.

      Interface:   None

Name  Messages
----  --------
MG_INIT in MG_UTILS_MOD
      Defined as:  No definitions.

                   No calls.  It is not called and does not use any procedure.

      Interface:   None

Name  Messages
----  --------
MG_INIT_GRID in MG_UTILS_MOD
      Defined as:  No definitions.

                   No calls.  It is not called and does not use any procedure.

      Interface:   None

Name  Messages
----  --------
MG_INSERT_SPIKE in MG_UTILS_MOD
      Defined as:  No definitions.

                   No calls.  It is not called and does not use any procedure.

      Interface:   None

Name  Messages
----  --------
MG_IRECV in MG_IRECV_MOD
      Defined as:  No definitions.

      Interface:   None

      Called By:   MG_SVAF_DIAGS_GRID in MG_SVAF_DIAGS_MOD (Line 237, file MG_SVAF_DIAGS.F)

Name  Messages
----  --------
MG_IRECV_MOD
      Defined as:  No definitions.

      Used By:     MG_SVAF_DIAGS_MOD

Name  Messages
----  --------
MG_OPTIONS_MOD
      Defined as:  No definitions.

      Used By:     MG_SVAF_DIAGS_MOD  (indirectly)
                   MG_SVAF_DIAGS_MOD  (indirectly)
                   MG_SVAF_DIAGS_MOD  (indirectly)
                   MG_SVAF_DIAGS_MOD  (indirectly)
                   MG_SVAF_DIAGS_MOD  (indirectly)

Name  Messages
----  --------
MG_PACK in MG_PACK_MOD
      Defined as:  No definitions.

      Interface:   None

      Called By:   MG_SVAF_DIAGS_GRID in MG_SVAF_DIAGS_MOD (Line 238, file MG_SVAF_DIAGS.F)

Name  Messages
----  --------
MG_PACK_MOD
      Defined as:  No definitions.

      Used By:     MG_SVAF_DIAGS_MOD

Name  Messages
----  --------
MG_PERF_INIT in MG_PROFILING_MOD
      Defined as:  No definitions.

                   No calls.  It is not called and does not use any procedure.

      Interface:   None

Name  Messages
----  --------
MG_PERF_REPORT in MG_PROFILING_MOD
      Defined as:  No definitions.

                   No calls.  It is not called and does not use any procedure.

      Interface:   None

Name  Messages
----  --------
MG_PRINT_HEADER in MG_UTILS_MOD
      Defined as:  No definitions.

                   No calls.  It is not called and does not use any procedure.

      Interface:   None

Name  Messages
----  --------
MG_PROFILING_MOD
      Defined as:  No definitions.

      Used By:     MG_SVAF_DIAGS_MOD  (indirectly)
                   MG_SVAF_DIAGS_MOD  (indirectly)
                   MG_SVAF_DIAGS_MOD  (indirectly)
                   MG_SVAF_DIAGS_MOD  (indirectly)

Name  Messages
----  --------
MG_SEND_SVAF in MG_SEND_SVAF_MOD
      Defined as:  No definitions.

      Interface:   None

      Called By:   MG_SVAF_DIAGS_GRID in MG_SVAF_DIAGS_MOD (Line 239, file MG_SVAF_DIAGS.F)

Name  Messages
----  --------
MG_SEND_SVAF_MOD
      Defined as:  No definitions.

      Used By:     MG_SVAF_DIAGS_MOD

Name  Messages
----  --------
MG_SVAF_DIAGS in MG_SVAF_DIAGS_MOD
      Defined as:  Subroutine (line 48, file MG_SVAF_DIAGS.F)

      Interface:   None

      Calls:       MG_SVAF_DIAGS_GRID in MG_SVAF_DIAGS_MOD (Line 98, file MG_SVAF_DIAGS.F)
                   MG_SVAF_DIAGS_GRID in MG_SVAF_DIAGS_MOD (Line 100, file MG_SVAF_DIAGS.F)
                   MG_SVAF_DIAGS_GRID in MG_SVAF_DIAGS_MOD (Line 102, file MG_SVAF_DIAGS.F)
                   MG_SVAF_DIAGS_GRID in MG_SVAF_DIAGS_MOD (Line 104, file MG_SVAF_DIAGS.F)
                   MG_SVAF_DIAGS_GRID in MG_SVAF_DIAGS_MOD (Line 106, file MG_SVAF_DIAGS.F)
                   MG_SVAF_DIAGS_GRID in MG_SVAF_DIAGS_MOD (Line 108, file MG_SVAF_DIAGS.F)
                   MG_SVAF_DIAGS_GRID in MG_SVAF_DIAGS_MOD (Line 110, file MG_SVAF_DIAGS.F)
                   MG_SVAF_DIAGS_GRID in MG_SVAF_DIAGS_MOD (Line 112, file MG_SVAF_DIAGS.F)
                   MG_SVAF_DIAGS_GRID in MG_SVAF_DIAGS_MOD (Line 114, file MG_SVAF_DIAGS.F)
                   MG_SVAF_DIAGS_GRID in MG_SVAF_DIAGS_MOD (Line 116, file MG_SVAF_DIAGS.F)
                   MG_SVAF_DIAGS_GRID in MG_SVAF_DIAGS_MOD (Line 119, file MG_SVAF_DIAGS.F)
                   MG_SVAF_DIAGS_GRID in MG_SVAF_DIAGS_MOD (Line 121, file MG_SVAF_DIAGS.F)
                   MG_SVAF_DIAGS_GRID in MG_SVAF_DIAGS_MOD (Line 123, file MG_SVAF_DIAGS.F)
                   MG_SVAF_DIAGS_GRID in MG_SVAF_DIAGS_MOD (Line 125, file MG_SVAF_DIAGS.F)
                   MG_SVAF_DIAGS_GRID in MG_SVAF_DIAGS_MOD (Line 127, file MG_SVAF_DIAGS.F)
                   MG_SVAF_DIAGS_GRID in MG_SVAF_DIAGS_MOD (Line 129, file MG_SVAF_DIAGS.F)
                   MG_SVAF_DIAGS_GRID in MG_SVAF_DIAGS_MOD (Line 131, file MG_SVAF_DIAGS.F)
                   MG_SVAF_DIAGS_GRID in MG_SVAF_DIAGS_MOD (Line 133, file MG_SVAF_DIAGS.F)
                   MG_SVAF_DIAGS_GRID in MG_SVAF_DIAGS_MOD (Line 135, file MG_SVAF_DIAGS.F)
                   MG_SVAF_DIAGS_GRID in MG_SVAF_DIAGS_MOD (Line 137, file MG_SVAF_DIAGS.F)
                   MG_SVAF_DIAGS_GRID in MG_SVAF_DIAGS_MOD (Line 140, file MG_SVAF_DIAGS.F)
                   MG_SVAF_DIAGS_GRID in MG_SVAF_DIAGS_MOD (Line 142, file MG_SVAF_DIAGS.F)
                   MG_SVAF_DIAGS_GRID in MG_SVAF_DIAGS_MOD (Line 144, file MG_SVAF_DIAGS.F)
                   MG_SVAF_DIAGS_GRID in MG_SVAF_DIAGS_MOD (Line 146, file MG_SVAF_DIAGS.F)
                   MG_SVAF_DIAGS_GRID in MG_SVAF_DIAGS_MOD (Line 148, file MG_SVAF_DIAGS.F)
                   MG_SVAF_DIAGS_GRID in MG_SVAF_DIAGS_MOD (Line 150, file MG_SVAF_DIAGS.F)
                   MG_SVAF_DIAGS_GRID in MG_SVAF_DIAGS_MOD (Line 152, file MG_SVAF_DIAGS.F)
                   MG_SVAF_DIAGS_GRID in MG_SVAF_DIAGS_MOD (Line 154, file MG_SVAF_DIAGS.F)
                   MG_SVAF_DIAGS_GRID in MG_SVAF_DIAGS_MOD (Line 156, file MG_SVAF_DIAGS.F)
                   MG_SVAF_DIAGS_GRID in MG_SVAF_DIAGS_MOD (Line 158, file MG_SVAF_DIAGS.F)
                   MG_SVAF_DIAGS_GRID in MG_SVAF_DIAGS_MOD (Line 161, file MG_SVAF_DIAGS.F)
                   MG_SVAF_DIAGS_GRID in MG_SVAF_DIAGS_MOD (Line 163, file MG_SVAF_DIAGS.F)
                   MG_SVAF_DIAGS_GRID in MG_SVAF_DIAGS_MOD (Line 165, file MG_SVAF_DIAGS.F)
                   MG_SVAF_DIAGS_GRID in MG_SVAF_DIAGS_MOD (Line 167, file MG_SVAF_DIAGS.F)
                   MG_SVAF_DIAGS_GRID in MG_SVAF_DIAGS_MOD (Line 169, file MG_SVAF_DIAGS.F)
                   MG_SVAF_DIAGS_GRID in MG_SVAF_DIAGS_MOD (Line 171, file MG_SVAF_DIAGS.F)
                   MG_SVAF_DIAGS_GRID in MG_SVAF_DIAGS_MOD (Line 173, file MG_SVAF_DIAGS.F)
                   MG_SVAF_DIAGS_GRID in MG_SVAF_DIAGS_MOD (Line 175, file MG_SVAF_DIAGS.F)
                   MG_SVAF_DIAGS_GRID in MG_SVAF_DIAGS_MOD (Line 177, file MG_SVAF_DIAGS.F)
                   MG_SVAF_DIAGS_GRID in MG_SVAF_DIAGS_MOD (Line 179, file MG_SVAF_DIAGS.F)

Name  Messages
----  --------
MG_SVAF_DIAGS_GRID in MG_SVAF_DIAGS_MOD
      Defined as:  Subroutine (line 188, file MG_SVAF_DIAGS.F)

      Interface:   None

      Called By:   MG_SVAF_DIAGS in MG_SVAF_DIAGS_MOD (Line 98, file MG_SVAF_DIAGS.F)
                   MG_SVAF_DIAGS in MG_SVAF_DIAGS_MOD (Line 100, file MG_SVAF_DIAGS.F)
                   MG_SVAF_DIAGS in MG_SVAF_DIAGS_MOD (Line 102, file MG_SVAF_DIAGS.F)
                   MG_SVAF_DIAGS in MG_SVAF_DIAGS_MOD (Line 104, file MG_SVAF_DIAGS.F)
                   MG_SVAF_DIAGS in MG_SVAF_DIAGS_MOD (Line 106, file MG_SVAF_DIAGS.F)
                   MG_SVAF_DIAGS in MG_SVAF_DIAGS_MOD (Line 108, file MG_SVAF_DIAGS.F)
                   MG_SVAF_DIAGS in MG_SVAF_DIAGS_MOD (Line 110, file MG_SVAF_DIAGS.F)
                   MG_SVAF_DIAGS in MG_SVAF_DIAGS_MOD (Line 112, file MG_SVAF_DIAGS.F)
                   MG_SVAF_DIAGS in MG_SVAF_DIAGS_MOD (Line 114, file MG_SVAF_DIAGS.F)
                   MG_SVAF_DIAGS in MG_SVAF_DIAGS_MOD (Line 116, file MG_SVAF_DIAGS.F)
                   MG_SVAF_DIAGS in MG_SVAF_DIAGS_MOD (Line 119, file MG_SVAF_DIAGS.F)
                   MG_SVAF_DIAGS in MG_SVAF_DIAGS_MOD (Line 121, file MG_SVAF_DIAGS.F)
                   MG_SVAF_DIAGS in MG_SVAF_DIAGS_MOD (Line 123, file MG_SVAF_DIAGS.F)
                   MG_SVAF_DIAGS in MG_SVAF_DIAGS_MOD (Line 125, file MG_SVAF_DIAGS.F)
                   MG_SVAF_DIAGS in MG_SVAF_DIAGS_MOD (Line 127, file MG_SVAF_DIAGS.F)
                   MG_SVAF_DIAGS in MG_SVAF_DIAGS_MOD (Line 129, file MG_SVAF_DIAGS.F)
                   MG_SVAF_DIAGS in MG_SVAF_DIAGS_MOD (Line 131, file MG_SVAF_DIAGS.F)
                   MG_SVAF_DIAGS in MG_SVAF_DIAGS_MOD (Line 133, file MG_SVAF_DIAGS.F)
                   MG_SVAF_DIAGS in MG_SVAF_DIAGS_MOD (Line 135, file MG_SVAF_DIAGS.F)
                   MG_SVAF_DIAGS in MG_SVAF_DIAGS_MOD (Line 137, file MG_SVAF_DIAGS.F)
                   MG_SVAF_DIAGS in MG_SVAF_DIAGS_MOD (Line 140, file MG_SVAF_DIAGS.F)
                   MG_SVAF_DIAGS in MG_SVAF_DIAGS_MOD (Line 142, file MG_SVAF_DIAGS.F)
                   MG_SVAF_DIAGS in MG_SVAF_DIAGS_MOD (Line 144, file MG_SVAF_DIAGS.F)
                   MG_SVAF_DIAGS in MG_SVAF_DIAGS_MOD (Line 146, file MG_SVAF_DIAGS.F)
                   MG_SVAF_DIAGS in MG_SVAF_DIAGS_MOD (Line 148, file MG_SVAF_DIAGS.F)
                   MG_SVAF_DIAGS in MG_SVAF_DIAGS_MOD (Line 150, file MG_SVAF_DIAGS.F)
                   MG_SVAF_DIAGS in MG_SVAF_DIAGS_MOD (Line 152, file MG_SVAF_DIAGS.F)
                   MG_SVAF_DIAGS in MG_SVAF_DIAGS_MOD (Line 154, file MG_SVAF_DIAGS.F)
                   MG_SVAF_DIAGS in MG_SVAF_DIAGS_MOD (Line 156, file MG_SVAF_DIAGS.F)
                   MG_SVAF_DIAGS in MG_SVAF_DIAGS_MOD (Line 158, file MG_SVAF_DIAGS.F)
                   MG_SVAF_DIAGS in MG_SVAF_DIAGS_MOD (Line 161, file MG_SVAF_DIAGS.F)
                   MG_SVAF_DIAGS in MG_SVAF_DIAGS_MOD (Line 163, file MG_SVAF_DIAGS.F)
                   MG_SVAF_DIAGS in MG_SVAF_DIAGS_MOD (Line 165, file MG_SVAF_DIAGS.F)
                   MG_SVAF_DIAGS in MG_SVAF_DIAGS_MOD (Line 167, file MG_SVAF_DIAGS.F)
                   MG_SVAF_DIAGS in MG_SVAF_DIAGS_MOD (Line 169, file MG_SVAF_DIAGS.F)
                   MG_SVAF_DIAGS in MG_SVAF_DIAGS_MOD (Line 171, file MG_SVAF_DIAGS.F)
                   MG_SVAF_DIAGS in MG_SVAF_DIAGS_MOD (Line 173, file MG_SVAF_DIAGS.F)
                   MG_SVAF_DIAGS in MG_SVAF_DIAGS_MOD (Line 175, file MG_SVAF_DIAGS.F)
                   MG_SVAF_DIAGS in MG_SVAF_DIAGS_MOD (Line 177, file MG_SVAF_DIAGS.F)
                   MG_SVAF_DIAGS in MG_SVAF_DIAGS_MOD (Line 179, file MG_SVAF_DIAGS.F)

      Calls:       MG_IRECV in MG_IRECV_MOD (Line 237, file MG_SVAF_DIAGS.F)
                   MG_PACK in MG_PACK_MOD (Line 238, file MG_SVAF_DIAGS.F)
                   MG_SEND_SVAF in MG_SEND_SVAF_MOD (Line 239, file MG_SVAF_DIAGS.F)
                   MG_UNPACK_SVAF in MG_UNPACK_SVAF_MOD (Line 240, file MG_SVAF_DIAGS.F)

Name  Messages
----  --------
MG_SVAF_DIAGS_MOD
      Defined as:  Module (line 28, file MG_SVAF_DIAGS.F)

        Uses:      MG_CONSTANTS_MOD
                   MG_UTILS_MOD
                   MG_OPTIONS_MOD  (indirectly)
                   MG_CONSTANTS_MOD  (indirectly)
                   MG_IRECV_MOD
                   MG_ENV_MOD  (indirectly)
                   MG_OPTIONS_MOD  (indirectly)
                   MG_PROFILING_MOD  (indirectly)
                   MG_UTILS_MOD  (indirectly)
                   MG_CONSTANTS_MOD  (indirectly)
                   MG_PACK_MOD
                   MG_ENV_MOD  (indirectly)
                   MG_OPTIONS_MOD  (indirectly)
                   MG_PROFILING_MOD  (indirectly)
                   MG_UTILS_MOD  (indirectly)
                   MG_CONSTANTS_MOD  (indirectly)
                   MG_SEND_SVAF_MOD
                   MG_ENV_MOD  (indirectly)
                   MG_OPTIONS_MOD  (indirectly)
                   MG_PROFILING_MOD  (indirectly)
                   MG_UTILS_MOD  (indirectly)
                   MG_CONSTANTS_MOD  (indirectly)
                   MG_UNPACK_SVAF_MOD
                   MG_ENV_MOD  (indirectly)
                   MG_OPTIONS_MOD  (indirectly)
                   MG_PROFILING_MOD  (indirectly)
                   MG_GET_FACE_MOD  (indirectly)
                   MG_UTILS_MOD  (indirectly)
                   MG_CONSTANTS_MOD  (indirectly)

Name  Messages
----  --------
MG_TIMER in MG_UTILS_MOD
      Defined as:  No definitions.

                   No calls.  It is not called and does not use any procedure.

      Interface:   None

Name  Messages
----  --------
MG_UNPACK_SVAF in MG_UNPACK_SVAF_MOD
      Defined as:  No definitions.

      Interface:   None

      Called By:   MG_SVAF_DIAGS_GRID in MG_SVAF_DIAGS_MOD (Line 240, file MG_SVAF_DIAGS.F)

Name  Messages
----  --------
MG_UNPACK_SVAF_MOD
      Defined as:  No definitions.

      Used By:     MG_SVAF_DIAGS_MOD

Name  Messages
----  --------
MG_UTILS_MOD
      Defined as:  No definitions.

      Used By:     MG_SVAF_DIAGS_MOD
                   MG_SVAF_DIAGS_MOD  (indirectly)
                   MG_SVAF_DIAGS_MOD  (indirectly)
                   MG_SVAF_DIAGS_MOD  (indirectly)
                   MG_SVAF_DIAGS_MOD  (indirectly)

Name  Messages
----  --------
MPI_COMM_DUP_FN
      Defined as:  No definitions.

                   No calls.  It is not called and does not use any procedure.

Name  Messages
----  --------
MPI_COMM_NULL_COPY_FN
      Defined as:  No definitions.

                   No calls.  It is not called and does not use any procedure.

Name  Messages
----  --------
MPI_COMM_NULL_DELETE_FN
      Defined as:  No definitions.

                   No calls.  It is not called and does not use any procedure.

Name  Messages
----  --------
MPI_CONVERSION_FN_NULL
      Defined as:  No definitions.

                   No calls.  It is not called and does not use any procedure.

Name  Messages
----  --------
MPI_DUP_FN
      Defined as:  No definitions.

                   No calls.  It is not called and does not use any procedure.

Name  Messages
----  --------
MPI_NULL_COPY_FN
      Defined as:  No definitions.

                   No calls.  It is not called and does not use any procedure.

Name  Messages
----  --------
MPI_NULL_DELETE_FN
      Defined as:  No definitions.

                   No calls.  It is not called and does not use any procedure.

Name  Messages
----  --------
MPI_TYPE_DUP_FN
      Defined as:  No definitions.

                   No calls.  It is not called and does not use any procedure.

Name  Messages
----  --------
MPI_TYPE_NULL_COPY_FN
      Defined as:  No definitions.

                   No calls.  It is not called and does not use any procedure.

Name  Messages
----  --------
MPI_TYPE_NULL_DELETE_FN
      Defined as:  No definitions.

                   No calls.  It is not called and does not use any procedure.

Name  Messages
----  --------
MPI_WIN_DUP_FN
      Defined as:  No definitions.

                   No calls.  It is not called and does not use any procedure.

Name  Messages
----  --------
MPI_WIN_NULL_COPY_FN
      Defined as:  No definitions.

                   No calls.  It is not called and does not use any procedure.

Name  Messages
----  --------
MPI_WIN_NULL_DELETE_FN
      Defined as:  No definitions.

                   No calls.  It is not called and does not use any procedure.

Name  Messages
----  --------
MPI_WTICK
      Defined as:  No definitions.

                   No calls.  It is not called and does not use any procedure.

      Interface:   None

Name  Messages
----  --------
MPI_WTIME
      Defined as:  No definitions.

                   No calls.  It is not called and does not use any procedure.

      Interface:   None

Name  Messages
----  --------
PMPI_WTICK
      Defined as:  No definitions.

                   No calls.  It is not called and does not use any procedure.

      Interface:   None

Name  Messages
----  --------
PMPI_WTIME
      Defined as:  No definitions.

                   No calls.  It is not called and does not use any procedure.

      Interface:   None


%%%%%%%%%%%%%%%%%%%%%%%%%%%%%%%%%%%%%%%%%%%%%%%%%%%%%%%%%%%%%%%%%%%%%%%%%%%%%%%%
%%%%%%%%%%%%%%%%%%%%%%%%%%%%%%%%%%%%%%%%%%%%%%%%%%%%%%%%%%%%%%%%%%%%%%%%%%%%%%%%
