%%%%%%%%%%%%%%%%%%%%%%%%%%%%%%%%%%%%%%%%%%%%%%%%%%%%%%%%%%%%%%%%%%%%%%%%%%%%%%%%
                          S u m m a r y   R e p o r t
%%%%%%%%%%%%%%%%%%%%%%%%%%%%%%%%%%%%%%%%%%%%%%%%%%%%%%%%%%%%%%%%%%%%%%%%%%%%%%%%

Compilation
-----------
File     : /lus/scratch/p02128/work/MiniGhost/source/MG_SUM_GRID.F
Compiled : 10/31/18  05:23:46
Compiler : Version 8.7.6
Ftnlx    : Version 8503 (libcif 85008)
Target   : x86-64
Command  : ftn_driver.exe -hcpu=broadwell -hstatic -D__CRAYXC
           -D__CRAY_BROADWELL -D__CRAYXT_COMPUTE_LINUX_TARGET -hnetwork=aries
           -D_MG_MPI -D_MG_INT4 -D_MG_REAL8 -ffree -hlist=a -c MG_SUM_GRID.F
           -I/opt/cray/pe/cce/8.7.6/cce/x86_64/include/craylibs -I/usr/include
           -I/usr/include -I/opt/cray/pe/mpt/7.7.3/gni/mpich-cray/8.6/include
           -I/opt/cray/pe/libsci/18.07.1/CRAY/8.6/x86_64/include
           -I/opt/cray/rca/2.2.18-6.0.7.0_33.3__g2aa4f39.ari/include
           -I/opt/cray/pe/pmi/5.0.14/include
           -I/opt/cray/xpmem/2.2.15-6.0.7.0_35.11__g7549d06.ari/include
           -I/opt/cray/dmapp/7.1.1-6.0.7.0_34.3__g5a674e0.ari/include
           -I/opt/cray/gni-headers/5.0.12.0-6.0.7.0_24.1__g3b1768f.ari/include
           -I/opt/cray/ugni/6.0.14.0-6.0.7.0_23.1__gea11d3d.ari/include
           -I/opt/cray/udreg/2.3.2-6.0.7.0_33.18__g5196236.ari/include
           -I/opt/cray/alps/6.6.43-6.0.7.0_26.4__ga796da3.ari/include
           -I/opt/cray/wlm_detect/1.3.3-6.0.7.0_47.2__g7109084.ari/include
           -I/opt/cray/krca/2.2.4-6.0.7.0_32.3__g8505b97.ari/include
           -I/opt/cray-hss-devel/8.0.0/include
Program
  Units  : MG_SUM_GRID_MOD

ftnlx report
------------
Source   : /lus/scratch/p02128/work/MiniGhost/source/MG_SUM_GRID.F
Date     : 10/31/2018  05:23:46


%%%%%%%%%%%%%%%%%%%%%%%%%%%%%%%%%%%%%%%%%%%%%%%%%%%%%%%%%%%%%%%%%%%%%%%%%%%%%%%%
                          O p t i o n s   R e p o r t
%%%%%%%%%%%%%%%%%%%%%%%%%%%%%%%%%%%%%%%%%%%%%%%%%%%%%%%%%%%%%%%%%%%%%%%%%%%%%%%%

Options :  -O cache2,scalar2,thread2,vector2,mpi0,modinline,ipa3,noaggress
           -O autoprefetch,noautothread,fusion2,nomsgs,nonegmsgs,nooverindex
           -O pattern,shortcircuit2,unroll2,nozeroinc
           -h noadd_paren,align_arrays,nobounds,caf,noconcurrent,nocontiguous
           -h nocontiguous_assumed_shape,fma,nofp_trap,nofunc_trace,noomp_analyz
           e
           -h noomp_trace,nopat_trace
           -h safe_addr,thread_do_concurrent,fp2=approx,flex_mp=default         
           -h alias=default:standard_restrict         
           -h static (or -static)
           -h omp,noacc
           -h cpu=x86-64,broadwell
           -h network=aries
           -K trap=none
           -s default32
           -eh
           -d abcdefgijmopqsvwzACEFIPQRST0
           -e nBDZ 
           -f free
           -m3
           -S /lus/scratch/tmp/pe_5356/MG_SUM_GRID_1.s


%%%%%%%%%%%%%%%%%%%%%%%%%%%%%%%%%%%%%%%%%%%%%%%%%%%%%%%%%%%%%%%%%%%%%%%%%%%%%%%%
                          S o u r c e   L i s t i n g
%%%%%%%%%%%%%%%%%%%%%%%%%%%%%%%%%%%%%%%%%%%%%%%%%%%%%%%%%%%%%%%%%%%%%%%%%%%%%%%%


     %%%    L o o p m a r k   L e g e n d    %%%

     Primary Loop Type        Modifiers
     ------- ---- ----        ---------
     A - Pattern matched      a - atomic memory operation
                              b - blocked
     C - Collapsed            c - conditional and/or computed
     D - Deleted               
     E - Cloned                
     F - Flat - No calls      f - fused
     G - Accelerated          g - partitioned
     I - Inlined              i - interchanged
     M - Multithreaded        m - partitioned
                              n - non-blocking remote transfer
                              p - partial
     R - Rerolling            r - unrolled
                              s - shortloop
     V - Vectorized           w - unwound

     + - More messages listed at end of listing
     ------------------------------------------


    1.     ! ************************************************************************
    2.     !
    3.     !               miniGhost: stencil computations with boundary exchange.
    4.     !                 Copyright (2012) Sandia Corporation
    5.     !
    6.     ! Under terms of Contract DE-AC04-94AL85000, there is a non-exclusive
    7.     ! license for use of this work by or on behalf of the U.S. Government.
    8.     !
    9.     ! This library is free software; you can redistribute it and/or modify
   10.     ! it under the terms of the GNU Lesser General Public License as
   11.     ! published by the Free Software Foundation; either version 2.1 of the
   12.     ! License, or (at your option) any later version.
   13.     !
   14.     ! This library is distributed in the hope that it will be useful, but
   15.     ! WITHOUT ANY WARRANTY; without even the implied warranty of
   16.     ! MERCHANTABILITY or FITNESS FOR A PARTICULAR PURPOSE.  See the GNU
   17.     ! Lesser General Public License for more details.
   18.     !
   19.     ! You should have received a copy of the GNU Lesser General Public
   20.     ! License along with this library; if not, write to the Free Software
   21.     ! Foundation, Inc., 59 Temple Place, Suite 330, Boston, MA 02111-1307
   22.     ! USA
   23.     ! Questions? Contact Richard F. Barrett (rfbarre@sandia.gov) or
   24.     !                    Michael A. Heroux (maherou@sandia.gov)
   25.     !
   26.     ! ************************************************************************
   27.     
   28.     MODULE MG_SUM_GRID_MOD
   29.     
   30.        ! Purpose
   31.        ! =======
   32.        ! Coordination of the grid summation on the appropriate variable.
   33.     
   34.        USE MG_UTILS_MOD
   35.        USE MG_ALLREDUCE_MOD
   36.     
   37.        IMPLICIT NONE
   38.     
   39.     CONTAINS
   40.     
   41.        SUBROUTINE MG_SUM_GRID ( IVAR, GSUM, IERR )
   42.     
   43.           ! ---------------------
   44.           ! Argument Declarations
   45.           ! ---------------------
   46.     
   47.           INTEGER, INTENT(IN) :: &
   48.              IVAR           ! Variable to be reduced.
   49.     
   50.           REAL(KIND=MG_REAL), INTENT(OUT) :: & 
   51.              GSUM
   52.     
   53.           INTEGER, INTENT(OUT) :: &
   54.              IERR           ! Return status
   55.     
   56.           ! ------------------
   57.           ! Local Declarations
   58.           ! ------------------
   59.     
   60.           ! ---------------------
   61.           ! Executable Statements
   62.           ! ---------------------
   63.     
   64.           IERR = 0
   65.     
   66.           SELECT CASE( IVAR )
   67.     
   68.              CASE (1)
   69.  +              CALL MG_ALLREDUCE_SUM ( IVAR, GRID1, GSUM, IERR )
   70.              CASE (2)
   71.  +              CALL MG_ALLREDUCE_SUM ( IVAR, GRID2, GSUM, IERR )
   72.              CASE (3)
   73.  +              CALL MG_ALLREDUCE_SUM ( IVAR, GRID3, GSUM, IERR )
   74.              CASE (4)
   75.  +              CALL MG_ALLREDUCE_SUM ( IVAR, GRID4, GSUM, IERR )
   76.              CASE (5)
   77.  +              CALL MG_ALLREDUCE_SUM ( IVAR, GRID5, GSUM, IERR )
   78.              CASE (6)
   79.  +              CALL MG_ALLREDUCE_SUM ( IVAR, GRID6, GSUM, IERR )
   80.              CASE (7)
   81.  +              CALL MG_ALLREDUCE_SUM ( IVAR, GRID7, GSUM, IERR )
   82.              CASE (8)
   83.  +              CALL MG_ALLREDUCE_SUM ( IVAR, GRID8, GSUM, IERR )
   84.              CASE (9)
   85.  +              CALL MG_ALLREDUCE_SUM ( IVAR, GRID9, GSUM, IERR )
   86.              CASE (10)
   87.  +              CALL MG_ALLREDUCE_SUM ( IVAR, GRID10, GSUM, IERR )
   88.              CASE (11)
   89.  +              CALL MG_ALLREDUCE_SUM ( IVAR, GRID11, GSUM, IERR )
   90.              CASE (12)
   91.  +              CALL MG_ALLREDUCE_SUM ( IVAR, GRID12, GSUM, IERR )
   92.              CASE (13)
   93.  +              CALL MG_ALLREDUCE_SUM ( IVAR, GRID13, GSUM, IERR )
   94.              CASE (14)
   95.  +              CALL MG_ALLREDUCE_SUM ( IVAR, GRID14, GSUM, IERR )
   96.              CASE (15)
   97.  +              CALL MG_ALLREDUCE_SUM ( IVAR, GRID15, GSUM, IERR )
   98.              CASE (16)
   99.  +              CALL MG_ALLREDUCE_SUM ( IVAR, GRID16, GSUM, IERR )
  100.              CASE (17)
  101.  +              CALL MG_ALLREDUCE_SUM ( IVAR, GRID17, GSUM, IERR )
  102.              CASE (18)
  103.  +              CALL MG_ALLREDUCE_SUM ( IVAR, GRID18, GSUM, IERR )
  104.              CASE (19)
  105.  +              CALL MG_ALLREDUCE_SUM ( IVAR, GRID19, GSUM, IERR )
  106.              CASE (20)
  107.  +              CALL MG_ALLREDUCE_SUM ( IVAR, GRID20, GSUM, IERR )
  108.              CASE (21)
  109.  +              CALL MG_ALLREDUCE_SUM ( IVAR, GRID21, GSUM, IERR )
  110.              CASE (22)
  111.  +              CALL MG_ALLREDUCE_SUM ( IVAR, GRID22, GSUM, IERR )
  112.              CASE (23)
  113.  +              CALL MG_ALLREDUCE_SUM ( IVAR, GRID23, GSUM, IERR )
  114.              CASE (24)
  115.  +              CALL MG_ALLREDUCE_SUM ( IVAR, GRID24, GSUM, IERR )
  116.              CASE (25)
  117.  +              CALL MG_ALLREDUCE_SUM ( IVAR, GRID25, GSUM, IERR )
  118.              CASE (26)
  119.  +              CALL MG_ALLREDUCE_SUM ( IVAR, GRID26, GSUM, IERR )
  120.              CASE (27)
  121.  +              CALL MG_ALLREDUCE_SUM ( IVAR, GRID27, GSUM, IERR )
  122.              CASE (28)
  123.  +              CALL MG_ALLREDUCE_SUM ( IVAR, GRID28, GSUM, IERR )
  124.              CASE (29)
  125.  +              CALL MG_ALLREDUCE_SUM ( IVAR, GRID29, GSUM, IERR )
  126.              CASE (30)
  127.  +              CALL MG_ALLREDUCE_SUM ( IVAR, GRID30, GSUM, IERR )
  128.              CASE (31)
  129.  +              CALL MG_ALLREDUCE_SUM ( IVAR, GRID31, GSUM, IERR )
  130.              CASE (32)
  131.  +              CALL MG_ALLREDUCE_SUM ( IVAR, GRID32, GSUM, IERR )
  132.              CASE (33)
  133.  +              CALL MG_ALLREDUCE_SUM ( IVAR, GRID33, GSUM, IERR )
  134.              CASE (34)
  135.  +              CALL MG_ALLREDUCE_SUM ( IVAR, GRID34, GSUM, IERR )
  136.              CASE (35)
  137.  +              CALL MG_ALLREDUCE_SUM ( IVAR, GRID35, GSUM, IERR )
  138.              CASE (36)
  139.  +              CALL MG_ALLREDUCE_SUM ( IVAR, GRID36, GSUM, IERR )
  140.              CASE (37)
  141.  +              CALL MG_ALLREDUCE_SUM ( IVAR, GRID37, GSUM, IERR )
  142.              CASE (38)
  143.  +              CALL MG_ALLREDUCE_SUM ( IVAR, GRID38, GSUM, IERR )
  144.              CASE (39)
  145.  +              CALL MG_ALLREDUCE_SUM ( IVAR, GRID39, GSUM, IERR )
  146.              CASE (40)
  147.  +              CALL MG_ALLREDUCE_SUM ( IVAR, GRID40, GSUM, IERR )
  148.           END SELECT
  149.     
  150.           MG_PERF%NUM_SUMGRID = MG_PERF%NUM_SUMGRID + 1
  151.     
  152.        END SUBROUTINE MG_SUM_GRID
  153.     
  154.     END MODULE MG_SUM_GRID_MOD

ftn-3118 ftn: IPA MG_SUM_GRID, File = MG_SUM_GRID.F, Line = 69, Column = 18 
  "mg_allreduce_sum" (called from "mg_sum_grid") was not inlined because the call site will not flatten.  "mpi_wtime_" is missing.

ftn-3118 ftn: IPA MG_SUM_GRID, File = MG_SUM_GRID.F, Line = 71, Column = 18 
  "mg_allreduce_sum" (called from "mg_sum_grid") was not inlined because the call site will not flatten.  "mpi_wtime_" is missing.

ftn-3118 ftn: IPA MG_SUM_GRID, File = MG_SUM_GRID.F, Line = 73, Column = 18 
  "mg_allreduce_sum" (called from "mg_sum_grid") was not inlined because the call site will not flatten.  "mpi_wtime_" is missing.

ftn-3118 ftn: IPA MG_SUM_GRID, File = MG_SUM_GRID.F, Line = 75, Column = 18 
  "mg_allreduce_sum" (called from "mg_sum_grid") was not inlined because the call site will not flatten.  "mpi_wtime_" is missing.

ftn-3118 ftn: IPA MG_SUM_GRID, File = MG_SUM_GRID.F, Line = 77, Column = 18 
  "mg_allreduce_sum" (called from "mg_sum_grid") was not inlined because the call site will not flatten.  "mpi_wtime_" is missing.

ftn-3118 ftn: IPA MG_SUM_GRID, File = MG_SUM_GRID.F, Line = 79, Column = 18 
  "mg_allreduce_sum" (called from "mg_sum_grid") was not inlined because the call site will not flatten.  "mpi_wtime_" is missing.

ftn-3118 ftn: IPA MG_SUM_GRID, File = MG_SUM_GRID.F, Line = 81, Column = 18 
  "mg_allreduce_sum" (called from "mg_sum_grid") was not inlined because the call site will not flatten.  "mpi_wtime_" is missing.

ftn-3118 ftn: IPA MG_SUM_GRID, File = MG_SUM_GRID.F, Line = 83, Column = 18 
  "mg_allreduce_sum" (called from "mg_sum_grid") was not inlined because the call site will not flatten.  "mpi_wtime_" is missing.

ftn-3118 ftn: IPA MG_SUM_GRID, File = MG_SUM_GRID.F, Line = 85, Column = 18 
  "mg_allreduce_sum" (called from "mg_sum_grid") was not inlined because the call site will not flatten.  "mpi_wtime_" is missing.

ftn-3118 ftn: IPA MG_SUM_GRID, File = MG_SUM_GRID.F, Line = 87, Column = 18 
  "mg_allreduce_sum" (called from "mg_sum_grid") was not inlined because the call site will not flatten.  "mpi_wtime_" is missing.

ftn-3118 ftn: IPA MG_SUM_GRID, File = MG_SUM_GRID.F, Line = 89, Column = 18 
  "mg_allreduce_sum" (called from "mg_sum_grid") was not inlined because the call site will not flatten.  "mpi_wtime_" is missing.

ftn-3118 ftn: IPA MG_SUM_GRID, File = MG_SUM_GRID.F, Line = 91, Column = 18 
  "mg_allreduce_sum" (called from "mg_sum_grid") was not inlined because the call site will not flatten.  "mpi_wtime_" is missing.

ftn-3118 ftn: IPA MG_SUM_GRID, File = MG_SUM_GRID.F, Line = 93, Column = 18 
  "mg_allreduce_sum" (called from "mg_sum_grid") was not inlined because the call site will not flatten.  "mpi_wtime_" is missing.

ftn-3118 ftn: IPA MG_SUM_GRID, File = MG_SUM_GRID.F, Line = 95, Column = 18 
  "mg_allreduce_sum" (called from "mg_sum_grid") was not inlined because the call site will not flatten.  "mpi_wtime_" is missing.

ftn-3118 ftn: IPA MG_SUM_GRID, File = MG_SUM_GRID.F, Line = 97, Column = 18 
  "mg_allreduce_sum" (called from "mg_sum_grid") was not inlined because the call site will not flatten.  "mpi_wtime_" is missing.

ftn-3118 ftn: IPA MG_SUM_GRID, File = MG_SUM_GRID.F, Line = 99, Column = 18 
  "mg_allreduce_sum" (called from "mg_sum_grid") was not inlined because the call site will not flatten.  "mpi_wtime_" is missing.

ftn-3118 ftn: IPA MG_SUM_GRID, File = MG_SUM_GRID.F, Line = 101, Column = 18 
  "mg_allreduce_sum" (called from "mg_sum_grid") was not inlined because the call site will not flatten.  "mpi_wtime_" is missing.

ftn-3118 ftn: IPA MG_SUM_GRID, File = MG_SUM_GRID.F, Line = 103, Column = 18 
  "mg_allreduce_sum" (called from "mg_sum_grid") was not inlined because the call site will not flatten.  "mpi_wtime_" is missing.

ftn-3118 ftn: IPA MG_SUM_GRID, File = MG_SUM_GRID.F, Line = 105, Column = 18 
  "mg_allreduce_sum" (called from "mg_sum_grid") was not inlined because the call site will not flatten.  "mpi_wtime_" is missing.

ftn-3118 ftn: IPA MG_SUM_GRID, File = MG_SUM_GRID.F, Line = 107, Column = 18 
  "mg_allreduce_sum" (called from "mg_sum_grid") was not inlined because the call site will not flatten.  "mpi_wtime_" is missing.

ftn-3118 ftn: IPA MG_SUM_GRID, File = MG_SUM_GRID.F, Line = 109, Column = 18 
  "mg_allreduce_sum" (called from "mg_sum_grid") was not inlined because the call site will not flatten.  "mpi_wtime_" is missing.

ftn-3118 ftn: IPA MG_SUM_GRID, File = MG_SUM_GRID.F, Line = 111, Column = 18 
  "mg_allreduce_sum" (called from "mg_sum_grid") was not inlined because the call site will not flatten.  "mpi_wtime_" is missing.

ftn-3118 ftn: IPA MG_SUM_GRID, File = MG_SUM_GRID.F, Line = 113, Column = 18 
  "mg_allreduce_sum" (called from "mg_sum_grid") was not inlined because the call site will not flatten.  "mpi_wtime_" is missing.

ftn-3118 ftn: IPA MG_SUM_GRID, File = MG_SUM_GRID.F, Line = 115, Column = 18 
  "mg_allreduce_sum" (called from "mg_sum_grid") was not inlined because the call site will not flatten.  "mpi_wtime_" is missing.

ftn-3118 ftn: IPA MG_SUM_GRID, File = MG_SUM_GRID.F, Line = 117, Column = 18 
  "mg_allreduce_sum" (called from "mg_sum_grid") was not inlined because the call site will not flatten.  "mpi_wtime_" is missing.

ftn-3118 ftn: IPA MG_SUM_GRID, File = MG_SUM_GRID.F, Line = 119, Column = 18 
  "mg_allreduce_sum" (called from "mg_sum_grid") was not inlined because the call site will not flatten.  "mpi_wtime_" is missing.

ftn-3118 ftn: IPA MG_SUM_GRID, File = MG_SUM_GRID.F, Line = 121, Column = 18 
  "mg_allreduce_sum" (called from "mg_sum_grid") was not inlined because the call site will not flatten.  "mpi_wtime_" is missing.

ftn-3118 ftn: IPA MG_SUM_GRID, File = MG_SUM_GRID.F, Line = 123, Column = 18 
  "mg_allreduce_sum" (called from "mg_sum_grid") was not inlined because the call site will not flatten.  "mpi_wtime_" is missing.

ftn-3118 ftn: IPA MG_SUM_GRID, File = MG_SUM_GRID.F, Line = 125, Column = 18 
  "mg_allreduce_sum" (called from "mg_sum_grid") was not inlined because the call site will not flatten.  "mpi_wtime_" is missing.

ftn-3118 ftn: IPA MG_SUM_GRID, File = MG_SUM_GRID.F, Line = 127, Column = 18 
  "mg_allreduce_sum" (called from "mg_sum_grid") was not inlined because the call site will not flatten.  "mpi_wtime_" is missing.

ftn-3118 ftn: IPA MG_SUM_GRID, File = MG_SUM_GRID.F, Line = 129, Column = 18 
  "mg_allreduce_sum" (called from "mg_sum_grid") was not inlined because the call site will not flatten.  "mpi_wtime_" is missing.

ftn-3118 ftn: IPA MG_SUM_GRID, File = MG_SUM_GRID.F, Line = 131, Column = 18 
  "mg_allreduce_sum" (called from "mg_sum_grid") was not inlined because the call site will not flatten.  "mpi_wtime_" is missing.

ftn-3118 ftn: IPA MG_SUM_GRID, File = MG_SUM_GRID.F, Line = 133, Column = 18 
  "mg_allreduce_sum" (called from "mg_sum_grid") was not inlined because the call site will not flatten.  "mpi_wtime_" is missing.

ftn-3118 ftn: IPA MG_SUM_GRID, File = MG_SUM_GRID.F, Line = 135, Column = 18 
  "mg_allreduce_sum" (called from "mg_sum_grid") was not inlined because the call site will not flatten.  "mpi_wtime_" is missing.

ftn-3118 ftn: IPA MG_SUM_GRID, File = MG_SUM_GRID.F, Line = 137, Column = 18 
  "mg_allreduce_sum" (called from "mg_sum_grid") was not inlined because the call site will not flatten.  "mpi_wtime_" is missing.

ftn-3118 ftn: IPA MG_SUM_GRID, File = MG_SUM_GRID.F, Line = 139, Column = 18 
  "mg_allreduce_sum" (called from "mg_sum_grid") was not inlined because the call site will not flatten.  "mpi_wtime_" is missing.

ftn-3118 ftn: IPA MG_SUM_GRID, File = MG_SUM_GRID.F, Line = 141, Column = 18 
  "mg_allreduce_sum" (called from "mg_sum_grid") was not inlined because the call site will not flatten.  "mpi_wtime_" is missing.

ftn-3118 ftn: IPA MG_SUM_GRID, File = MG_SUM_GRID.F, Line = 143, Column = 18 
  "mg_allreduce_sum" (called from "mg_sum_grid") was not inlined because the call site will not flatten.  "mpi_wtime_" is missing.

ftn-3118 ftn: IPA MG_SUM_GRID, File = MG_SUM_GRID.F, Line = 145, Column = 18 
  "mg_allreduce_sum" (called from "mg_sum_grid") was not inlined because the call site will not flatten.  "mpi_wtime_" is missing.

ftn-3118 ftn: IPA MG_SUM_GRID, File = MG_SUM_GRID.F, Line = 147, Column = 18 
  "mg_allreduce_sum" (called from "mg_sum_grid") was not inlined because the call site will not flatten.  "mpi_wtime_" is missing.



%%%%%%%%%%%%%%%%%%%%%%%%%%%%%%%%%%%%%%%%%%%%%%%%%%%%%%%%%%%%%%%%%%%%%%%%%%%%%%%%
             C r o s s   R e f e r e n c e   for   MG_SUM_GRID_MOD
%%%%%%%%%%%%%%%%%%%%%%%%%%%%%%%%%%%%%%%%%%%%%%%%%%%%%%%%%%%%%%%%%%%%%%%%%%%%%%%%

Name                                      Storage/Owner                   
----                                      -------------                   

GRID1                                     Module MG_CONSTANTS_MOD         
  Real(kind=8), Use assoc, Dimension(:,:,:), Allocatable
  Declared  
  Defined   
  Referenced      69
  Referenced in contained procedure

GRID10                                    Module MG_CONSTANTS_MOD         
  Real(kind=8), Use assoc, Dimension(:,:,:), Allocatable
  Declared  
  Defined   
  Referenced      87
  Referenced in contained procedure

GRID11                                    Module MG_CONSTANTS_MOD         
  Real(kind=8), Use assoc, Dimension(:,:,:), Allocatable
  Declared  
  Defined   
  Referenced      89
  Referenced in contained procedure

GRID12                                    Module MG_CONSTANTS_MOD         
  Real(kind=8), Use assoc, Dimension(:,:,:), Allocatable
  Declared  
  Defined   
  Referenced      91
  Referenced in contained procedure

GRID13                                    Module MG_CONSTANTS_MOD         
  Real(kind=8), Use assoc, Dimension(:,:,:), Allocatable
  Declared  
  Defined   
  Referenced      93
  Referenced in contained procedure

GRID14                                    Module MG_CONSTANTS_MOD         
  Real(kind=8), Use assoc, Dimension(:,:,:), Allocatable
  Declared  
  Defined   
  Referenced      95
  Referenced in contained procedure

GRID15                                    Module MG_CONSTANTS_MOD         
  Real(kind=8), Use assoc, Dimension(:,:,:), Allocatable
  Declared  
  Defined   
  Referenced      97
  Referenced in contained procedure

GRID16                                    Module MG_CONSTANTS_MOD         
  Real(kind=8), Use assoc, Dimension(:,:,:), Allocatable
  Declared  
  Defined   
  Referenced      99
  Referenced in contained procedure

GRID17                                    Module MG_CONSTANTS_MOD         
  Real(kind=8), Use assoc, Dimension(:,:,:), Allocatable
  Declared  
  Defined   
  Referenced     101
  Referenced in contained procedure

GRID18                                    Module MG_CONSTANTS_MOD         
  Real(kind=8), Use assoc, Dimension(:,:,:), Allocatable
  Declared  
  Defined   
  Referenced     103
  Referenced in contained procedure

GRID19                                    Module MG_CONSTANTS_MOD         
  Real(kind=8), Use assoc, Dimension(:,:,:), Allocatable
  Declared  
  Defined   
  Referenced     105
  Referenced in contained procedure

GRID2                                     Module MG_CONSTANTS_MOD         
  Real(kind=8), Use assoc, Dimension(:,:,:), Allocatable
  Declared  
  Defined   
  Referenced      71
  Referenced in contained procedure

GRID20                                    Module MG_CONSTANTS_MOD         
  Real(kind=8), Use assoc, Dimension(:,:,:), Allocatable
  Declared  
  Defined   
  Referenced     107
  Referenced in contained procedure

GRID21                                    Module MG_CONSTANTS_MOD         
  Real(kind=8), Use assoc, Dimension(:,:,:), Allocatable
  Declared  
  Defined   
  Referenced     109
  Referenced in contained procedure

GRID22                                    Module MG_CONSTANTS_MOD         
  Real(kind=8), Use assoc, Dimension(:,:,:), Allocatable
  Declared  
  Defined   
  Referenced     111
  Referenced in contained procedure

GRID23                                    Module MG_CONSTANTS_MOD         
  Real(kind=8), Use assoc, Dimension(:,:,:), Allocatable
  Declared  
  Defined   
  Referenced     113
  Referenced in contained procedure

GRID24                                    Module MG_CONSTANTS_MOD         
  Real(kind=8), Use assoc, Dimension(:,:,:), Allocatable
  Declared  
  Defined   
  Referenced     115
  Referenced in contained procedure

GRID25                                    Module MG_CONSTANTS_MOD         
  Real(kind=8), Use assoc, Dimension(:,:,:), Allocatable
  Declared  
  Defined   
  Referenced     117
  Referenced in contained procedure

GRID26                                    Module MG_CONSTANTS_MOD         
  Real(kind=8), Use assoc, Dimension(:,:,:), Allocatable
  Declared  
  Defined   
  Referenced     119
  Referenced in contained procedure

GRID27                                    Module MG_CONSTANTS_MOD         
  Real(kind=8), Use assoc, Dimension(:,:,:), Allocatable
  Declared  
  Defined   
  Referenced     121
  Referenced in contained procedure

GRID28                                    Module MG_CONSTANTS_MOD         
  Real(kind=8), Use assoc, Dimension(:,:,:), Allocatable
  Declared  
  Defined   
  Referenced     123
  Referenced in contained procedure

GRID29                                    Module MG_CONSTANTS_MOD         
  Real(kind=8), Use assoc, Dimension(:,:,:), Allocatable
  Declared  
  Defined   
  Referenced     125
  Referenced in contained procedure

GRID3                                     Module MG_CONSTANTS_MOD         
  Real(kind=8), Use assoc, Dimension(:,:,:), Allocatable
  Declared  
  Defined   
  Referenced      73
  Referenced in contained procedure

GRID30                                    Module MG_CONSTANTS_MOD         
  Real(kind=8), Use assoc, Dimension(:,:,:), Allocatable
  Declared  
  Defined   
  Referenced     127
  Referenced in contained procedure

GRID31                                    Module MG_CONSTANTS_MOD         
  Real(kind=8), Use assoc, Dimension(:,:,:), Allocatable
  Declared  
  Defined   
  Referenced     129
  Referenced in contained procedure

GRID32                                    Module MG_CONSTANTS_MOD         
  Real(kind=8), Use assoc, Dimension(:,:,:), Allocatable
  Declared  
  Defined   
  Referenced     131
  Referenced in contained procedure

GRID33                                    Module MG_CONSTANTS_MOD         
  Real(kind=8), Use assoc, Dimension(:,:,:), Allocatable
  Declared  
  Defined   
  Referenced     133
  Referenced in contained procedure

GRID34                                    Module MG_CONSTANTS_MOD         
  Real(kind=8), Use assoc, Dimension(:,:,:), Allocatable
  Declared  
  Defined   
  Referenced     135
  Referenced in contained procedure

GRID35                                    Module MG_CONSTANTS_MOD         
  Real(kind=8), Use assoc, Dimension(:,:,:), Allocatable
  Declared  
  Defined   
  Referenced     137
  Referenced in contained procedure

GRID36                                    Module MG_CONSTANTS_MOD         
  Real(kind=8), Use assoc, Dimension(:,:,:), Allocatable
  Declared  
  Defined   
  Referenced     139
  Referenced in contained procedure

GRID37                                    Module MG_CONSTANTS_MOD         
  Real(kind=8), Use assoc, Dimension(:,:,:), Allocatable
  Declared  
  Defined   
  Referenced     141
  Referenced in contained procedure

GRID38                                    Module MG_CONSTANTS_MOD         
  Real(kind=8), Use assoc, Dimension(:,:,:), Allocatable
  Declared  
  Defined   
  Referenced     143
  Referenced in contained procedure

GRID39                                    Module MG_CONSTANTS_MOD         
  Real(kind=8), Use assoc, Dimension(:,:,:), Allocatable
  Declared  
  Defined   
  Referenced     145
  Referenced in contained procedure

GRID4                                     Module MG_CONSTANTS_MOD         
  Real(kind=8), Use assoc, Dimension(:,:,:), Allocatable
  Declared  
  Defined   
  Referenced      75
  Referenced in contained procedure

GRID40                                    Module MG_CONSTANTS_MOD         
  Real(kind=8), Use assoc, Dimension(:,:,:), Allocatable
  Declared  
  Defined   
  Referenced     147
  Referenced in contained procedure

GRID5                                     Module MG_CONSTANTS_MOD         
  Real(kind=8), Use assoc, Dimension(:,:,:), Allocatable
  Declared  
  Defined   
  Referenced      77
  Referenced in contained procedure

GRID6                                     Module MG_CONSTANTS_MOD         
  Real(kind=8), Use assoc, Dimension(:,:,:), Allocatable
  Declared  
  Defined   
  Referenced      79
  Referenced in contained procedure

GRID7                                     Module MG_CONSTANTS_MOD         
  Real(kind=8), Use assoc, Dimension(:,:,:), Allocatable
  Declared  
  Defined   
  Referenced      81
  Referenced in contained procedure

GRID8                                     Module MG_CONSTANTS_MOD         
  Real(kind=8), Use assoc, Dimension(:,:,:), Allocatable
  Declared  
  Defined   
  Referenced      83
  Referenced in contained procedure

GRID9                                     Module MG_CONSTANTS_MOD         
  Real(kind=8), Use assoc, Dimension(:,:,:), Allocatable
  Declared  
  Defined   
  Referenced      85
  Referenced in contained procedure

GSUM                                      MG_SUM_GRID                     
  Dummy Argument, Real(kind=8), Intent(out)
  Declared        41      51
  Defined   
  Referenced      69      71      73      75      77      79      81      83      85      87      89      91      93      95      97
            99     101     103     105     107     109     111     113     115     117     119     121     123     125     127
           129     131     133     135     137     139     141     143     145     147

IERR                                      MG_SUM_GRID                     
  Dummy Argument, Integer, Intent(out)
  Declared        41      54
  Defined         64
  Referenced      69      71      73      75      77      79      81      83      85      87      89      91      93      95      97
            99     101     103     105     107     109     111     113     115     117     119     121     123     125     127
           129     131     133     135     137     139     141     143     145     147

IVAR                                      MG_SUM_GRID                     
  Dummy Argument, Integer, Intent(in)
  Declared        41      48
  Defined   
  Referenced      66      69      71      73      75      77      79      81      83      85      87      89      91      93      95
            97      99     101     103     105     107     109     111     113     115     117     119     121     123     125
           127     129     131     133     135     137     139     141     143     145     147

MG_ALLREDUCE_MOD                                                          
  Module
  Declared  
  Defined   
  Referenced      35

MG_ALLREDUCE_SUM                          Module MG_ALLREDUCE_MOD         
  Subroutine, Module procedure
  Declared  
  Defined   
  Referenced      69      69      71      71      73      73      75      75      77      77      79      79      81      81      83
            83      85      85      87      87      89      89      91      91      93      93      95      95      97      97
            99      99     101     101     103     103     105     105     107     107     109     109     111     111     113
           113     115     115     117     117     119     119     121     121     123     123     125     125     127     127
           129     129     131     131     133     133     135     135     137     137     139     139     141     141     143
           143     145     145     147     147

MG_ALLREDUCE_SUM                          Module MG_ALLREDUCE_MOD         
  Subroutine, Module procedure
  Declared  
  Defined   
  Referenced      69      69      71      71      73      73      75      75      77      77      79      79      81      81      83
            83      85      85      87      87      89      89      91      91      93      93      95      95      97      97
            99      99     101     101     103     103     105     105     107     107     109     109     111     111     113
           113     115     115     117     117     119     119     121     121     123     123     125     125     127     127
           129     129     131     131     133     133     135     135     137     137     139     139     141     141     143
           143     145     145     147     147

MG_CONSTANTS_MOD                                                          
  Module, Used indirectly (from module MG_UTILS_MOD)
  Declared  
  Defined   
  Referenced

MG_CONSTANTS_MOD                                                          
  Module, Used indirectly (from module MG_ALLREDUCE_MOD)
  Declared  
  Defined   
  Referenced

MG_ENV_MOD                                                                
  Module, Used indirectly (from module MG_ALLREDUCE_MOD)
  Declared  
  Defined   
  Referenced

MG_OPTIONS_MOD                                                            
  Module, Used indirectly (from module MG_ALLREDUCE_MOD)
  Declared  
  Defined   
  Referenced

MG_OPTIONS_MOD                                                            
  Module, Used indirectly (from module MG_UTILS_MOD)
  Declared  
  Defined   
  Referenced

MG_PERF                                   Module MG_PROFILING_MOD         
  TYPE(PERF_CHECK), Use assoc
  Declared  
  Defined        150
  Referenced
  Referenced in contained procedure

MG_PROFILING_MOD                                                          
  Module, Used indirectly (from module MG_ALLREDUCE_MOD)
  Declared  
  Defined   
  Referenced

MG_REAL                                   Module MG_CONSTANTS_MOD         
  Parameter, Integer(kind=1), Use assoc
  Declared  
  Defined   
  Referenced      50
  Referenced in contained procedure

MG_SUM_GRID                                                               
  Subroutine, Module procedure
  Declared        41
  Defined   
  Referenced

MG_SUM_GRID_MOD                                                           
  Module
  Declared        28
  Defined   
  Referenced

MG_UTILS_MOD                                                              
  Module, Used indirectly (from module MG_ALLREDUCE_MOD)
  Declared  
  Defined   
  Referenced

MG_UTILS_MOD                                                              
  Module
  Declared  
  Defined   
  Referenced      34

MPIFCMB5                                  Module MG_CONSTANTS_MOD         
  Common block 
  Declared  
  Defined   
  Referenced

MPIFCMB9                                  Module MG_CONSTANTS_MOD         
  Common block 
  Declared  
  Defined   
  Referenced

MPIPRIV1                                  Module MG_CONSTANTS_MOD         
  Common block 
  Declared  
  Defined   
  Referenced

MPIPRIV2                                  Module MG_CONSTANTS_MOD         
  Common block 
  Declared  
  Defined   
  Referenced

MPIPRIVC                                  Module MG_CONSTANTS_MOD         
  Common block 
  Declared  
  Defined   
  Referenced

NUM_SUMGRID                               Structure offset=1216           
  Integer(kind=8), Component of PERF_CHECK
  Declared  
  Defined   
  Referenced     150


%%%%%%%%%%%%%%%%%%%%%%%%%%%%%%%%%%%%%%%%%%%%%%%%%%%%%%%%%%%%%%%%%%%%%%%%%%%%%%%%
                     C o m m o n   B l o c k   R e p o r t
%%%%%%%%%%%%%%%%%%%%%%%%%%%%%%%%%%%%%%%%%%%%%%%%%%%%%%%%%%%%%%%%%%%%%%%%%%%%%%%%

Blk  Program Unit                     Messages
---  ------------                     --------
/MPIFCMB5/                            Length: 4 bytes

     MG_SUM_GRID_MOD                  Block is used from MG_CONSTANTS_MOD

Blk  Program Unit                     Messages
---  ------------                     --------
/MPIFCMB9/                            Length: 4 bytes

     MG_SUM_GRID_MOD                  Block is used from MG_CONSTANTS_MOD

Blk  Program Unit                     Messages
---  ------------                     --------
/MPIPRIV1/                            Length: 28 bytes

     MG_SUM_GRID_MOD                  Block is used from MG_CONSTANTS_MOD

Blk  Program Unit                     Messages
---  ------------                     --------
/MPIPRIV2/                            Length: 24 bytes

     MG_SUM_GRID_MOD                  Block is used from MG_CONSTANTS_MOD

Blk  Program Unit                     Messages
---  ------------                     --------
/MPIPRIVC/                            Length: 2 bytes

     MG_SUM_GRID_MOD                  Block is used from MG_CONSTANTS_MOD


%%%%%%%%%%%%%%%%%%%%%%%%%%%%%%%%%%%%%%%%%%%%%%%%%%%%%%%%%%%%%%%%%%%%%%%%%%%%%%%%
                         E x t e r n a l   R e p o r t
%%%%%%%%%%%%%%%%%%%%%%%%%%%%%%%%%%%%%%%%%%%%%%%%%%%%%%%%%%%%%%%%%%%%%%%%%%%%%%%%

Name  Messages
----  --------
ENV in MG_ENV_MOD
      Defined as:  No definitions.

                   No calls.  It is not called and does not use any procedure.

      Interface:   None

Name  Messages
----  --------
MG_ALLREDUCE_MOD
      Defined as:  No definitions.

      Used By:     MG_SUM_GRID_MOD

Name  Messages
----  --------
MG_ALLREDUCE_SUM in MG_ALLREDUCE_MOD
      Defined as:  No definitions.

      Interface:   None

      Called By:   MG_SUM_GRID in MG_SUM_GRID_MOD (Line 69, file MG_SUM_GRID.F)
                   MG_SUM_GRID in MG_SUM_GRID_MOD (Line 71, file MG_SUM_GRID.F)
                   MG_SUM_GRID in MG_SUM_GRID_MOD (Line 73, file MG_SUM_GRID.F)
                   MG_SUM_GRID in MG_SUM_GRID_MOD (Line 75, file MG_SUM_GRID.F)
                   MG_SUM_GRID in MG_SUM_GRID_MOD (Line 77, file MG_SUM_GRID.F)
                   MG_SUM_GRID in MG_SUM_GRID_MOD (Line 79, file MG_SUM_GRID.F)
                   MG_SUM_GRID in MG_SUM_GRID_MOD (Line 81, file MG_SUM_GRID.F)
                   MG_SUM_GRID in MG_SUM_GRID_MOD (Line 83, file MG_SUM_GRID.F)
                   MG_SUM_GRID in MG_SUM_GRID_MOD (Line 85, file MG_SUM_GRID.F)
                   MG_SUM_GRID in MG_SUM_GRID_MOD (Line 87, file MG_SUM_GRID.F)
                   MG_SUM_GRID in MG_SUM_GRID_MOD (Line 89, file MG_SUM_GRID.F)
                   MG_SUM_GRID in MG_SUM_GRID_MOD (Line 91, file MG_SUM_GRID.F)
                   MG_SUM_GRID in MG_SUM_GRID_MOD (Line 93, file MG_SUM_GRID.F)
                   MG_SUM_GRID in MG_SUM_GRID_MOD (Line 95, file MG_SUM_GRID.F)
                   MG_SUM_GRID in MG_SUM_GRID_MOD (Line 97, file MG_SUM_GRID.F)
                   MG_SUM_GRID in MG_SUM_GRID_MOD (Line 99, file MG_SUM_GRID.F)
                   MG_SUM_GRID in MG_SUM_GRID_MOD (Line 101, file MG_SUM_GRID.F)
                   MG_SUM_GRID in MG_SUM_GRID_MOD (Line 103, file MG_SUM_GRID.F)
                   MG_SUM_GRID in MG_SUM_GRID_MOD (Line 105, file MG_SUM_GRID.F)
                   MG_SUM_GRID in MG_SUM_GRID_MOD (Line 107, file MG_SUM_GRID.F)
                   MG_SUM_GRID in MG_SUM_GRID_MOD (Line 109, file MG_SUM_GRID.F)
                   MG_SUM_GRID in MG_SUM_GRID_MOD (Line 111, file MG_SUM_GRID.F)
                   MG_SUM_GRID in MG_SUM_GRID_MOD (Line 113, file MG_SUM_GRID.F)
                   MG_SUM_GRID in MG_SUM_GRID_MOD (Line 115, file MG_SUM_GRID.F)
                   MG_SUM_GRID in MG_SUM_GRID_MOD (Line 117, file MG_SUM_GRID.F)
                   MG_SUM_GRID in MG_SUM_GRID_MOD (Line 119, file MG_SUM_GRID.F)
                   MG_SUM_GRID in MG_SUM_GRID_MOD (Line 121, file MG_SUM_GRID.F)
                   MG_SUM_GRID in MG_SUM_GRID_MOD (Line 123, file MG_SUM_GRID.F)
                   MG_SUM_GRID in MG_SUM_GRID_MOD (Line 125, file MG_SUM_GRID.F)
                   MG_SUM_GRID in MG_SUM_GRID_MOD (Line 127, file MG_SUM_GRID.F)
                   MG_SUM_GRID in MG_SUM_GRID_MOD (Line 129, file MG_SUM_GRID.F)
                   MG_SUM_GRID in MG_SUM_GRID_MOD (Line 131, file MG_SUM_GRID.F)
                   MG_SUM_GRID in MG_SUM_GRID_MOD (Line 133, file MG_SUM_GRID.F)
                   MG_SUM_GRID in MG_SUM_GRID_MOD (Line 135, file MG_SUM_GRID.F)
                   MG_SUM_GRID in MG_SUM_GRID_MOD (Line 137, file MG_SUM_GRID.F)
                   MG_SUM_GRID in MG_SUM_GRID_MOD (Line 139, file MG_SUM_GRID.F)
                   MG_SUM_GRID in MG_SUM_GRID_MOD (Line 141, file MG_SUM_GRID.F)
                   MG_SUM_GRID in MG_SUM_GRID_MOD (Line 143, file MG_SUM_GRID.F)
                   MG_SUM_GRID in MG_SUM_GRID_MOD (Line 145, file MG_SUM_GRID.F)
                   MG_SUM_GRID in MG_SUM_GRID_MOD (Line 147, file MG_SUM_GRID.F)

Name  Messages
----  --------
MG_ASSERT in MG_UTILS_MOD
      Defined as:  No definitions.

                   No calls.  It is not called and does not use any procedure.

      Interface:   None

Name  Messages
----  --------
MG_COMPUTE_STDDEV in MG_UTILS_MOD
      Defined as:  No definitions.

                   No calls.  It is not called and does not use any procedure.

      Interface:   None

Name  Messages
----  --------
MG_CONSTANTS_MOD
      Defined as:  No definitions.

      Used By:     MG_SUM_GRID_MOD  (indirectly)
                   MG_SUM_GRID_MOD  (indirectly)

Name  Messages
----  --------
MG_ENV_MOD
      Defined as:  No definitions.

      Used By:     MG_SUM_GRID_MOD  (indirectly)

Name  Messages
----  --------
MG_GRID_DEALLOC in MG_UTILS_MOD
      Defined as:  No definitions.

                   No calls.  It is not called and does not use any procedure.

      Interface:   None

Name  Messages
----  --------
MG_GRID_INIT in MG_UTILS_MOD
      Defined as:  No definitions.

                   No calls.  It is not called and does not use any procedure.

      Interface:   None

Name  Messages
----  --------
MG_INIT in MG_UTILS_MOD
      Defined as:  No definitions.

                   No calls.  It is not called and does not use any procedure.

      Interface:   None

Name  Messages
----  --------
MG_INIT_GRID in MG_UTILS_MOD
      Defined as:  No definitions.

                   No calls.  It is not called and does not use any procedure.

      Interface:   None

Name  Messages
----  --------
MG_INSERT_SPIKE in MG_UTILS_MOD
      Defined as:  No definitions.

                   No calls.  It is not called and does not use any procedure.

      Interface:   None

Name  Messages
----  --------
MG_OPTIONS_MOD
      Defined as:  No definitions.

      Used By:     MG_SUM_GRID_MOD  (indirectly)
                   MG_SUM_GRID_MOD  (indirectly)

Name  Messages
----  --------
MG_PERF_INIT in MG_PROFILING_MOD
      Defined as:  No definitions.

                   No calls.  It is not called and does not use any procedure.

      Interface:   None

Name  Messages
----  --------
MG_PERF_REPORT in MG_PROFILING_MOD
      Defined as:  No definitions.

                   No calls.  It is not called and does not use any procedure.

      Interface:   None

Name  Messages
----  --------
MG_PRINT_HEADER in MG_UTILS_MOD
      Defined as:  No definitions.

                   No calls.  It is not called and does not use any procedure.

      Interface:   None

Name  Messages
----  --------
MG_PROFILING_MOD
      Defined as:  No definitions.

      Used By:     MG_SUM_GRID_MOD  (indirectly)

Name  Messages
----  --------
MG_SUM_GRID in MG_SUM_GRID_MOD
      Defined as:  Subroutine (line 41, file MG_SUM_GRID.F)

      Interface:   None

      Calls:       MG_ALLREDUCE_SUM in MG_ALLREDUCE_MOD (Line 69, file MG_SUM_GRID.F)
                   MG_ALLREDUCE_SUM in MG_ALLREDUCE_MOD (Line 71, file MG_SUM_GRID.F)
                   MG_ALLREDUCE_SUM in MG_ALLREDUCE_MOD (Line 73, file MG_SUM_GRID.F)
                   MG_ALLREDUCE_SUM in MG_ALLREDUCE_MOD (Line 75, file MG_SUM_GRID.F)
                   MG_ALLREDUCE_SUM in MG_ALLREDUCE_MOD (Line 77, file MG_SUM_GRID.F)
                   MG_ALLREDUCE_SUM in MG_ALLREDUCE_MOD (Line 79, file MG_SUM_GRID.F)
                   MG_ALLREDUCE_SUM in MG_ALLREDUCE_MOD (Line 81, file MG_SUM_GRID.F)
                   MG_ALLREDUCE_SUM in MG_ALLREDUCE_MOD (Line 83, file MG_SUM_GRID.F)
                   MG_ALLREDUCE_SUM in MG_ALLREDUCE_MOD (Line 85, file MG_SUM_GRID.F)
                   MG_ALLREDUCE_SUM in MG_ALLREDUCE_MOD (Line 87, file MG_SUM_GRID.F)
                   MG_ALLREDUCE_SUM in MG_ALLREDUCE_MOD (Line 89, file MG_SUM_GRID.F)
                   MG_ALLREDUCE_SUM in MG_ALLREDUCE_MOD (Line 91, file MG_SUM_GRID.F)
                   MG_ALLREDUCE_SUM in MG_ALLREDUCE_MOD (Line 93, file MG_SUM_GRID.F)
                   MG_ALLREDUCE_SUM in MG_ALLREDUCE_MOD (Line 95, file MG_SUM_GRID.F)
                   MG_ALLREDUCE_SUM in MG_ALLREDUCE_MOD (Line 97, file MG_SUM_GRID.F)
                   MG_ALLREDUCE_SUM in MG_ALLREDUCE_MOD (Line 99, file MG_SUM_GRID.F)
                   MG_ALLREDUCE_SUM in MG_ALLREDUCE_MOD (Line 101, file MG_SUM_GRID.F)
                   MG_ALLREDUCE_SUM in MG_ALLREDUCE_MOD (Line 103, file MG_SUM_GRID.F)
                   MG_ALLREDUCE_SUM in MG_ALLREDUCE_MOD (Line 105, file MG_SUM_GRID.F)
                   MG_ALLREDUCE_SUM in MG_ALLREDUCE_MOD (Line 107, file MG_SUM_GRID.F)
                   MG_ALLREDUCE_SUM in MG_ALLREDUCE_MOD (Line 109, file MG_SUM_GRID.F)
                   MG_ALLREDUCE_SUM in MG_ALLREDUCE_MOD (Line 111, file MG_SUM_GRID.F)
                   MG_ALLREDUCE_SUM in MG_ALLREDUCE_MOD (Line 113, file MG_SUM_GRID.F)
                   MG_ALLREDUCE_SUM in MG_ALLREDUCE_MOD (Line 115, file MG_SUM_GRID.F)
                   MG_ALLREDUCE_SUM in MG_ALLREDUCE_MOD (Line 117, file MG_SUM_GRID.F)
                   MG_ALLREDUCE_SUM in MG_ALLREDUCE_MOD (Line 119, file MG_SUM_GRID.F)
                   MG_ALLREDUCE_SUM in MG_ALLREDUCE_MOD (Line 121, file MG_SUM_GRID.F)
                   MG_ALLREDUCE_SUM in MG_ALLREDUCE_MOD (Line 123, file MG_SUM_GRID.F)
                   MG_ALLREDUCE_SUM in MG_ALLREDUCE_MOD (Line 125, file MG_SUM_GRID.F)
                   MG_ALLREDUCE_SUM in MG_ALLREDUCE_MOD (Line 127, file MG_SUM_GRID.F)
                   MG_ALLREDUCE_SUM in MG_ALLREDUCE_MOD (Line 129, file MG_SUM_GRID.F)
                   MG_ALLREDUCE_SUM in MG_ALLREDUCE_MOD (Line 131, file MG_SUM_GRID.F)
                   MG_ALLREDUCE_SUM in MG_ALLREDUCE_MOD (Line 133, file MG_SUM_GRID.F)
                   MG_ALLREDUCE_SUM in MG_ALLREDUCE_MOD (Line 135, file MG_SUM_GRID.F)
                   MG_ALLREDUCE_SUM in MG_ALLREDUCE_MOD (Line 137, file MG_SUM_GRID.F)
                   MG_ALLREDUCE_SUM in MG_ALLREDUCE_MOD (Line 139, file MG_SUM_GRID.F)
                   MG_ALLREDUCE_SUM in MG_ALLREDUCE_MOD (Line 141, file MG_SUM_GRID.F)
                   MG_ALLREDUCE_SUM in MG_ALLREDUCE_MOD (Line 143, file MG_SUM_GRID.F)
                   MG_ALLREDUCE_SUM in MG_ALLREDUCE_MOD (Line 145, file MG_SUM_GRID.F)
                   MG_ALLREDUCE_SUM in MG_ALLREDUCE_MOD (Line 147, file MG_SUM_GRID.F)

Name  Messages
----  --------
MG_SUM_GRID_MOD
      Defined as:  Module (line 28, file MG_SUM_GRID.F)

        Uses:      MG_UTILS_MOD
                   MG_OPTIONS_MOD  (indirectly)
                   MG_CONSTANTS_MOD  (indirectly)
                   MG_ALLREDUCE_MOD
                   MG_ENV_MOD  (indirectly)
                   MG_OPTIONS_MOD  (indirectly)
                   MG_PROFILING_MOD  (indirectly)
                   MG_UTILS_MOD  (indirectly)
                   MG_CONSTANTS_MOD  (indirectly)

Name  Messages
----  --------
MG_TIMER in MG_UTILS_MOD
      Defined as:  No definitions.

                   No calls.  It is not called and does not use any procedure.

      Interface:   None

Name  Messages
----  --------
MG_UTILS_MOD
      Defined as:  No definitions.

      Used By:     MG_SUM_GRID_MOD
                   MG_SUM_GRID_MOD  (indirectly)

Name  Messages
----  --------
MPI_COMM_DUP_FN
      Defined as:  No definitions.

                   No calls.  It is not called and does not use any procedure.

Name  Messages
----  --------
MPI_COMM_NULL_COPY_FN
      Defined as:  No definitions.

                   No calls.  It is not called and does not use any procedure.

Name  Messages
----  --------
MPI_COMM_NULL_DELETE_FN
      Defined as:  No definitions.

                   No calls.  It is not called and does not use any procedure.

Name  Messages
----  --------
MPI_CONVERSION_FN_NULL
      Defined as:  No definitions.

                   No calls.  It is not called and does not use any procedure.

Name  Messages
----  --------
MPI_DUP_FN
      Defined as:  No definitions.

                   No calls.  It is not called and does not use any procedure.

Name  Messages
----  --------
MPI_NULL_COPY_FN
      Defined as:  No definitions.

                   No calls.  It is not called and does not use any procedure.

Name  Messages
----  --------
MPI_NULL_DELETE_FN
      Defined as:  No definitions.

                   No calls.  It is not called and does not use any procedure.

Name  Messages
----  --------
MPI_TYPE_DUP_FN
      Defined as:  No definitions.

                   No calls.  It is not called and does not use any procedure.

Name  Messages
----  --------
MPI_TYPE_NULL_COPY_FN
      Defined as:  No definitions.

                   No calls.  It is not called and does not use any procedure.

Name  Messages
----  --------
MPI_TYPE_NULL_DELETE_FN
      Defined as:  No definitions.

                   No calls.  It is not called and does not use any procedure.

Name  Messages
----  --------
MPI_WIN_DUP_FN
      Defined as:  No definitions.

                   No calls.  It is not called and does not use any procedure.

Name  Messages
----  --------
MPI_WIN_NULL_COPY_FN
      Defined as:  No definitions.

                   No calls.  It is not called and does not use any procedure.

Name  Messages
----  --------
MPI_WIN_NULL_DELETE_FN
      Defined as:  No definitions.

                   No calls.  It is not called and does not use any procedure.

Name  Messages
----  --------
MPI_WTICK
      Defined as:  No definitions.

                   No calls.  It is not called and does not use any procedure.

      Interface:   None

Name  Messages
----  --------
MPI_WTIME
      Defined as:  No definitions.

                   No calls.  It is not called and does not use any procedure.

      Interface:   None

Name  Messages
----  --------
PMPI_WTICK
      Defined as:  No definitions.

                   No calls.  It is not called and does not use any procedure.

      Interface:   None

Name  Messages
----  --------
PMPI_WTIME
      Defined as:  No definitions.

                   No calls.  It is not called and does not use any procedure.

      Interface:   None


%%%%%%%%%%%%%%%%%%%%%%%%%%%%%%%%%%%%%%%%%%%%%%%%%%%%%%%%%%%%%%%%%%%%%%%%%%%%%%%%
%%%%%%%%%%%%%%%%%%%%%%%%%%%%%%%%%%%%%%%%%%%%%%%%%%%%%%%%%%%%%%%%%%%%%%%%%%%%%%%%
